ERROR - 2022-01-31 08:48:35 --> Duplicate entry '1' for key 'PRIMARY'
CRITICAL - 2022-01-31 08:49:14 --> There is no data to insert.
#0 C:\wamp64\www\biblioteca\system\BaseModel.php(1574): CodeIgniter\Database\Exceptions\DataException::forEmptyDataset('insert')
#1 C:\wamp64\www\biblioteca\system\BaseModel.php(704): CodeIgniter\BaseModel->transformDataToArray(Array, 'insert')
#2 C:\wamp64\www\biblioteca\system\Model.php(625): CodeIgniter\BaseModel->insert(Array, true)
#3 C:\wamp64\www\biblioteca\app\Controllers\Aluno.php(26): CodeIgniter\Model->insert(Array)
#4 C:\wamp64\www\biblioteca\system\CodeIgniter.php(825): App\Controllers\Aluno->salvar_record()
#5 C:\wamp64\www\biblioteca\system\CodeIgniter.php(412): CodeIgniter\CodeIgniter->runController(Object(App\Controllers\Aluno))
#6 C:\wamp64\www\biblioteca\system\CodeIgniter.php(320): CodeIgniter\CodeIgniter->handleRequest(NULL, Object(Config\Cache), false)
#7 C:\wamp64\www\biblioteca\public\index.php(37): CodeIgniter\CodeIgniter->run()
#8 {main}
ERROR - 2022-01-31 08:49:33 --> Duplicate entry '1' for key 'PRIMARY'
ERROR - 2022-01-31 08:51:08 --> Duplicate entry '1' for key 'PRIMARY'
ERROR - 2022-01-31 10:15:09 --> Duplicate entry '1' for key 'PRIMARY'
CRITICAL - 2022-01-31 10:15:50 --> There is no data to insert.
#0 C:\wamp64\www\biblioteca\system\BaseModel.php(1574): CodeIgniter\Database\Exceptions\DataException::forEmptyDataset('insert')
#1 C:\wamp64\www\biblioteca\system\BaseModel.php(704): CodeIgniter\BaseModel->transformDataToArray(Array, 'insert')
#2 C:\wamp64\www\biblioteca\system\Model.php(625): CodeIgniter\BaseModel->insert(Array, true)
#3 C:\wamp64\www\biblioteca\app\Controllers\Aluno.php(26): CodeIgniter\Model->insert(Array)
#4 C:\wamp64\www\biblioteca\system\CodeIgniter.php(825): App\Controllers\Aluno->salvar_record()
#5 C:\wamp64\www\biblioteca\system\CodeIgniter.php(412): CodeIgniter\CodeIgniter->runController(Object(App\Controllers\Aluno))
#6 C:\wamp64\www\biblioteca\system\CodeIgniter.php(320): CodeIgniter\CodeIgniter->handleRequest(NULL, Object(Config\Cache), false)
#7 C:\wamp64\www\biblioteca\public\index.php(37): CodeIgniter\CodeIgniter->run()
#8 {main}
ERROR - 2022-01-31 10:20:32 --> Duplicate entry '1' for key 'PRIMARY'
CRITICAL - 2022-01-31 10:20:32 --> Invalid argument supplied for foreach()
#0 C:\wamp64\www\biblioteca\app\Views\v_lstAluno.php(42): CodeIgniter\Debug\Exceptions->errorHandler(2, 'Invalid argumen...', 'C:\\wamp64\\www\\b...', 42, Array)
#1 C:\wamp64\www\biblioteca\system\View\View.php(210): include('C:\\wamp64\\www\\b...')
#2 C:\wamp64\www\biblioteca\system\View\View.php(213): CodeIgniter\View\View->CodeIgniter\View\{closure}()
#3 C:\wamp64\www\biblioteca\system\Common.php(1089): CodeIgniter\View\View->render('v_lstAluno', Array, true)
#4 C:\wamp64\www\biblioteca\app\Views\template.php(20): view('v_lstAluno')
#5 C:\wamp64\www\biblioteca\system\View\View.php(210): include('C:\\wamp64\\www\\b...')
#6 C:\wamp64\www\biblioteca\system\View\View.php(213): CodeIgniter\View\View->CodeIgniter\View\{closure}()
#7 C:\wamp64\www\biblioteca\system\Common.php(1089): CodeIgniter\View\View->render('template', Array, true)
#8 C:\wamp64\www\biblioteca\app\Controllers\Aluno.php(28): view('template', Array)
#9 C:\wamp64\www\biblioteca\system\CodeIgniter.php(825): App\Controllers\Aluno->salvar_record()
#10 C:\wamp64\www\biblioteca\system\CodeIgniter.php(412): CodeIgniter\CodeIgniter->runController(Object(App\Controllers\Aluno))
#11 C:\wamp64\www\biblioteca\system\CodeIgniter.php(320): CodeIgniter\CodeIgniter->handleRequest(NULL, Object(Config\Cache), false)
#12 C:\wamp64\www\biblioteca\public\index.php(37): CodeIgniter\CodeIgniter->run()
#13 {main}
CRITICAL - 2022-01-31 10:21:23 --> There is no data to insert.
#0 C:\wamp64\www\biblioteca\system\BaseModel.php(1574): CodeIgniter\Database\Exceptions\DataException::forEmptyDataset('insert')
#1 C:\wamp64\www\biblioteca\system\BaseModel.php(704): CodeIgniter\BaseModel->transformDataToArray(Array, 'insert')
#2 C:\wamp64\www\biblioteca\system\Model.php(625): CodeIgniter\BaseModel->insert(Array, true)
#3 C:\wamp64\www\biblioteca\app\Controllers\Aluno.php(26): CodeIgniter\Model->insert(Array)
#4 C:\wamp64\www\biblioteca\system\CodeIgniter.php(825): App\Controllers\Aluno->salvar_record()
#5 C:\wamp64\www\biblioteca\system\CodeIgniter.php(412): CodeIgniter\CodeIgniter->runController(Object(App\Controllers\Aluno))
#6 C:\wamp64\www\biblioteca\system\CodeIgniter.php(320): CodeIgniter\CodeIgniter->handleRequest(NULL, Object(Config\Cache), false)
#7 C:\wamp64\www\biblioteca\public\index.php(37): CodeIgniter\CodeIgniter->run()
#8 {main}
ERROR - 2022-01-31 10:37:11 --> Duplicate entry '1' for key 'PRIMARY'
ERROR - 2022-01-31 10:41:03 --> Duplicate entry '1' for key 'PRIMARY'
CRITICAL - 2022-01-31 10:41:03 -->  route cannot be found while reverse-routing.
#0 C:\wamp64\www\biblioteca\system\HTTP\RedirectResponse.php(56): CodeIgniter\HTTP\Exceptions\HTTPException::forInvalidRedirectRoute('')
#1 C:\wamp64\www\biblioteca\system\Common.php(832): CodeIgniter\HTTP\RedirectResponse->route(false)
#2 C:\wamp64\www\biblioteca\app\Controllers\Aluno.php(27): redirect('aluno')
#3 C:\wamp64\www\biblioteca\system\CodeIgniter.php(825): App\Controllers\Aluno->salvar_record()
#4 C:\wamp64\www\biblioteca\system\CodeIgniter.php(412): CodeIgniter\CodeIgniter->runController(Object(App\Controllers\Aluno))
#5 C:\wamp64\www\biblioteca\system\CodeIgniter.php(320): CodeIgniter\CodeIgniter->handleRequest(NULL, Object(Config\Cache), false)
#6 C:\wamp64\www\biblioteca\public\index.php(37): CodeIgniter\CodeIgniter->run()
#7 {main}
ERROR - 2022-01-31 10:41:52 --> Duplicate entry '1' for key 'PRIMARY'
CRITICAL - 2022-01-31 10:41:52 -->  route cannot be found while reverse-routing.
#0 C:\wamp64\www\biblioteca\system\HTTP\RedirectResponse.php(56): CodeIgniter\HTTP\Exceptions\HTTPException::forInvalidRedirectRoute('')
#1 C:\wamp64\www\biblioteca\system\Common.php(832): CodeIgniter\HTTP\RedirectResponse->route(false)
#2 C:\wamp64\www\biblioteca\app\Controllers\Aluno.php(27): redirect('aluno')
#3 C:\wamp64\www\biblioteca\system\CodeIgniter.php(825): App\Controllers\Aluno->salvar_record()
#4 C:\wamp64\www\biblioteca\system\CodeIgniter.php(412): CodeIgniter\CodeIgniter->runController(Object(App\Controllers\Aluno))
#5 C:\wamp64\www\biblioteca\system\CodeIgniter.php(320): CodeIgniter\CodeIgniter->handleRequest(NULL, Object(Config\Cache), false)
#6 C:\wamp64\www\biblioteca\public\index.php(37): CodeIgniter\CodeIgniter->run()
#7 {main}
CRITICAL - 2022-01-31 10:44:51 -->  route cannot be found while reverse-routing.
#0 C:\wamp64\www\biblioteca\system\HTTP\RedirectResponse.php(56): CodeIgniter\HTTP\Exceptions\HTTPException::forInvalidRedirectRoute('')
#1 C:\wamp64\www\biblioteca\system\Common.php(832): CodeIgniter\HTTP\RedirectResponse->route(false)
#2 C:\wamp64\www\biblioteca\app\Controllers\Aluno.php(27): redirect('aluno')
#3 C:\wamp64\www\biblioteca\system\CodeIgniter.php(825): App\Controllers\Aluno->salvar_record()
#4 C:\wamp64\www\biblioteca\system\CodeIgniter.php(412): CodeIgniter\CodeIgniter->runController(Object(App\Controllers\Aluno))
#5 C:\wamp64\www\biblioteca\system\CodeIgniter.php(320): CodeIgniter\CodeIgniter->handleRequest(NULL, Object(Config\Cache), false)
#6 C:\wamp64\www\biblioteca\public\index.php(37): CodeIgniter\CodeIgniter->run()
#7 {main}
CRITICAL - 2022-01-31 10:48:18 -->  route cannot be found while reverse-routing.
#0 C:\wamp64\www\biblioteca\system\HTTP\RedirectResponse.php(56): CodeIgniter\HTTP\Exceptions\HTTPException::forInvalidRedirectRoute('')
#1 C:\wamp64\www\biblioteca\system\Common.php(832): CodeIgniter\HTTP\RedirectResponse->route(false)
#2 C:\wamp64\www\biblioteca\app\Controllers\Aluno.php(27): redirect('aluno')
#3 C:\wamp64\www\biblioteca\system\CodeIgniter.php(825): App\Controllers\Aluno->salvar_record()
#4 C:\wamp64\www\biblioteca\system\CodeIgniter.php(412): CodeIgniter\CodeIgniter->runController(Object(App\Controllers\Aluno))
#5 C:\wamp64\www\biblioteca\system\CodeIgniter.php(320): CodeIgniter\CodeIgniter->handleRequest(NULL, Object(Config\Cache), false)
#6 C:\wamp64\www\biblioteca\public\index.php(37): CodeIgniter\CodeIgniter->run()
#7 {main}
CRITICAL - 2022-01-31 10:51:08 --> Invalid file: lst_Aluno.php
#0 C:\wamp64\www\biblioteca\system\View\View.php(198): CodeIgniter\Exceptions\FrameworkException::forInvalidFile('lst_Aluno.php')
#1 C:\wamp64\www\biblioteca\system\Common.php(1089): CodeIgniter\View\View->render('lst_Aluno', Array, true)
#2 C:\wamp64\www\biblioteca\app\Controllers\Aluno.php(28): view('lst_Aluno')
#3 C:\wamp64\www\biblioteca\system\CodeIgniter.php(825): App\Controllers\Aluno->salvar_record()
#4 C:\wamp64\www\biblioteca\system\CodeIgniter.php(412): CodeIgniter\CodeIgniter->runController(Object(App\Controllers\Aluno))
#5 C:\wamp64\www\biblioteca\system\CodeIgniter.php(320): CodeIgniter\CodeIgniter->handleRequest(NULL, Object(Config\Cache), false)
#6 C:\wamp64\www\biblioteca\public\index.php(37): CodeIgniter\CodeIgniter->run()
#7 {main}
CRITICAL - 2022-01-31 11:00:32 --> Invalid argument supplied for foreach()
#0 C:\wamp64\www\biblioteca\app\Views\v_lstAluno.php(42): CodeIgniter\Debug\Exceptions->errorHandler(2, 'Invalid argumen...', 'C:\\wamp64\\www\\b...', 42, Array)
#1 C:\wamp64\www\biblioteca\system\View\View.php(210): include('C:\\wamp64\\www\\b...')
#2 C:\wamp64\www\biblioteca\system\View\View.php(213): CodeIgniter\View\View->CodeIgniter\View\{closure}()
#3 C:\wamp64\www\biblioteca\system\Common.php(1089): CodeIgniter\View\View->render('v_lstAluno', Array, true)
#4 C:\wamp64\www\biblioteca\app\Views\template.php(20): view('v_lstAluno')
#5 C:\wamp64\www\biblioteca\system\View\View.php(210): include('C:\\wamp64\\www\\b...')
#6 C:\wamp64\www\biblioteca\system\View\View.php(213): CodeIgniter\View\View->CodeIgniter\View\{closure}()
#7 C:\wamp64\www\biblioteca\system\Common.php(1089): CodeIgniter\View\View->render('template', Array, true)
#8 C:\wamp64\www\biblioteca\app\Controllers\Aluno.php(29): view('template', Array)
#9 C:\wamp64\www\biblioteca\system\CodeIgniter.php(825): App\Controllers\Aluno->salvar_record()
#10 C:\wamp64\www\biblioteca\system\CodeIgniter.php(412): CodeIgniter\CodeIgniter->runController(Object(App\Controllers\Aluno))
#11 C:\wamp64\www\biblioteca\system\CodeIgniter.php(320): CodeIgniter\CodeIgniter->handleRequest(NULL, Object(Config\Cache), false)
#12 C:\wamp64\www\biblioteca\public\index.php(37): CodeIgniter\CodeIgniter->run()
#13 {main}
CRITICAL - 2022-01-31 11:01:50 --> There is no data to insert.
#0 C:\wamp64\www\biblioteca\system\BaseModel.php(1574): CodeIgniter\Database\Exceptions\DataException::forEmptyDataset('insert')
#1 C:\wamp64\www\biblioteca\system\BaseModel.php(704): CodeIgniter\BaseModel->transformDataToArray(Array, 'insert')
#2 C:\wamp64\www\biblioteca\system\Model.php(625): CodeIgniter\BaseModel->insert(Array, true)
#3 C:\wamp64\www\biblioteca\app\Controllers\Aluno.php(26): CodeIgniter\Model->insert(Array)
#4 C:\wamp64\www\biblioteca\system\CodeIgniter.php(825): App\Controllers\Aluno->salvar_record()
#5 C:\wamp64\www\biblioteca\system\CodeIgniter.php(412): CodeIgniter\CodeIgniter->runController(Object(App\Controllers\Aluno))
#6 C:\wamp64\www\biblioteca\system\CodeIgniter.php(320): CodeIgniter\CodeIgniter->handleRequest(NULL, Object(Config\Cache), false)
#7 C:\wamp64\www\biblioteca\public\index.php(37): CodeIgniter\CodeIgniter->run()
#8 {main}
CRITICAL - 2022-01-31 11:01:56 --> syntax error, unexpected 'endforeach' (T_ENDFOREACH), expecting end of file
#0 C:\wamp64\www\biblioteca\system\View\View.php(213): CodeIgniter\View\View->CodeIgniter\View\{closure}()
#1 C:\wamp64\www\biblioteca\system\Common.php(1089): CodeIgniter\View\View->render('v_lstAluno', Array, true)
#2 C:\wamp64\www\biblioteca\app\Views\template.php(20): view('v_lstAluno')
#3 C:\wamp64\www\biblioteca\system\View\View.php(210): include('C:\\wamp64\\www\\b...')
#4 C:\wamp64\www\biblioteca\system\View\View.php(213): CodeIgniter\View\View->CodeIgniter\View\{closure}()
#5 C:\wamp64\www\biblioteca\system\Common.php(1089): CodeIgniter\View\View->render('template', Array, true)
#6 C:\wamp64\www\biblioteca\app\Controllers\Aluno.php(14): view('template', Array)
#7 C:\wamp64\www\biblioteca\system\CodeIgniter.php(825): App\Controllers\Aluno->index()
#8 C:\wamp64\www\biblioteca\system\CodeIgniter.php(412): CodeIgniter\CodeIgniter->runController(Object(App\Controllers\Aluno))
#9 C:\wamp64\www\biblioteca\system\CodeIgniter.php(320): CodeIgniter\CodeIgniter->handleRequest(NULL, Object(Config\Cache), false)
#10 C:\wamp64\www\biblioteca\public\index.php(37): CodeIgniter\CodeIgniter->run()
#11 {main}
CRITICAL - 2022-01-31 11:02:30 --> Invalid argument supplied for foreach()
#0 C:\wamp64\www\biblioteca\app\Views\v_lstAluno.php(42): CodeIgniter\Debug\Exceptions->errorHandler(2, 'Invalid argumen...', 'C:\\wamp64\\www\\b...', 42, Array)
#1 C:\wamp64\www\biblioteca\system\View\View.php(210): include('C:\\wamp64\\www\\b...')
#2 C:\wamp64\www\biblioteca\system\View\View.php(213): CodeIgniter\View\View->CodeIgniter\View\{closure}()
#3 C:\wamp64\www\biblioteca\system\Common.php(1089): CodeIgniter\View\View->render('v_lstAluno', Array, true)
#4 C:\wamp64\www\biblioteca\app\Views\template.php(20): view('v_lstAluno')
#5 C:\wamp64\www\biblioteca\system\View\View.php(210): include('C:\\wamp64\\www\\b...')
#6 C:\wamp64\www\biblioteca\system\View\View.php(213): CodeIgniter\View\View->CodeIgniter\View\{closure}()
#7 C:\wamp64\www\biblioteca\system\Common.php(1089): CodeIgniter\View\View->render('template', Array, true)
#8 C:\wamp64\www\biblioteca\app\Controllers\Aluno.php(29): view('template', Array)
#9 C:\wamp64\www\biblioteca\system\CodeIgniter.php(825): App\Controllers\Aluno->salvar_record()
#10 C:\wamp64\www\biblioteca\system\CodeIgniter.php(412): CodeIgniter\CodeIgniter->runController(Object(App\Controllers\Aluno))
#11 C:\wamp64\www\biblioteca\system\CodeIgniter.php(320): CodeIgniter\CodeIgniter->handleRequest(NULL, Object(Config\Cache), false)
#12 C:\wamp64\www\biblioteca\public\index.php(37): CodeIgniter\CodeIgniter->run()
#13 {main}
CRITICAL - 2022-01-31 11:06:41 --> Invalid argument supplied for foreach()
#0 C:\wamp64\www\biblioteca\app\Views\v_lstAluno.php(42): CodeIgniter\Debug\Exceptions->errorHandler(2, 'Invalid argumen...', 'C:\\wamp64\\www\\b...', 42, Array)
#1 C:\wamp64\www\biblioteca\system\View\View.php(210): include('C:\\wamp64\\www\\b...')
#2 C:\wamp64\www\biblioteca\system\View\View.php(213): CodeIgniter\View\View->CodeIgniter\View\{closure}()
#3 C:\wamp64\www\biblioteca\system\Common.php(1089): CodeIgniter\View\View->render('v_lstAluno', Array, true)
#4 C:\wamp64\www\biblioteca\app\Views\template.php(20): view('v_lstAluno')
#5 C:\wamp64\www\biblioteca\system\View\View.php(210): include('C:\\wamp64\\www\\b...')
#6 C:\wamp64\www\biblioteca\system\View\View.php(213): CodeIgniter\View\View->CodeIgniter\View\{closure}()
#7 C:\wamp64\www\biblioteca\system\Common.php(1089): CodeIgniter\View\View->render('template', Array, true)
#8 C:\wamp64\www\biblioteca\app\Controllers\Aluno.php(29): view('template', Array)
#9 C:\wamp64\www\biblioteca\system\CodeIgniter.php(825): App\Controllers\Aluno->salvar_record()
#10 C:\wamp64\www\biblioteca\system\CodeIgniter.php(412): CodeIgniter\CodeIgniter->runController(Object(App\Controllers\Aluno))
#11 C:\wamp64\www\biblioteca\system\CodeIgniter.php(320): CodeIgniter\CodeIgniter->handleRequest(NULL, Object(Config\Cache), false)
#12 C:\wamp64\www\biblioteca\public\index.php(37): CodeIgniter\CodeIgniter->run()
#13 {main}
CRITICAL - 2022-01-31 11:11:33 --> There is no data to insert.
#0 C:\wamp64\www\biblioteca\system\BaseModel.php(1574): CodeIgniter\Database\Exceptions\DataException::forEmptyDataset('insert')
#1 C:\wamp64\www\biblioteca\system\BaseModel.php(704): CodeIgniter\BaseModel->transformDataToArray(Array, 'insert')
#2 C:\wamp64\www\biblioteca\system\Model.php(625): CodeIgniter\BaseModel->insert(Array, true)
#3 C:\wamp64\www\biblioteca\app\Controllers\Aluno.php(26): CodeIgniter\Model->insert(Array)
#4 C:\wamp64\www\biblioteca\system\CodeIgniter.php(825): App\Controllers\Aluno->salvar_record()
#5 C:\wamp64\www\biblioteca\system\CodeIgniter.php(412): CodeIgniter\CodeIgniter->runController(Object(App\Controllers\Aluno))
#6 C:\wamp64\www\biblioteca\system\CodeIgniter.php(320): CodeIgniter\CodeIgniter->handleRequest(NULL, Object(Config\Cache), false)
#7 C:\wamp64\www\biblioteca\public\index.php(37): CodeIgniter\CodeIgniter->run()
#8 {main}
CRITICAL - 2022-01-31 11:12:57 --> There is no data to insert.
#0 C:\wamp64\www\biblioteca\system\BaseModel.php(1574): CodeIgniter\Database\Exceptions\DataException::forEmptyDataset('insert')
#1 C:\wamp64\www\biblioteca\system\BaseModel.php(704): CodeIgniter\BaseModel->transformDataToArray(Array, 'insert')
#2 C:\wamp64\www\biblioteca\system\Model.php(625): CodeIgniter\BaseModel->insert(Array, true)
#3 C:\wamp64\www\biblioteca\app\Controllers\Aluno.php(26): CodeIgniter\Model->insert(Array)
#4 C:\wamp64\www\biblioteca\system\CodeIgniter.php(825): App\Controllers\Aluno->salvar_record()
#5 C:\wamp64\www\biblioteca\system\CodeIgniter.php(412): CodeIgniter\CodeIgniter->runController(Object(App\Controllers\Aluno))
#6 C:\wamp64\www\biblioteca\system\CodeIgniter.php(320): CodeIgniter\CodeIgniter->handleRequest(NULL, Object(Config\Cache), false)
#7 C:\wamp64\www\biblioteca\public\index.php(37): CodeIgniter\CodeIgniter->run()
#8 {main}
ERROR - 2022-01-31 11:13:19 --> Duplicate entry '3' for key 'PRIMARY'
CRITICAL - 2022-01-31 11:13:19 -->  route cannot be found while reverse-routing.
#0 C:\wamp64\www\biblioteca\system\HTTP\RedirectResponse.php(56): CodeIgniter\HTTP\Exceptions\HTTPException::forInvalidRedirectRoute('')
#1 C:\wamp64\www\biblioteca\system\Common.php(832): CodeIgniter\HTTP\RedirectResponse->route(false)
#2 C:\wamp64\www\biblioteca\app\Controllers\Aluno.php(28): redirect('aluno', 'refresh')
#3 C:\wamp64\www\biblioteca\system\CodeIgniter.php(825): App\Controllers\Aluno->salvar_record()
#4 C:\wamp64\www\biblioteca\system\CodeIgniter.php(412): CodeIgniter\CodeIgniter->runController(Object(App\Controllers\Aluno))
#5 C:\wamp64\www\biblioteca\system\CodeIgniter.php(320): CodeIgniter\CodeIgniter->handleRequest(NULL, Object(Config\Cache), false)
#6 C:\wamp64\www\biblioteca\public\index.php(37): CodeIgniter\CodeIgniter->run()
#7 {main}
ERROR - 2022-01-31 11:13:51 --> Duplicate entry '3' for key 'PRIMARY'
CRITICAL - 2022-01-31 11:20:24 --> Invalid argument supplied for foreach()
#0 C:\wamp64\www\biblioteca\app\Views\v_lstAluno.php(42): CodeIgniter\Debug\Exceptions->errorHandler(2, 'Invalid argumen...', 'C:\\wamp64\\www\\b...', 42, Array)
#1 C:\wamp64\www\biblioteca\system\View\View.php(210): include('C:\\wamp64\\www\\b...')
#2 C:\wamp64\www\biblioteca\system\View\View.php(213): CodeIgniter\View\View->CodeIgniter\View\{closure}()
#3 C:\wamp64\www\biblioteca\system\Common.php(1089): CodeIgniter\View\View->render('v_lstAluno', Array, true)
#4 C:\wamp64\www\biblioteca\app\Views\template.php(20): view('v_lstAluno')
#5 C:\wamp64\www\biblioteca\system\View\View.php(210): include('C:\\wamp64\\www\\b...')
#6 C:\wamp64\www\biblioteca\system\View\View.php(213): CodeIgniter\View\View->CodeIgniter\View\{closure}()
#7 C:\wamp64\www\biblioteca\system\Common.php(1089): CodeIgniter\View\View->render('template', Array, true)
#8 C:\wamp64\www\biblioteca\app\Controllers\Aluno.php(37): view('template', Array)
#9 C:\wamp64\www\biblioteca\system\CodeIgniter.php(825): App\Controllers\Aluno->editar('1')
#10 C:\wamp64\www\biblioteca\system\CodeIgniter.php(412): CodeIgniter\CodeIgniter->runController(Object(App\Controllers\Aluno))
#11 C:\wamp64\www\biblioteca\system\CodeIgniter.php(320): CodeIgniter\CodeIgniter->handleRequest(NULL, Object(Config\Cache), false)
#12 C:\wamp64\www\biblioteca\public\index.php(37): CodeIgniter\CodeIgniter->run()
#13 {main}
CRITICAL - 2022-01-31 11:20:24 --> Invalid argument supplied for foreach()
#0 C:\wamp64\www\biblioteca\app\Views\v_lstAluno.php(42): CodeIgniter\Debug\Exceptions->errorHandler(2, 'Invalid argumen...', 'C:\\wamp64\\www\\b...', 42, Array)
#1 C:\wamp64\www\biblioteca\system\View\View.php(210): include('C:\\wamp64\\www\\b...')
#2 C:\wamp64\www\biblioteca\system\View\View.php(213): CodeIgniter\View\View->CodeIgniter\View\{closure}()
#3 C:\wamp64\www\biblioteca\system\Common.php(1089): CodeIgniter\View\View->render('v_lstAluno', Array, true)
#4 C:\wamp64\www\biblioteca\app\Views\template.php(20): view('v_lstAluno')
#5 C:\wamp64\www\biblioteca\system\View\View.php(210): include('C:\\wamp64\\www\\b...')
#6 C:\wamp64\www\biblioteca\system\View\View.php(213): CodeIgniter\View\View->CodeIgniter\View\{closure}()
#7 C:\wamp64\www\biblioteca\system\Common.php(1089): CodeIgniter\View\View->render('template', Array, true)
#8 C:\wamp64\www\biblioteca\app\Controllers\Aluno.php(37): view('template', Array)
#9 C:\wamp64\www\biblioteca\system\CodeIgniter.php(825): App\Controllers\Aluno->editar('js', 'js.js')
#10 C:\wamp64\www\biblioteca\system\CodeIgniter.php(412): CodeIgniter\CodeIgniter->runController(Object(App\Controllers\Aluno))
#11 C:\wamp64\www\biblioteca\system\CodeIgniter.php(320): CodeIgniter\CodeIgniter->handleRequest(NULL, Object(Config\Cache), false)
#12 C:\wamp64\www\biblioteca\public\index.php(37): CodeIgniter\CodeIgniter->run()
#13 {main}
CRITICAL - 2022-01-31 11:20:24 --> Invalid argument supplied for foreach()
#0 C:\wamp64\www\biblioteca\app\Views\v_lstAluno.php(42): CodeIgniter\Debug\Exceptions->errorHandler(2, 'Invalid argumen...', 'C:\\wamp64\\www\\b...', 42, Array)
#1 C:\wamp64\www\biblioteca\system\View\View.php(210): include('C:\\wamp64\\www\\b...')
#2 C:\wamp64\www\biblioteca\system\View\View.php(213): CodeIgniter\View\View->CodeIgniter\View\{closure}()
#3 C:\wamp64\www\biblioteca\system\Common.php(1089): CodeIgniter\View\View->render('v_lstAluno', Array, true)
#4 C:\wamp64\www\biblioteca\app\Views\template.php(20): view('v_lstAluno')
#5 C:\wamp64\www\biblioteca\system\View\View.php(210): include('C:\\wamp64\\www\\b...')
#6 C:\wamp64\www\biblioteca\system\View\View.php(213): CodeIgniter\View\View->CodeIgniter\View\{closure}()
#7 C:\wamp64\www\biblioteca\system\Common.php(1089): CodeIgniter\View\View->render('template', Array, true)
#8 C:\wamp64\www\biblioteca\app\Controllers\Aluno.php(37): view('template', Array)
#9 C:\wamp64\www\biblioteca\system\CodeIgniter.php(825): App\Controllers\Aluno->editar('js', 'jquery-1.11.2.m...')
#10 C:\wamp64\www\biblioteca\system\CodeIgniter.php(412): CodeIgniter\CodeIgniter->runController(Object(App\Controllers\Aluno))
#11 C:\wamp64\www\biblioteca\system\CodeIgniter.php(320): CodeIgniter\CodeIgniter->handleRequest(NULL, Object(Config\Cache), false)
#12 C:\wamp64\www\biblioteca\public\index.php(37): CodeIgniter\CodeIgniter->run()
#13 {main}
CRITICAL - 2022-01-31 11:20:24 --> Invalid argument supplied for foreach()
#0 C:\wamp64\www\biblioteca\app\Views\v_lstAluno.php(42): CodeIgniter\Debug\Exceptions->errorHandler(2, 'Invalid argumen...', 'C:\\wamp64\\www\\b...', 42, Array)
#1 C:\wamp64\www\biblioteca\system\View\View.php(210): include('C:\\wamp64\\www\\b...')
#2 C:\wamp64\www\biblioteca\system\View\View.php(213): CodeIgniter\View\View->CodeIgniter\View\{closure}()
#3 C:\wamp64\www\biblioteca\system\Common.php(1089): CodeIgniter\View\View->render('v_lstAluno', Array, true)
#4 C:\wamp64\www\biblioteca\app\Views\template.php(20): view('v_lstAluno')
#5 C:\wamp64\www\biblioteca\system\View\View.php(210): include('C:\\wamp64\\www\\b...')
#6 C:\wamp64\www\biblioteca\system\View\View.php(213): CodeIgniter\View\View->CodeIgniter\View\{closure}()
#7 C:\wamp64\www\biblioteca\system\Common.php(1089): CodeIgniter\View\View->render('template', Array, true)
#8 C:\wamp64\www\biblioteca\app\Controllers\Aluno.php(37): view('template', Array)
#9 C:\wamp64\www\biblioteca\system\CodeIgniter.php(825): App\Controllers\Aluno->editar('js', 'js.js')
#10 C:\wamp64\www\biblioteca\system\CodeIgniter.php(412): CodeIgniter\CodeIgniter->runController(Object(App\Controllers\Aluno))
#11 C:\wamp64\www\biblioteca\system\CodeIgniter.php(320): CodeIgniter\CodeIgniter->handleRequest(NULL, Object(Config\Cache), false)
#12 C:\wamp64\www\biblioteca\public\index.php(37): CodeIgniter\CodeIgniter->run()
#13 {main}
ERROR - 2022-01-31 11:43:32 --> Duplicate entry '1' for key 'PRIMARY'
CRITICAL - 2022-01-31 12:14:39 --> There is no data to insert.
#0 C:\wamp64\www\biblioteca\system\BaseModel.php(1574): CodeIgniter\Database\Exceptions\DataException::forEmptyDataset('insert')
#1 C:\wamp64\www\biblioteca\system\BaseModel.php(704): CodeIgniter\BaseModel->transformDataToArray(Array, 'insert')
#2 C:\wamp64\www\biblioteca\system\Model.php(625): CodeIgniter\BaseModel->insert(Array, true)
#3 C:\wamp64\www\biblioteca\app\Controllers\Aluno.php(28): CodeIgniter\Model->insert(Array)
#4 C:\wamp64\www\biblioteca\system\CodeIgniter.php(825): App\Controllers\Aluno->salvar_record()
#5 C:\wamp64\www\biblioteca\system\CodeIgniter.php(412): CodeIgniter\CodeIgniter->runController(Object(App\Controllers\Aluno))
#6 C:\wamp64\www\biblioteca\system\CodeIgniter.php(320): CodeIgniter\CodeIgniter->handleRequest(NULL, Object(Config\Cache), false)
#7 C:\wamp64\www\biblioteca\public\index.php(37): CodeIgniter\CodeIgniter->run()
#8 {main}
CRITICAL - 2022-01-31 12:15:16 --> There is no data to insert.
#0 C:\wamp64\www\biblioteca\system\BaseModel.php(1574): CodeIgniter\Database\Exceptions\DataException::forEmptyDataset('insert')
#1 C:\wamp64\www\biblioteca\system\BaseModel.php(704): CodeIgniter\BaseModel->transformDataToArray(Array, 'insert')
#2 C:\wamp64\www\biblioteca\system\Model.php(625): CodeIgniter\BaseModel->insert(Array, true)
#3 C:\wamp64\www\biblioteca\app\Controllers\Aluno.php(28): CodeIgniter\Model->insert(Array)
#4 C:\wamp64\www\biblioteca\system\CodeIgniter.php(825): App\Controllers\Aluno->salvar_record()
#5 C:\wamp64\www\biblioteca\system\CodeIgniter.php(412): CodeIgniter\CodeIgniter->runController(Object(App\Controllers\Aluno))
#6 C:\wamp64\www\biblioteca\system\CodeIgniter.php(320): CodeIgniter\CodeIgniter->handleRequest(NULL, Object(Config\Cache), false)
#7 C:\wamp64\www\biblioteca\public\index.php(37): CodeIgniter\CodeIgniter->run()
#8 {main}
ERROR - 2022-01-31 12:17:41 --> Duplicate entry '1' for key 'PRIMARY'
CRITICAL - 2022-01-31 12:17:45 --> There is no data to insert.
#0 C:\wamp64\www\biblioteca\system\BaseModel.php(1574): CodeIgniter\Database\Exceptions\DataException::forEmptyDataset('insert')
#1 C:\wamp64\www\biblioteca\system\BaseModel.php(704): CodeIgniter\BaseModel->transformDataToArray(Array, 'insert')
#2 C:\wamp64\www\biblioteca\system\Model.php(625): CodeIgniter\BaseModel->insert(Array, true)
#3 C:\wamp64\www\biblioteca\app\Controllers\Aluno.php(28): CodeIgniter\Model->insert(Array)
#4 C:\wamp64\www\biblioteca\system\CodeIgniter.php(825): App\Controllers\Aluno->salvar_record()
#5 C:\wamp64\www\biblioteca\system\CodeIgniter.php(412): CodeIgniter\CodeIgniter->runController(Object(App\Controllers\Aluno))
#6 C:\wamp64\www\biblioteca\system\CodeIgniter.php(320): CodeIgniter\CodeIgniter->handleRequest(NULL, Object(Config\Cache), false)
#7 C:\wamp64\www\biblioteca\public\index.php(37): CodeIgniter\CodeIgniter->run()
#8 {main}
ERROR - 2022-01-31 12:28:38 --> Duplicate entry '1' for key 'PRIMARY'
ERROR - 2022-01-31 12:46:06 --> Duplicate entry '1' for key 'PRIMARY'
CRITICAL - 2022-01-31 12:52:11 -->  route cannot be found while reverse-routing.
#0 C:\wamp64\www\biblioteca\system\HTTP\RedirectResponse.php(56): CodeIgniter\HTTP\Exceptions\HTTPException::forInvalidRedirectRoute('')
#1 C:\wamp64\www\biblioteca\system\Common.php(832): CodeIgniter\HTTP\RedirectResponse->route(false)
#2 C:\wamp64\www\biblioteca\app\Controllers\Aluno.php(27): redirect('aluno')
#3 C:\wamp64\www\biblioteca\system\CodeIgniter.php(825): App\Controllers\Aluno->salvar_record()
#4 C:\wamp64\www\biblioteca\system\CodeIgniter.php(412): CodeIgniter\CodeIgniter->runController(Object(App\Controllers\Aluno))
#5 C:\wamp64\www\biblioteca\system\CodeIgniter.php(320): CodeIgniter\CodeIgniter->handleRequest(NULL, Object(Config\Cache), false)
#6 C:\wamp64\www\biblioteca\public\index.php(37): CodeIgniter\CodeIgniter->run()
#7 {main}
CRITICAL - 2022-01-31 12:55:26 --> Argument 1 passed to view() must be of the type string, null given, called in C:\wamp64\www\biblioteca\app\Views\template.php on line 20
#0 C:\wamp64\www\biblioteca\app\Views\template.php(20): view(NULL)
#1 C:\wamp64\www\biblioteca\system\View\View.php(210): include('C:\\wamp64\\www\\b...')
#2 C:\wamp64\www\biblioteca\system\View\View.php(213): CodeIgniter\View\View->CodeIgniter\View\{closure}()
#3 C:\wamp64\www\biblioteca\system\Common.php(1089): CodeIgniter\View\View->render('template', Array, true)
#4 C:\wamp64\www\biblioteca\app\Controllers\Aluno.php(37): view('template', Array)
#5 C:\wamp64\www\biblioteca\system\CodeIgniter.php(825): App\Controllers\Aluno->editar('1')
#6 C:\wamp64\www\biblioteca\system\CodeIgniter.php(412): CodeIgniter\CodeIgniter->runController(Object(App\Controllers\Aluno))
#7 C:\wamp64\www\biblioteca\system\CodeIgniter.php(320): CodeIgniter\CodeIgniter->handleRequest(NULL, Object(Config\Cache), false)
#8 C:\wamp64\www\biblioteca\public\index.php(37): CodeIgniter\CodeIgniter->run()
#9 {main}
CRITICAL - 2022-01-31 12:57:17 --> Invalid argument supplied for foreach()
#0 C:\wamp64\www\biblioteca\app\Views\v_lstAluno.php(42): CodeIgniter\Debug\Exceptions->errorHandler(2, 'Invalid argumen...', 'C:\\wamp64\\www\\b...', 42, Array)
#1 C:\wamp64\www\biblioteca\system\View\View.php(210): include('C:\\wamp64\\www\\b...')
#2 C:\wamp64\www\biblioteca\system\View\View.php(213): CodeIgniter\View\View->CodeIgniter\View\{closure}()
#3 C:\wamp64\www\biblioteca\system\Common.php(1089): CodeIgniter\View\View->render('v_lstAluno', Array, true)
#4 C:\wamp64\www\biblioteca\app\Views\template.php(20): view('v_lstAluno')
#5 C:\wamp64\www\biblioteca\system\View\View.php(210): include('C:\\wamp64\\www\\b...')
#6 C:\wamp64\www\biblioteca\system\View\View.php(213): CodeIgniter\View\View->CodeIgniter\View\{closure}()
#7 C:\wamp64\www\biblioteca\system\Common.php(1089): CodeIgniter\View\View->render('template', Array, true)
#8 C:\wamp64\www\biblioteca\app\Controllers\Aluno.php(29): view('template', Array)
#9 C:\wamp64\www\biblioteca\system\CodeIgniter.php(825): App\Controllers\Aluno->salvar_record()
#10 C:\wamp64\www\biblioteca\system\CodeIgniter.php(412): CodeIgniter\CodeIgniter->runController(Object(App\Controllers\Aluno))
#11 C:\wamp64\www\biblioteca\system\CodeIgniter.php(320): CodeIgniter\CodeIgniter->handleRequest(NULL, Object(Config\Cache), false)
#12 C:\wamp64\www\biblioteca\public\index.php(37): CodeIgniter\CodeIgniter->run()
#13 {main}
CRITICAL - 2022-01-31 12:59:10 --> There is no data to insert.
#0 C:\wamp64\www\biblioteca\system\BaseModel.php(1574): CodeIgniter\Database\Exceptions\DataException::forEmptyDataset('insert')
#1 C:\wamp64\www\biblioteca\system\BaseModel.php(704): CodeIgniter\BaseModel->transformDataToArray(Array, 'insert')
#2 C:\wamp64\www\biblioteca\system\Model.php(625): CodeIgniter\BaseModel->insert(Array, true)
#3 C:\wamp64\www\biblioteca\app\Controllers\Aluno.php(26): CodeIgniter\Model->insert(Array)
#4 C:\wamp64\www\biblioteca\system\CodeIgniter.php(825): App\Controllers\Aluno->salvar_record()
#5 C:\wamp64\www\biblioteca\system\CodeIgniter.php(412): CodeIgniter\CodeIgniter->runController(Object(App\Controllers\Aluno))
#6 C:\wamp64\www\biblioteca\system\CodeIgniter.php(320): CodeIgniter\CodeIgniter->handleRequest(NULL, Object(Config\Cache), false)
#7 C:\wamp64\www\biblioteca\public\index.php(37): CodeIgniter\CodeIgniter->run()
#8 {main}
CRITICAL - 2022-01-31 13:11:11 --> There is no data to insert.
#0 C:\wamp64\www\biblioteca\system\BaseModel.php(1574): CodeIgniter\Database\Exceptions\DataException::forEmptyDataset('insert')
#1 C:\wamp64\www\biblioteca\system\BaseModel.php(704): CodeIgniter\BaseModel->transformDataToArray(Array, 'insert')
#2 C:\wamp64\www\biblioteca\system\Model.php(625): CodeIgniter\BaseModel->insert(Array, true)
#3 C:\wamp64\www\biblioteca\app\Controllers\Aluno.php(26): CodeIgniter\Model->insert(Array)
#4 C:\wamp64\www\biblioteca\system\CodeIgniter.php(825): App\Controllers\Aluno->salvar_record()
#5 C:\wamp64\www\biblioteca\system\CodeIgniter.php(412): CodeIgniter\CodeIgniter->runController(Object(App\Controllers\Aluno))
#6 C:\wamp64\www\biblioteca\system\CodeIgniter.php(320): CodeIgniter\CodeIgniter->handleRequest(NULL, Object(Config\Cache), false)
#7 C:\wamp64\www\biblioteca\public\index.php(37): CodeIgniter\CodeIgniter->run()
#8 {main}
ERROR - 2022-01-31 13:13:20 --> Duplicate entry '1' for key 'PRIMARY'
ERROR - 2022-01-31 13:17:10 --> Duplicate entry '1' for key 'PRIMARY'
ERROR - 2022-01-31 13:19:01 --> Duplicate entry '1' for key 'PRIMARY'
CRITICAL - 2022-01-31 13:19:05 --> There is no data to insert.
#0 C:\wamp64\www\biblioteca\system\BaseModel.php(1574): CodeIgniter\Database\Exceptions\DataException::forEmptyDataset('insert')
#1 C:\wamp64\www\biblioteca\system\BaseModel.php(704): CodeIgniter\BaseModel->transformDataToArray(Array, 'insert')
#2 C:\wamp64\www\biblioteca\system\Model.php(625): CodeIgniter\BaseModel->insert(Array, true)
#3 C:\wamp64\www\biblioteca\app\Controllers\Aluno.php(26): CodeIgniter\Model->insert(Array)
#4 C:\wamp64\www\biblioteca\system\CodeIgniter.php(825): App\Controllers\Aluno->salvar()
#5 C:\wamp64\www\biblioteca\system\CodeIgniter.php(412): CodeIgniter\CodeIgniter->runController(Object(App\Controllers\Aluno))
#6 C:\wamp64\www\biblioteca\system\CodeIgniter.php(320): CodeIgniter\CodeIgniter->handleRequest(NULL, Object(Config\Cache), false)
#7 C:\wamp64\www\biblioteca\public\index.php(37): CodeIgniter\CodeIgniter->run()
#8 {main}
ERROR - 2022-01-31 13:20:11 --> Duplicate entry '1' for key 'PRIMARY'
CRITICAL - 2022-01-31 13:20:33 --> There is no data to insert.
#0 C:\wamp64\www\biblioteca\system\BaseModel.php(1574): CodeIgniter\Database\Exceptions\DataException::forEmptyDataset('insert')
#1 C:\wamp64\www\biblioteca\system\BaseModel.php(704): CodeIgniter\BaseModel->transformDataToArray(Array, 'insert')
#2 C:\wamp64\www\biblioteca\system\Model.php(625): CodeIgniter\BaseModel->insert(Array, true)
#3 C:\wamp64\www\biblioteca\app\Controllers\Aluno.php(26): CodeIgniter\Model->insert(Array)
#4 C:\wamp64\www\biblioteca\system\CodeIgniter.php(825): App\Controllers\Aluno->salvar_record()
#5 C:\wamp64\www\biblioteca\system\CodeIgniter.php(412): CodeIgniter\CodeIgniter->runController(Object(App\Controllers\Aluno))
#6 C:\wamp64\www\biblioteca\system\CodeIgniter.php(320): CodeIgniter\CodeIgniter->handleRequest(NULL, Object(Config\Cache), false)
#7 C:\wamp64\www\biblioteca\public\index.php(37): CodeIgniter\CodeIgniter->run()
#8 {main}
ERROR - 2022-01-31 13:20:47 --> Duplicate entry '1' for key 'PRIMARY'
