CRITICAL - 2022-01-26 05:32:40 --> Class 'App\Models\BaseController' not found
#0 C:\wamp64\www\biblioteca\system\Autoloader\Autoloader.php(264): include_once()
#1 C:\wamp64\www\biblioteca\system\Autoloader\Autoloader.php(241): CodeIgniter\Autoloader\Autoloader->includeFile('C:\\wamp64\\www\\b...')
#2 C:\wamp64\www\biblioteca\system\Autoloader\Autoloader.php(219): CodeIgniter\Autoloader\Autoloader->loadInNamespace('App\\Models\\M_Al...')
#3 [internal function]: CodeIgniter\Autoloader\Autoloader->loadClass('App\\Models\\M_Al...')
#4 C:\wamp64\www\biblioteca\app\Controllers\Aluno.php(9): spl_autoload_call('App\\Models\\M_Al...')
#5 C:\wamp64\www\biblioteca\system\CodeIgniter.php(825): App\Controllers\Aluno->index()
#6 C:\wamp64\www\biblioteca\system\CodeIgniter.php(412): CodeIgniter\CodeIgniter->runController(Object(App\Controllers\Aluno))
#7 C:\wamp64\www\biblioteca\system\CodeIgniter.php(320): CodeIgniter\CodeIgniter->handleRequest(NULL, Object(Config\Cache), false)
#8 C:\wamp64\www\biblioteca\public\index.php(37): CodeIgniter\CodeIgniter->run()
#9 {main}
CRITICAL - 2022-01-26 05:34:04 --> Class 'App\Models\BaseController' not found
#0 C:\wamp64\www\biblioteca\system\Autoloader\Autoloader.php(264): include_once()
#1 C:\wamp64\www\biblioteca\system\Autoloader\Autoloader.php(241): CodeIgniter\Autoloader\Autoloader->includeFile('C:\\wamp64\\www\\b...')
#2 C:\wamp64\www\biblioteca\system\Autoloader\Autoloader.php(219): CodeIgniter\Autoloader\Autoloader->loadInNamespace('App\\Models\\M_Al...')
#3 [internal function]: CodeIgniter\Autoloader\Autoloader->loadClass('App\\Models\\M_Al...')
#4 C:\wamp64\www\biblioteca\app\Controllers\Aluno.php(9): spl_autoload_call('App\\Models\\M_Al...')
#5 C:\wamp64\www\biblioteca\system\CodeIgniter.php(825): App\Controllers\Aluno->index()
#6 C:\wamp64\www\biblioteca\system\CodeIgniter.php(412): CodeIgniter\CodeIgniter->runController(Object(App\Controllers\Aluno))
#7 C:\wamp64\www\biblioteca\system\CodeIgniter.php(320): CodeIgniter\CodeIgniter->handleRequest(NULL, Object(Config\Cache), false)
#8 C:\wamp64\www\biblioteca\public\index.php(37): CodeIgniter\CodeIgniter->run()
#9 {main}
CRITICAL - 2022-01-26 05:36:43 --> Class 'App\Models\BaseController' not found
#0 C:\wamp64\www\biblioteca\system\Autoloader\Autoloader.php(264): include_once()
#1 C:\wamp64\www\biblioteca\system\Autoloader\Autoloader.php(241): CodeIgniter\Autoloader\Autoloader->includeFile('C:\\wamp64\\www\\b...')
#2 C:\wamp64\www\biblioteca\system\Autoloader\Autoloader.php(219): CodeIgniter\Autoloader\Autoloader->loadInNamespace('App\\Models\\M_Al...')
#3 [internal function]: CodeIgniter\Autoloader\Autoloader->loadClass('App\\Models\\M_Al...')
#4 C:\wamp64\www\biblioteca\app\Controllers\Aluno.php(9): spl_autoload_call('App\\Models\\M_Al...')
#5 C:\wamp64\www\biblioteca\system\CodeIgniter.php(825): App\Controllers\Aluno->index()
#6 C:\wamp64\www\biblioteca\system\CodeIgniter.php(412): CodeIgniter\CodeIgniter->runController(Object(App\Controllers\Aluno))
#7 C:\wamp64\www\biblioteca\system\CodeIgniter.php(320): CodeIgniter\CodeIgniter->handleRequest(NULL, Object(Config\Cache), false)
#8 C:\wamp64\www\biblioteca\public\index.php(37): CodeIgniter\CodeIgniter->run()
#9 {main}
CRITICAL - 2022-01-26 05:40:18 --> Class 'App\Models\BaseController' not found
#0 C:\wamp64\www\biblioteca\system\Autoloader\Autoloader.php(264): include_once()
#1 C:\wamp64\www\biblioteca\system\Autoloader\Autoloader.php(241): CodeIgniter\Autoloader\Autoloader->includeFile('C:\\wamp64\\www\\b...')
#2 C:\wamp64\www\biblioteca\system\Autoloader\Autoloader.php(219): CodeIgniter\Autoloader\Autoloader->loadInNamespace('App\\Models\\M_Al...')
#3 [internal function]: CodeIgniter\Autoloader\Autoloader->loadClass('App\\Models\\M_Al...')
#4 C:\wamp64\www\biblioteca\app\Controllers\Aluno.php(9): spl_autoload_call('App\\Models\\M_Al...')
#5 C:\wamp64\www\biblioteca\system\CodeIgniter.php(825): App\Controllers\Aluno->index()
#6 C:\wamp64\www\biblioteca\system\CodeIgniter.php(412): CodeIgniter\CodeIgniter->runController(Object(App\Controllers\Aluno))
#7 C:\wamp64\www\biblioteca\system\CodeIgniter.php(320): CodeIgniter\CodeIgniter->handleRequest(NULL, Object(Config\Cache), false)
#8 C:\wamp64\www\biblioteca\public\index.php(37): CodeIgniter\CodeIgniter->run()
#9 {main}
CRITICAL - 2022-01-26 05:42:28 --> Class 'App\Models\BaseController' not found
#0 C:\wamp64\www\biblioteca\system\Autoloader\Autoloader.php(264): include_once()
#1 C:\wamp64\www\biblioteca\system\Autoloader\Autoloader.php(241): CodeIgniter\Autoloader\Autoloader->includeFile('C:\\wamp64\\www\\b...')
#2 C:\wamp64\www\biblioteca\system\Autoloader\Autoloader.php(219): CodeIgniter\Autoloader\Autoloader->loadInNamespace('App\\Models\\M_Al...')
#3 [internal function]: CodeIgniter\Autoloader\Autoloader->loadClass('App\\Models\\M_Al...')
#4 C:\wamp64\www\biblioteca\app\Controllers\Aluno.php(9): spl_autoload_call('App\\Models\\M_Al...')
#5 C:\wamp64\www\biblioteca\system\CodeIgniter.php(825): App\Controllers\Aluno->index()
#6 C:\wamp64\www\biblioteca\system\CodeIgniter.php(412): CodeIgniter\CodeIgniter->runController(Object(App\Controllers\Aluno))
#7 C:\wamp64\www\biblioteca\system\CodeIgniter.php(320): CodeIgniter\CodeIgniter->handleRequest(NULL, Object(Config\Cache), false)
#8 C:\wamp64\www\biblioteca\public\index.php(37): CodeIgniter\CodeIgniter->run()
#9 {main}
CRITICAL - 2022-01-26 05:44:12 --> Class 'App\Models\BaseController' not found
#0 C:\wamp64\www\biblioteca\system\Autoloader\Autoloader.php(264): include_once()
#1 C:\wamp64\www\biblioteca\system\Autoloader\Autoloader.php(241): CodeIgniter\Autoloader\Autoloader->includeFile('C:\\wamp64\\www\\b...')
#2 C:\wamp64\www\biblioteca\system\Autoloader\Autoloader.php(219): CodeIgniter\Autoloader\Autoloader->loadInNamespace('App\\Models\\M_Al...')
#3 [internal function]: CodeIgniter\Autoloader\Autoloader->loadClass('App\\Models\\M_Al...')
#4 C:\wamp64\www\biblioteca\app\Controllers\Aluno.php(9): spl_autoload_call('App\\Models\\M_Al...')
#5 C:\wamp64\www\biblioteca\system\CodeIgniter.php(825): App\Controllers\Aluno->index()
#6 C:\wamp64\www\biblioteca\system\CodeIgniter.php(412): CodeIgniter\CodeIgniter->runController(Object(App\Controllers\Aluno))
#7 C:\wamp64\www\biblioteca\system\CodeIgniter.php(320): CodeIgniter\CodeIgniter->handleRequest(NULL, Object(Config\Cache), false)
#8 C:\wamp64\www\biblioteca\public\index.php(37): CodeIgniter\CodeIgniter->run()
#9 {main}
CRITICAL - 2022-01-26 05:44:23 --> Class 'App\Models\BaseController' not found
#0 C:\wamp64\www\biblioteca\system\Autoloader\Autoloader.php(264): include_once()
#1 C:\wamp64\www\biblioteca\system\Autoloader\Autoloader.php(241): CodeIgniter\Autoloader\Autoloader->includeFile('C:\\wamp64\\www\\b...')
#2 C:\wamp64\www\biblioteca\system\Autoloader\Autoloader.php(219): CodeIgniter\Autoloader\Autoloader->loadInNamespace('App\\Models\\M_Al...')
#3 [internal function]: CodeIgniter\Autoloader\Autoloader->loadClass('App\\Models\\M_Al...')
#4 C:\wamp64\www\biblioteca\app\Controllers\Aluno.php(9): spl_autoload_call('App\\Models\\M_Al...')
#5 C:\wamp64\www\biblioteca\system\CodeIgniter.php(825): App\Controllers\Aluno->index()
#6 C:\wamp64\www\biblioteca\system\CodeIgniter.php(412): CodeIgniter\CodeIgniter->runController(Object(App\Controllers\Aluno))
#7 C:\wamp64\www\biblioteca\system\CodeIgniter.php(320): CodeIgniter\CodeIgniter->handleRequest(NULL, Object(Config\Cache), false)
#8 C:\wamp64\www\biblioteca\public\index.php(37): CodeIgniter\CodeIgniter->run()
#9 {main}
CRITICAL - 2022-01-26 05:46:00 --> Class 'App\Models\BaseController' not found
#0 C:\wamp64\www\biblioteca\system\Autoloader\Autoloader.php(264): include_once()
#1 C:\wamp64\www\biblioteca\system\Autoloader\Autoloader.php(241): CodeIgniter\Autoloader\Autoloader->includeFile('C:\\wamp64\\www\\b...')
#2 C:\wamp64\www\biblioteca\system\Autoloader\Autoloader.php(219): CodeIgniter\Autoloader\Autoloader->loadInNamespace('App\\Models\\M_Al...')
#3 [internal function]: CodeIgniter\Autoloader\Autoloader->loadClass('App\\Models\\M_Al...')
#4 C:\wamp64\www\biblioteca\app\Controllers\Aluno.php(9): spl_autoload_call('App\\Models\\M_Al...')
#5 C:\wamp64\www\biblioteca\system\CodeIgniter.php(825): App\Controllers\Aluno->index()
#6 C:\wamp64\www\biblioteca\system\CodeIgniter.php(412): CodeIgniter\CodeIgniter->runController(Object(App\Controllers\Aluno))
#7 C:\wamp64\www\biblioteca\system\CodeIgniter.php(320): CodeIgniter\CodeIgniter->handleRequest(NULL, Object(Config\Cache), false)
#8 C:\wamp64\www\biblioteca\public\index.php(37): CodeIgniter\CodeIgniter->run()
#9 {main}
CRITICAL - 2022-01-26 05:51:47 --> Class 'App\Models\BaseController' not found
#0 C:\wamp64\www\biblioteca\system\Autoloader\Autoloader.php(264): include_once()
#1 C:\wamp64\www\biblioteca\system\Autoloader\Autoloader.php(241): CodeIgniter\Autoloader\Autoloader->includeFile('C:\\wamp64\\www\\b...')
#2 C:\wamp64\www\biblioteca\system\Autoloader\Autoloader.php(219): CodeIgniter\Autoloader\Autoloader->loadInNamespace('App\\Models\\M_Al...')
#3 [internal function]: CodeIgniter\Autoloader\Autoloader->loadClass('App\\Models\\M_Al...')
#4 C:\wamp64\www\biblioteca\app\Controllers\Aluno.php(9): spl_autoload_call('App\\Models\\M_Al...')
#5 C:\wamp64\www\biblioteca\system\CodeIgniter.php(825): App\Controllers\Aluno->index()
#6 C:\wamp64\www\biblioteca\system\CodeIgniter.php(412): CodeIgniter\CodeIgniter->runController(Object(App\Controllers\Aluno))
#7 C:\wamp64\www\biblioteca\system\CodeIgniter.php(320): CodeIgniter\CodeIgniter->handleRequest(NULL, Object(Config\Cache), false)
#8 C:\wamp64\www\biblioteca\public\index.php(37): CodeIgniter\CodeIgniter->run()
#9 {main}
CRITICAL - 2022-01-26 05:58:56 --> Class 'App\Models\BaseController' not found
#0 C:\wamp64\www\biblioteca\system\Autoloader\Autoloader.php(264): include_once()
#1 C:\wamp64\www\biblioteca\system\Autoloader\Autoloader.php(241): CodeIgniter\Autoloader\Autoloader->includeFile('C:\\wamp64\\www\\b...')
#2 C:\wamp64\www\biblioteca\system\Autoloader\Autoloader.php(219): CodeIgniter\Autoloader\Autoloader->loadInNamespace('App\\Models\\M_Al...')
#3 [internal function]: CodeIgniter\Autoloader\Autoloader->loadClass('App\\Models\\M_Al...')
#4 C:\wamp64\www\biblioteca\app\Controllers\Aluno.php(9): spl_autoload_call('App\\Models\\M_Al...')
#5 C:\wamp64\www\biblioteca\system\CodeIgniter.php(825): App\Controllers\Aluno->index()
#6 C:\wamp64\www\biblioteca\system\CodeIgniter.php(412): CodeIgniter\CodeIgniter->runController(Object(App\Controllers\Aluno))
#7 C:\wamp64\www\biblioteca\system\CodeIgniter.php(320): CodeIgniter\CodeIgniter->handleRequest(NULL, Object(Config\Cache), false)
#8 C:\wamp64\www\biblioteca\public\index.php(37): CodeIgniter\CodeIgniter->run()
#9 {main}
CRITICAL - 2022-01-26 06:02:53 --> Class 'App\Models\BaseController' not found
#0 C:\wamp64\www\biblioteca\system\Autoloader\Autoloader.php(264): include_once()
#1 C:\wamp64\www\biblioteca\system\Autoloader\Autoloader.php(241): CodeIgniter\Autoloader\Autoloader->includeFile('C:\\wamp64\\www\\b...')
#2 C:\wamp64\www\biblioteca\system\Autoloader\Autoloader.php(219): CodeIgniter\Autoloader\Autoloader->loadInNamespace('App\\Models\\M_Al...')
#3 [internal function]: CodeIgniter\Autoloader\Autoloader->loadClass('App\\Models\\M_Al...')
#4 C:\wamp64\www\biblioteca\app\Controllers\Aluno.php(9): spl_autoload_call('App\\Models\\M_Al...')
#5 C:\wamp64\www\biblioteca\system\CodeIgniter.php(825): App\Controllers\Aluno->index()
#6 C:\wamp64\www\biblioteca\system\CodeIgniter.php(412): CodeIgniter\CodeIgniter->runController(Object(App\Controllers\Aluno))
#7 C:\wamp64\www\biblioteca\system\CodeIgniter.php(320): CodeIgniter\CodeIgniter->handleRequest(NULL, Object(Config\Cache), false)
#8 C:\wamp64\www\biblioteca\public\index.php(37): CodeIgniter\CodeIgniter->run()
#9 {main}
CRITICAL - 2022-01-26 06:03:03 --> Class 'App\Models\BaseController' not found
#0 C:\wamp64\www\biblioteca\system\Autoloader\Autoloader.php(264): include_once()
#1 C:\wamp64\www\biblioteca\system\Autoloader\Autoloader.php(241): CodeIgniter\Autoloader\Autoloader->includeFile('C:\\wamp64\\www\\b...')
#2 C:\wamp64\www\biblioteca\system\Autoloader\Autoloader.php(219): CodeIgniter\Autoloader\Autoloader->loadInNamespace('App\\Models\\M_Al...')
#3 [internal function]: CodeIgniter\Autoloader\Autoloader->loadClass('App\\Models\\M_Al...')
#4 C:\wamp64\www\biblioteca\app\Controllers\Aluno.php(9): spl_autoload_call('App\\Models\\M_Al...')
#5 C:\wamp64\www\biblioteca\system\CodeIgniter.php(825): App\Controllers\Aluno->index()
#6 C:\wamp64\www\biblioteca\system\CodeIgniter.php(412): CodeIgniter\CodeIgniter->runController(Object(App\Controllers\Aluno))
#7 C:\wamp64\www\biblioteca\system\CodeIgniter.php(320): CodeIgniter\CodeIgniter->handleRequest(NULL, Object(Config\Cache), false)
#8 C:\wamp64\www\biblioteca\public\index.php(37): CodeIgniter\CodeIgniter->run()
#9 {main}
CRITICAL - 2022-01-26 06:12:57 --> Class 'App\Models\BaseController' not found
#0 C:\wamp64\www\biblioteca\system\Autoloader\Autoloader.php(264): include_once()
#1 C:\wamp64\www\biblioteca\system\Autoloader\Autoloader.php(241): CodeIgniter\Autoloader\Autoloader->includeFile('C:\\wamp64\\www\\b...')
#2 C:\wamp64\www\biblioteca\system\Autoloader\Autoloader.php(219): CodeIgniter\Autoloader\Autoloader->loadInNamespace('App\\Models\\M_Al...')
#3 [internal function]: CodeIgniter\Autoloader\Autoloader->loadClass('App\\Models\\M_Al...')
#4 C:\wamp64\www\biblioteca\app\Controllers\Aluno.php(9): spl_autoload_call('App\\Models\\M_Al...')
#5 C:\wamp64\www\biblioteca\system\CodeIgniter.php(825): App\Controllers\Aluno->index()
#6 C:\wamp64\www\biblioteca\system\CodeIgniter.php(412): CodeIgniter\CodeIgniter->runController(Object(App\Controllers\Aluno))
#7 C:\wamp64\www\biblioteca\system\CodeIgniter.php(320): CodeIgniter\CodeIgniter->handleRequest(NULL, Object(Config\Cache), false)
#8 C:\wamp64\www\biblioteca\public\index.php(37): CodeIgniter\CodeIgniter->run()
#9 {main}
CRITICAL - 2022-01-26 06:13:38 --> Class 'App\Models\BaseController' not found
#0 C:\wamp64\www\biblioteca\system\Autoloader\Autoloader.php(264): include_once()
#1 C:\wamp64\www\biblioteca\system\Autoloader\Autoloader.php(241): CodeIgniter\Autoloader\Autoloader->includeFile('C:\\wamp64\\www\\b...')
#2 C:\wamp64\www\biblioteca\system\Autoloader\Autoloader.php(219): CodeIgniter\Autoloader\Autoloader->loadInNamespace('App\\Models\\M_Al...')
#3 [internal function]: CodeIgniter\Autoloader\Autoloader->loadClass('App\\Models\\M_Al...')
#4 C:\wamp64\www\biblioteca\app\Controllers\Aluno.php(9): spl_autoload_call('App\\Models\\M_Al...')
#5 C:\wamp64\www\biblioteca\system\CodeIgniter.php(825): App\Controllers\Aluno->index()
#6 C:\wamp64\www\biblioteca\system\CodeIgniter.php(412): CodeIgniter\CodeIgniter->runController(Object(App\Controllers\Aluno))
#7 C:\wamp64\www\biblioteca\system\CodeIgniter.php(320): CodeIgniter\CodeIgniter->handleRequest(NULL, Object(Config\Cache), false)
#8 C:\wamp64\www\biblioteca\public\index.php(37): CodeIgniter\CodeIgniter->run()
#9 {main}
CRITICAL - 2022-01-26 06:34:05 --> Class 'App\Models\BaseController' not found
#0 C:\wamp64\www\biblioteca\system\Autoloader\Autoloader.php(264): include_once()
#1 C:\wamp64\www\biblioteca\system\Autoloader\Autoloader.php(241): CodeIgniter\Autoloader\Autoloader->includeFile('C:\\wamp64\\www\\b...')
#2 C:\wamp64\www\biblioteca\system\Autoloader\Autoloader.php(219): CodeIgniter\Autoloader\Autoloader->loadInNamespace('App\\Models\\M_Al...')
#3 [internal function]: CodeIgniter\Autoloader\Autoloader->loadClass('App\\Models\\M_Al...')
#4 C:\wamp64\www\biblioteca\app\Controllers\Aluno.php(9): spl_autoload_call('App\\Models\\M_Al...')
#5 C:\wamp64\www\biblioteca\system\CodeIgniter.php(825): App\Controllers\Aluno->index()
#6 C:\wamp64\www\biblioteca\system\CodeIgniter.php(412): CodeIgniter\CodeIgniter->runController(Object(App\Controllers\Aluno))
#7 C:\wamp64\www\biblioteca\system\CodeIgniter.php(320): CodeIgniter\CodeIgniter->handleRequest(NULL, Object(Config\Cache), false)
#8 C:\wamp64\www\biblioteca\public\index.php(37): CodeIgniter\CodeIgniter->run()
#9 {main}
CRITICAL - 2022-01-26 06:35:25 --> Class 'App\Models\BaseController' not found
#0 C:\wamp64\www\biblioteca\system\Autoloader\Autoloader.php(264): include_once()
#1 C:\wamp64\www\biblioteca\system\Autoloader\Autoloader.php(241): CodeIgniter\Autoloader\Autoloader->includeFile('C:\\wamp64\\www\\b...')
#2 C:\wamp64\www\biblioteca\system\Autoloader\Autoloader.php(219): CodeIgniter\Autoloader\Autoloader->loadInNamespace('App\\Models\\M_Al...')
#3 [internal function]: CodeIgniter\Autoloader\Autoloader->loadClass('App\\Models\\M_Al...')
#4 C:\wamp64\www\biblioteca\app\Controllers\Aluno.php(9): spl_autoload_call('App\\Models\\M_Al...')
#5 C:\wamp64\www\biblioteca\system\CodeIgniter.php(825): App\Controllers\Aluno->index()
#6 C:\wamp64\www\biblioteca\system\CodeIgniter.php(412): CodeIgniter\CodeIgniter->runController(Object(App\Controllers\Aluno))
#7 C:\wamp64\www\biblioteca\system\CodeIgniter.php(320): CodeIgniter\CodeIgniter->handleRequest(NULL, Object(Config\Cache), false)
#8 C:\wamp64\www\biblioteca\public\index.php(37): CodeIgniter\CodeIgniter->run()
#9 {main}
CRITICAL - 2022-01-26 06:44:06 --> Class 'App\Models\BaseController' not found
#0 C:\wamp64\www\biblioteca\system\Autoloader\Autoloader.php(264): include_once()
#1 C:\wamp64\www\biblioteca\system\Autoloader\Autoloader.php(241): CodeIgniter\Autoloader\Autoloader->includeFile('C:\\wamp64\\www\\b...')
#2 C:\wamp64\www\biblioteca\system\Autoloader\Autoloader.php(219): CodeIgniter\Autoloader\Autoloader->loadInNamespace('App\\Models\\M_Al...')
#3 [internal function]: CodeIgniter\Autoloader\Autoloader->loadClass('App\\Models\\M_Al...')
#4 C:\wamp64\www\biblioteca\app\Controllers\Aluno.php(9): spl_autoload_call('App\\Models\\M_Al...')
#5 C:\wamp64\www\biblioteca\system\CodeIgniter.php(825): App\Controllers\Aluno->index()
#6 C:\wamp64\www\biblioteca\system\CodeIgniter.php(412): CodeIgniter\CodeIgniter->runController(Object(App\Controllers\Aluno))
#7 C:\wamp64\www\biblioteca\system\CodeIgniter.php(320): CodeIgniter\CodeIgniter->handleRequest(NULL, Object(Config\Cache), false)
#8 C:\wamp64\www\biblioteca\public\index.php(37): CodeIgniter\CodeIgniter->run()
#9 {main}
CRITICAL - 2022-01-26 06:46:15 --> Class 'App\Models\BaseController' not found
#0 C:\wamp64\www\biblioteca\system\Autoloader\Autoloader.php(264): include_once()
#1 C:\wamp64\www\biblioteca\system\Autoloader\Autoloader.php(241): CodeIgniter\Autoloader\Autoloader->includeFile('C:\\wamp64\\www\\b...')
#2 C:\wamp64\www\biblioteca\system\Autoloader\Autoloader.php(219): CodeIgniter\Autoloader\Autoloader->loadInNamespace('App\\Models\\M_Al...')
#3 [internal function]: CodeIgniter\Autoloader\Autoloader->loadClass('App\\Models\\M_Al...')
#4 C:\wamp64\www\biblioteca\app\Controllers\Aluno.php(11): spl_autoload_call('App\\Models\\M_Al...')
#5 C:\wamp64\www\biblioteca\system\CodeIgniter.php(825): App\Controllers\Aluno->index()
#6 C:\wamp64\www\biblioteca\system\CodeIgniter.php(412): CodeIgniter\CodeIgniter->runController(Object(App\Controllers\Aluno))
#7 C:\wamp64\www\biblioteca\system\CodeIgniter.php(320): CodeIgniter\CodeIgniter->handleRequest(NULL, Object(Config\Cache), false)
#8 C:\wamp64\www\biblioteca\public\index.php(37): CodeIgniter\CodeIgniter->run()
#9 {main}
CRITICAL - 2022-01-26 06:48:24 --> Class 'App\Models\BaseController' not found
#0 C:\wamp64\www\biblioteca\system\Autoloader\Autoloader.php(264): include_once()
#1 C:\wamp64\www\biblioteca\system\Autoloader\Autoloader.php(241): CodeIgniter\Autoloader\Autoloader->includeFile('C:\\wamp64\\www\\b...')
#2 C:\wamp64\www\biblioteca\system\Autoloader\Autoloader.php(219): CodeIgniter\Autoloader\Autoloader->loadInNamespace('App\\Models\\M_Al...')
#3 [internal function]: CodeIgniter\Autoloader\Autoloader->loadClass('App\\Models\\M_Al...')
#4 C:\wamp64\www\biblioteca\app\Controllers\Aluno.php(12): spl_autoload_call('App\\Models\\M_Al...')
#5 C:\wamp64\www\biblioteca\system\CodeIgniter.php(825): App\Controllers\Aluno->index()
#6 C:\wamp64\www\biblioteca\system\CodeIgniter.php(412): CodeIgniter\CodeIgniter->runController(Object(App\Controllers\Aluno))
#7 C:\wamp64\www\biblioteca\system\CodeIgniter.php(320): CodeIgniter\CodeIgniter->handleRequest(NULL, Object(Config\Cache), false)
#8 C:\wamp64\www\biblioteca\public\index.php(37): CodeIgniter\CodeIgniter->run()
#9 {main}
CRITICAL - 2022-01-26 06:49:18 --> Call to a member function listaAluno() on null
#0 C:\wamp64\www\biblioteca\system\CodeIgniter.php(825): App\Controllers\Aluno->index()
#1 C:\wamp64\www\biblioteca\system\CodeIgniter.php(412): CodeIgniter\CodeIgniter->runController(Object(App\Controllers\Aluno))
#2 C:\wamp64\www\biblioteca\system\CodeIgniter.php(320): CodeIgniter\CodeIgniter->handleRequest(NULL, Object(Config\Cache), false)
#3 C:\wamp64\www\biblioteca\public\index.php(37): CodeIgniter\CodeIgniter->run()
#4 {main}
CRITICAL - 2022-01-26 07:05:20 --> Class 'App\Models\BaseController' not found
#0 C:\wamp64\www\biblioteca\system\Autoloader\Autoloader.php(264): include_once()
#1 C:\wamp64\www\biblioteca\system\Autoloader\Autoloader.php(241): CodeIgniter\Autoloader\Autoloader->includeFile('C:\\wamp64\\www\\b...')
#2 C:\wamp64\www\biblioteca\system\Autoloader\Autoloader.php(219): CodeIgniter\Autoloader\Autoloader->loadInNamespace('App\\Models\\M_Al...')
#3 [internal function]: CodeIgniter\Autoloader\Autoloader->loadClass('App\\Models\\M_Al...')
#4 C:\wamp64\www\biblioteca\app\Controllers\Aluno.php(12): spl_autoload_call('App\\Models\\M_Al...')
#5 C:\wamp64\www\biblioteca\system\CodeIgniter.php(825): App\Controllers\Aluno->index()
#6 C:\wamp64\www\biblioteca\system\CodeIgniter.php(412): CodeIgniter\CodeIgniter->runController(Object(App\Controllers\Aluno))
#7 C:\wamp64\www\biblioteca\system\CodeIgniter.php(320): CodeIgniter\CodeIgniter->handleRequest(NULL, Object(Config\Cache), false)
#8 C:\wamp64\www\biblioteca\public\index.php(37): CodeIgniter\CodeIgniter->run()
#9 {main}
CRITICAL - 2022-01-26 07:14:52 --> Class 'App\Models\BaseController' not found
#0 C:\wamp64\www\biblioteca\system\Autoloader\Autoloader.php(264): include_once()
#1 C:\wamp64\www\biblioteca\system\Autoloader\Autoloader.php(241): CodeIgniter\Autoloader\Autoloader->includeFile('C:\\wamp64\\www\\b...')
#2 C:\wamp64\www\biblioteca\system\Autoloader\Autoloader.php(219): CodeIgniter\Autoloader\Autoloader->loadInNamespace('App\\Models\\M_Al...')
#3 [internal function]: CodeIgniter\Autoloader\Autoloader->loadClass('App\\Models\\M_Al...')
#4 C:\wamp64\www\biblioteca\app\Controllers\Aluno.php(28): spl_autoload_call('App\\Models\\M_Al...')
#5 C:\wamp64\www\biblioteca\system\CodeIgniter.php(825): App\Controllers\Aluno->salvar()
#6 C:\wamp64\www\biblioteca\system\CodeIgniter.php(412): CodeIgniter\CodeIgniter->runController(Object(App\Controllers\Aluno))
#7 C:\wamp64\www\biblioteca\system\CodeIgniter.php(320): CodeIgniter\CodeIgniter->handleRequest(NULL, Object(Config\Cache), false)
#8 C:\wamp64\www\biblioteca\public\index.php(37): CodeIgniter\CodeIgniter->run()
#9 {main}
CRITICAL - 2022-01-26 07:15:55 --> Class 'App\Models\BaseController' not found
#0 C:\wamp64\www\biblioteca\system\Autoloader\Autoloader.php(264): include_once()
#1 C:\wamp64\www\biblioteca\system\Autoloader\Autoloader.php(241): CodeIgniter\Autoloader\Autoloader->includeFile('C:\\wamp64\\www\\b...')
#2 C:\wamp64\www\biblioteca\system\Autoloader\Autoloader.php(219): CodeIgniter\Autoloader\Autoloader->loadInNamespace('App\\Models\\M_Al...')
#3 [internal function]: CodeIgniter\Autoloader\Autoloader->loadClass('App\\Models\\M_Al...')
#4 C:\wamp64\www\biblioteca\app\Controllers\Aluno.php(12): spl_autoload_call('App\\Models\\M_Al...')
#5 C:\wamp64\www\biblioteca\system\CodeIgniter.php(825): App\Controllers\Aluno->index()
#6 C:\wamp64\www\biblioteca\system\CodeIgniter.php(412): CodeIgniter\CodeIgniter->runController(Object(App\Controllers\Aluno))
#7 C:\wamp64\www\biblioteca\system\CodeIgniter.php(320): CodeIgniter\CodeIgniter->handleRequest(NULL, Object(Config\Cache), false)
#8 C:\wamp64\www\biblioteca\public\index.php(37): CodeIgniter\CodeIgniter->run()
#9 {main}
CRITICAL - 2022-01-26 07:16:04 --> Class 'App\Models\BaseController' not found
#0 C:\wamp64\www\biblioteca\system\Autoloader\Autoloader.php(264): include_once()
#1 C:\wamp64\www\biblioteca\system\Autoloader\Autoloader.php(241): CodeIgniter\Autoloader\Autoloader->includeFile('C:\\wamp64\\www\\b...')
#2 C:\wamp64\www\biblioteca\system\Autoloader\Autoloader.php(219): CodeIgniter\Autoloader\Autoloader->loadInNamespace('App\\Models\\M_Al...')
#3 [internal function]: CodeIgniter\Autoloader\Autoloader->loadClass('App\\Models\\M_Al...')
#4 C:\wamp64\www\biblioteca\app\Controllers\Aluno.php(12): spl_autoload_call('App\\Models\\M_Al...')
#5 C:\wamp64\www\biblioteca\system\CodeIgniter.php(825): App\Controllers\Aluno->index()
#6 C:\wamp64\www\biblioteca\system\CodeIgniter.php(412): CodeIgniter\CodeIgniter->runController(Object(App\Controllers\Aluno))
#7 C:\wamp64\www\biblioteca\system\CodeIgniter.php(320): CodeIgniter\CodeIgniter->handleRequest(NULL, Object(Config\Cache), false)
#8 C:\wamp64\www\biblioteca\public\index.php(37): CodeIgniter\CodeIgniter->run()
#9 {main}
CRITICAL - 2022-01-26 07:16:38 --> Class 'App\Models\BaseController' not found
#0 C:\wamp64\www\biblioteca\system\Autoloader\Autoloader.php(264): include_once()
#1 C:\wamp64\www\biblioteca\system\Autoloader\Autoloader.php(241): CodeIgniter\Autoloader\Autoloader->includeFile('C:\\wamp64\\www\\b...')
#2 C:\wamp64\www\biblioteca\system\Autoloader\Autoloader.php(219): CodeIgniter\Autoloader\Autoloader->loadInNamespace('App\\Models\\M_Al...')
#3 [internal function]: CodeIgniter\Autoloader\Autoloader->loadClass('App\\Models\\M_Al...')
#4 C:\wamp64\www\biblioteca\app\Controllers\Aluno.php(12): spl_autoload_call('App\\Models\\M_Al...')
#5 C:\wamp64\www\biblioteca\system\CodeIgniter.php(825): App\Controllers\Aluno->index()
#6 C:\wamp64\www\biblioteca\system\CodeIgniter.php(412): CodeIgniter\CodeIgniter->runController(Object(App\Controllers\Aluno))
#7 C:\wamp64\www\biblioteca\system\CodeIgniter.php(320): CodeIgniter\CodeIgniter->handleRequest(NULL, Object(Config\Cache), false)
#8 C:\wamp64\www\biblioteca\public\index.php(37): CodeIgniter\CodeIgniter->run()
#9 {main}
CRITICAL - 2022-01-26 07:18:34 --> Class 'App\Models\BaseController' not found
#0 C:\wamp64\www\biblioteca\system\Autoloader\Autoloader.php(264): include_once()
#1 C:\wamp64\www\biblioteca\system\Autoloader\Autoloader.php(241): CodeIgniter\Autoloader\Autoloader->includeFile('C:\\wamp64\\www\\b...')
#2 C:\wamp64\www\biblioteca\system\Autoloader\Autoloader.php(219): CodeIgniter\Autoloader\Autoloader->loadInNamespace('App\\Models\\M_Al...')
#3 [internal function]: CodeIgniter\Autoloader\Autoloader->loadClass('App\\Models\\M_Al...')
#4 C:\wamp64\www\biblioteca\app\Controllers\Aluno.php(28): spl_autoload_call('App\\Models\\M_Al...')
#5 C:\wamp64\www\biblioteca\system\CodeIgniter.php(825): App\Controllers\Aluno->salvar()
#6 C:\wamp64\www\biblioteca\system\CodeIgniter.php(412): CodeIgniter\CodeIgniter->runController(Object(App\Controllers\Aluno))
#7 C:\wamp64\www\biblioteca\system\CodeIgniter.php(320): CodeIgniter\CodeIgniter->handleRequest(NULL, Object(Config\Cache), false)
#8 C:\wamp64\www\biblioteca\public\index.php(37): CodeIgniter\CodeIgniter->run()
#9 {main}
CRITICAL - 2022-01-26 07:19:29 --> Class 'App\Models\BaseController' not found
#0 C:\wamp64\www\biblioteca\system\Autoloader\Autoloader.php(264): include_once()
#1 C:\wamp64\www\biblioteca\system\Autoloader\Autoloader.php(241): CodeIgniter\Autoloader\Autoloader->includeFile('C:\\wamp64\\www\\b...')
#2 C:\wamp64\www\biblioteca\system\Autoloader\Autoloader.php(219): CodeIgniter\Autoloader\Autoloader->loadInNamespace('App\\Models\\M_Al...')
#3 [internal function]: CodeIgniter\Autoloader\Autoloader->loadClass('App\\Models\\M_Al...')
#4 C:\wamp64\www\biblioteca\app\Controllers\Aluno.php(12): spl_autoload_call('App\\Models\\M_Al...')
#5 C:\wamp64\www\biblioteca\system\CodeIgniter.php(825): App\Controllers\Aluno->index()
#6 C:\wamp64\www\biblioteca\system\CodeIgniter.php(412): CodeIgniter\CodeIgniter->runController(Object(App\Controllers\Aluno))
#7 C:\wamp64\www\biblioteca\system\CodeIgniter.php(320): CodeIgniter\CodeIgniter->handleRequest(NULL, Object(Config\Cache), false)
#8 C:\wamp64\www\biblioteca\public\index.php(37): CodeIgniter\CodeIgniter->run()
#9 {main}
CRITICAL - 2022-01-26 07:20:03 --> Class 'App\Models\BaseController' not found
#0 C:\wamp64\www\biblioteca\system\Autoloader\Autoloader.php(264): include_once()
#1 C:\wamp64\www\biblioteca\system\Autoloader\Autoloader.php(241): CodeIgniter\Autoloader\Autoloader->includeFile('C:\\wamp64\\www\\b...')
#2 C:\wamp64\www\biblioteca\system\Autoloader\Autoloader.php(219): CodeIgniter\Autoloader\Autoloader->loadInNamespace('App\\Models\\M_Al...')
#3 [internal function]: CodeIgniter\Autoloader\Autoloader->loadClass('App\\Models\\M_Al...')
#4 C:\wamp64\www\biblioteca\app\Controllers\Aluno.php(12): spl_autoload_call('App\\Models\\M_Al...')
#5 C:\wamp64\www\biblioteca\system\CodeIgniter.php(825): App\Controllers\Aluno->index()
#6 C:\wamp64\www\biblioteca\system\CodeIgniter.php(412): CodeIgniter\CodeIgniter->runController(Object(App\Controllers\Aluno))
#7 C:\wamp64\www\biblioteca\system\CodeIgniter.php(320): CodeIgniter\CodeIgniter->handleRequest(NULL, Object(Config\Cache), false)
#8 C:\wamp64\www\biblioteca\public\index.php(37): CodeIgniter\CodeIgniter->run()
#9 {main}
CRITICAL - 2022-01-26 11:27:58 --> Class 'App\Models\BaseController' not found
#0 C:\wamp64\www\biblioteca\system\Autoloader\Autoloader.php(264): include_once()
#1 C:\wamp64\www\biblioteca\system\Autoloader\Autoloader.php(241): CodeIgniter\Autoloader\Autoloader->includeFile('C:\\wamp64\\www\\b...')
#2 C:\wamp64\www\biblioteca\system\Autoloader\Autoloader.php(219): CodeIgniter\Autoloader\Autoloader->loadInNamespace('App\\Models\\M_Al...')
#3 [internal function]: CodeIgniter\Autoloader\Autoloader->loadClass('App\\Models\\M_Al...')
#4 C:\wamp64\www\biblioteca\app\Controllers\Aluno.php(12): spl_autoload_call('App\\Models\\M_Al...')
#5 C:\wamp64\www\biblioteca\system\CodeIgniter.php(825): App\Controllers\Aluno->index()
#6 C:\wamp64\www\biblioteca\system\CodeIgniter.php(412): CodeIgniter\CodeIgniter->runController(Object(App\Controllers\Aluno))
#7 C:\wamp64\www\biblioteca\system\CodeIgniter.php(320): CodeIgniter\CodeIgniter->handleRequest(NULL, Object(Config\Cache), false)
#8 C:\wamp64\www\biblioteca\public\index.php(37): CodeIgniter\CodeIgniter->run()
#9 {main}
CRITICAL - 2022-01-26 11:31:08 --> Class 'App\Models\BaseController' not found
#0 C:\wamp64\www\biblioteca\system\Autoloader\Autoloader.php(264): include_once()
#1 C:\wamp64\www\biblioteca\system\Autoloader\Autoloader.php(241): CodeIgniter\Autoloader\Autoloader->includeFile('C:\\wamp64\\www\\b...')
#2 C:\wamp64\www\biblioteca\system\Autoloader\Autoloader.php(219): CodeIgniter\Autoloader\Autoloader->loadInNamespace('App\\Models\\M_Al...')
#3 [internal function]: CodeIgniter\Autoloader\Autoloader->loadClass('App\\Models\\M_Al...')
#4 C:\wamp64\www\biblioteca\app\Controllers\Aluno.php(12): spl_autoload_call('App\\Models\\M_Al...')
#5 C:\wamp64\www\biblioteca\system\CodeIgniter.php(825): App\Controllers\Aluno->index()
#6 C:\wamp64\www\biblioteca\system\CodeIgniter.php(412): CodeIgniter\CodeIgniter->runController(Object(App\Controllers\Aluno))
#7 C:\wamp64\www\biblioteca\system\CodeIgniter.php(320): CodeIgniter\CodeIgniter->handleRequest(NULL, Object(Config\Cache), false)
#8 C:\wamp64\www\biblioteca\public\index.php(37): CodeIgniter\CodeIgniter->run()
#9 {main}
CRITICAL - 2022-01-26 11:36:57 --> Class 'App\Models\BaseControler\BaseController' not found
#0 C:\wamp64\www\biblioteca\system\Autoloader\Autoloader.php(264): include_once()
#1 C:\wamp64\www\biblioteca\system\Autoloader\Autoloader.php(241): CodeIgniter\Autoloader\Autoloader->includeFile('C:\\wamp64\\www\\b...')
#2 C:\wamp64\www\biblioteca\system\Autoloader\Autoloader.php(219): CodeIgniter\Autoloader\Autoloader->loadInNamespace('App\\Models\\M_Al...')
#3 [internal function]: CodeIgniter\Autoloader\Autoloader->loadClass('App\\Models\\M_Al...')
#4 C:\wamp64\www\biblioteca\app\Controllers\Aluno.php(12): spl_autoload_call('App\\Models\\M_Al...')
#5 C:\wamp64\www\biblioteca\system\CodeIgniter.php(825): App\Controllers\Aluno->index()
#6 C:\wamp64\www\biblioteca\system\CodeIgniter.php(412): CodeIgniter\CodeIgniter->runController(Object(App\Controllers\Aluno))
#7 C:\wamp64\www\biblioteca\system\CodeIgniter.php(320): CodeIgniter\CodeIgniter->handleRequest(NULL, Object(Config\Cache), false)
#8 C:\wamp64\www\biblioteca\public\index.php(37): CodeIgniter\CodeIgniter->run()
#9 {main}
CRITICAL - 2022-01-26 11:37:20 --> Class 'App\Models\BaseControler\BaseController' not found
#0 C:\wamp64\www\biblioteca\system\Autoloader\Autoloader.php(264): include_once()
#1 C:\wamp64\www\biblioteca\system\Autoloader\Autoloader.php(241): CodeIgniter\Autoloader\Autoloader->includeFile('C:\\wamp64\\www\\b...')
#2 C:\wamp64\www\biblioteca\system\Autoloader\Autoloader.php(219): CodeIgniter\Autoloader\Autoloader->loadInNamespace('App\\Models\\M_Al...')
#3 [internal function]: CodeIgniter\Autoloader\Autoloader->loadClass('App\\Models\\M_Al...')
#4 C:\wamp64\www\biblioteca\app\Controllers\Aluno.php(12): spl_autoload_call('App\\Models\\M_Al...')
#5 C:\wamp64\www\biblioteca\system\CodeIgniter.php(825): App\Controllers\Aluno->index()
#6 C:\wamp64\www\biblioteca\system\CodeIgniter.php(412): CodeIgniter\CodeIgniter->runController(Object(App\Controllers\Aluno))
#7 C:\wamp64\www\biblioteca\system\CodeIgniter.php(320): CodeIgniter\CodeIgniter->handleRequest(NULL, Object(Config\Cache), false)
#8 C:\wamp64\www\biblioteca\public\index.php(37): CodeIgniter\CodeIgniter->run()
#9 {main}
CRITICAL - 2022-01-26 11:38:40 --> Class 'App\Models\BaseControler\BaseController' not found
#0 C:\wamp64\www\biblioteca\system\Autoloader\Autoloader.php(264): include_once()
#1 C:\wamp64\www\biblioteca\system\Autoloader\Autoloader.php(241): CodeIgniter\Autoloader\Autoloader->includeFile('C:\\wamp64\\www\\b...')
#2 C:\wamp64\www\biblioteca\system\Autoloader\Autoloader.php(219): CodeIgniter\Autoloader\Autoloader->loadInNamespace('App\\Models\\M_Al...')
#3 [internal function]: CodeIgniter\Autoloader\Autoloader->loadClass('App\\Models\\M_Al...')
#4 C:\wamp64\www\biblioteca\app\Controllers\Aluno.php(12): spl_autoload_call('App\\Models\\M_Al...')
#5 C:\wamp64\www\biblioteca\system\CodeIgniter.php(825): App\Controllers\Aluno->index()
#6 C:\wamp64\www\biblioteca\system\CodeIgniter.php(412): CodeIgniter\CodeIgniter->runController(Object(App\Controllers\Aluno))
#7 C:\wamp64\www\biblioteca\system\CodeIgniter.php(320): CodeIgniter\CodeIgniter->handleRequest(NULL, Object(Config\Cache), false)
#8 C:\wamp64\www\biblioteca\public\index.php(37): CodeIgniter\CodeIgniter->run()
#9 {main}
CRITICAL - 2022-01-26 11:39:20 --> Class 'BaseController' not found
#0 C:\wamp64\www\biblioteca\system\Autoloader\Autoloader.php(264): include_once()
#1 C:\wamp64\www\biblioteca\system\Autoloader\Autoloader.php(241): CodeIgniter\Autoloader\Autoloader->includeFile('C:\\wamp64\\www\\b...')
#2 C:\wamp64\www\biblioteca\system\Autoloader\Autoloader.php(219): CodeIgniter\Autoloader\Autoloader->loadInNamespace('App\\Models\\M_Al...')
#3 [internal function]: CodeIgniter\Autoloader\Autoloader->loadClass('App\\Models\\M_Al...')
#4 C:\wamp64\www\biblioteca\app\Controllers\Aluno.php(12): spl_autoload_call('App\\Models\\M_Al...')
#5 C:\wamp64\www\biblioteca\system\CodeIgniter.php(825): App\Controllers\Aluno->index()
#6 C:\wamp64\www\biblioteca\system\CodeIgniter.php(412): CodeIgniter\CodeIgniter->runController(Object(App\Controllers\Aluno))
#7 C:\wamp64\www\biblioteca\system\CodeIgniter.php(320): CodeIgniter\CodeIgniter->handleRequest(NULL, Object(Config\Cache), false)
#8 C:\wamp64\www\biblioteca\public\index.php(37): CodeIgniter\CodeIgniter->run()
#9 {main}
CRITICAL - 2022-01-26 11:51:07 --> Class 'App\Models\M_Aluno' not found
#0 C:\wamp64\www\biblioteca\system\CodeIgniter.php(825): App\Controllers\Aluno->index()
#1 C:\wamp64\www\biblioteca\system\CodeIgniter.php(412): CodeIgniter\CodeIgniter->runController(Object(App\Controllers\Aluno))
#2 C:\wamp64\www\biblioteca\system\CodeIgniter.php(320): CodeIgniter\CodeIgniter->handleRequest(NULL, Object(Config\Cache), false)
#3 C:\wamp64\www\biblioteca\public\index.php(37): CodeIgniter\CodeIgniter->run()
#4 {main}
CRITICAL - 2022-01-26 11:55:32 --> Class 'App\Controllers\M_Aluno' not found
#0 C:\wamp64\www\biblioteca\system\CodeIgniter.php(825): App\Controllers\Aluno->salvar()
#1 C:\wamp64\www\biblioteca\system\CodeIgniter.php(412): CodeIgniter\CodeIgniter->runController(Object(App\Controllers\Aluno))
#2 C:\wamp64\www\biblioteca\system\CodeIgniter.php(320): CodeIgniter\CodeIgniter->handleRequest(NULL, Object(Config\Cache), false)
#3 C:\wamp64\www\biblioteca\public\index.php(37): CodeIgniter\CodeIgniter->run()
#4 {main}
CRITICAL - 2022-01-26 11:56:40 -->  route cannot be found while reverse-routing.
#0 C:\wamp64\www\biblioteca\system\HTTP\RedirectResponse.php(56): CodeIgniter\HTTP\Exceptions\HTTPException::forInvalidRedirectRoute('')
#1 C:\wamp64\www\biblioteca\system\Common.php(832): CodeIgniter\HTTP\RedirectResponse->route(false)
#2 C:\wamp64\www\biblioteca\app\Controllers\Aluno.php(29): redirect('aluno')
#3 C:\wamp64\www\biblioteca\system\CodeIgniter.php(825): App\Controllers\Aluno->salvar()
#4 C:\wamp64\www\biblioteca\system\CodeIgniter.php(412): CodeIgniter\CodeIgniter->runController(Object(App\Controllers\Aluno))
#5 C:\wamp64\www\biblioteca\system\CodeIgniter.php(320): CodeIgniter\CodeIgniter->handleRequest(NULL, Object(Config\Cache), false)
#6 C:\wamp64\www\biblioteca\public\index.php(37): CodeIgniter\CodeIgniter->run()
#7 {main}
CRITICAL - 2022-01-26 11:57:09 -->  route cannot be found while reverse-routing.
#0 C:\wamp64\www\biblioteca\system\HTTP\RedirectResponse.php(56): CodeIgniter\HTTP\Exceptions\HTTPException::forInvalidRedirectRoute('')
#1 C:\wamp64\www\biblioteca\system\Common.php(832): CodeIgniter\HTTP\RedirectResponse->route(false)
#2 C:\wamp64\www\biblioteca\app\Controllers\Aluno.php(29): redirect('aluno')
#3 C:\wamp64\www\biblioteca\system\CodeIgniter.php(825): App\Controllers\Aluno->salvar()
#4 C:\wamp64\www\biblioteca\system\CodeIgniter.php(412): CodeIgniter\CodeIgniter->runController(Object(App\Controllers\Aluno))
#5 C:\wamp64\www\biblioteca\system\CodeIgniter.php(320): CodeIgniter\CodeIgniter->handleRequest(NULL, Object(Config\Cache), false)
#6 C:\wamp64\www\biblioteca\public\index.php(37): CodeIgniter\CodeIgniter->run()
#7 {main}
CRITICAL - 2022-01-26 11:59:25 -->  route cannot be found while reverse-routing.
#0 C:\wamp64\www\biblioteca\system\HTTP\RedirectResponse.php(56): CodeIgniter\HTTP\Exceptions\HTTPException::forInvalidRedirectRoute('')
#1 C:\wamp64\www\biblioteca\system\Common.php(832): CodeIgniter\HTTP\RedirectResponse->route(false)
#2 C:\wamp64\www\biblioteca\app\Controllers\Aluno.php(29): redirect('aluno')
#3 C:\wamp64\www\biblioteca\system\CodeIgniter.php(825): App\Controllers\Aluno->salvar()
#4 C:\wamp64\www\biblioteca\system\CodeIgniter.php(412): CodeIgniter\CodeIgniter->runController(Object(App\Controllers\Aluno))
#5 C:\wamp64\www\biblioteca\system\CodeIgniter.php(320): CodeIgniter\CodeIgniter->handleRequest(NULL, Object(Config\Cache), false)
#6 C:\wamp64\www\biblioteca\public\index.php(37): CodeIgniter\CodeIgniter->run()
#7 {main}
