CRITICAL - 2022-02-08 06:02:27 --> Invalid argument supplied for foreach()
#0 C:\wamp64\www\biblioteca\app\Views\v_frmAcervo.php(54): CodeIgniter\Debug\Exceptions->errorHandler(2, 'Invalid argumen...', 'C:\\wamp64\\www\\b...', 54, Array)
#1 C:\wamp64\www\biblioteca\system\View\View.php(210): include('C:\\wamp64\\www\\b...')
#2 C:\wamp64\www\biblioteca\system\View\View.php(213): CodeIgniter\View\View->CodeIgniter\View\{closure}()
#3 C:\wamp64\www\biblioteca\system\Common.php(1089): CodeIgniter\View\View->render('v_frmAcervo', Array, true)
#4 C:\wamp64\www\biblioteca\app\Views\template.php(20): view('v_frmAcervo')
#5 C:\wamp64\www\biblioteca\system\View\View.php(210): include('C:\\wamp64\\www\\b...')
#6 C:\wamp64\www\biblioteca\system\View\View.php(213): CodeIgniter\View\View->CodeIgniter\View\{closure}()
#7 C:\wamp64\www\biblioteca\system\Common.php(1089): CodeIgniter\View\View->render('template', Array, true)
#8 C:\wamp64\www\biblioteca\app\Controllers\Acervo.php(85): view('template', Array)
#9 C:\wamp64\www\biblioteca\system\CodeIgniter.php(825): App\Controllers\Acervo->editar('17')
#10 C:\wamp64\www\biblioteca\system\CodeIgniter.php(412): CodeIgniter\CodeIgniter->runController(Object(App\Controllers\Acervo))
#11 C:\wamp64\www\biblioteca\system\CodeIgniter.php(320): CodeIgniter\CodeIgniter->handleRequest(NULL, Object(Config\Cache), false)
#12 C:\wamp64\www\biblioteca\public\index.php(37): CodeIgniter\CodeIgniter->run()
#13 {main}
CRITICAL - 2022-02-08 06:02:30 --> Invalid argument supplied for foreach()
#0 C:\wamp64\www\biblioteca\app\Views\v_frmAcervo.php(54): CodeIgniter\Debug\Exceptions->errorHandler(2, 'Invalid argumen...', 'C:\\wamp64\\www\\b...', 54, Array)
#1 C:\wamp64\www\biblioteca\system\View\View.php(210): include('C:\\wamp64\\www\\b...')
#2 C:\wamp64\www\biblioteca\system\View\View.php(213): CodeIgniter\View\View->CodeIgniter\View\{closure}()
#3 C:\wamp64\www\biblioteca\system\Common.php(1089): CodeIgniter\View\View->render('v_frmAcervo', Array, true)
#4 C:\wamp64\www\biblioteca\app\Views\template.php(20): view('v_frmAcervo')
#5 C:\wamp64\www\biblioteca\system\View\View.php(210): include('C:\\wamp64\\www\\b...')
#6 C:\wamp64\www\biblioteca\system\View\View.php(213): CodeIgniter\View\View->CodeIgniter\View\{closure}()
#7 C:\wamp64\www\biblioteca\system\Common.php(1089): CodeIgniter\View\View->render('template', Array, true)
#8 C:\wamp64\www\biblioteca\app\Controllers\Acervo.php(85): view('template', Array)
#9 C:\wamp64\www\biblioteca\system\CodeIgniter.php(825): App\Controllers\Acervo->editar('js', 'js.js')
#10 C:\wamp64\www\biblioteca\system\CodeIgniter.php(412): CodeIgniter\CodeIgniter->runController(Object(App\Controllers\Acervo))
#11 C:\wamp64\www\biblioteca\system\CodeIgniter.php(320): CodeIgniter\CodeIgniter->handleRequest(NULL, Object(Config\Cache), false)
#12 C:\wamp64\www\biblioteca\public\index.php(37): CodeIgniter\CodeIgniter->run()
#13 {main}
CRITICAL - 2022-02-08 06:02:30 --> Invalid argument supplied for foreach()
#0 C:\wamp64\www\biblioteca\app\Views\v_frmAcervo.php(54): CodeIgniter\Debug\Exceptions->errorHandler(2, 'Invalid argumen...', 'C:\\wamp64\\www\\b...', 54, Array)
#1 C:\wamp64\www\biblioteca\system\View\View.php(210): include('C:\\wamp64\\www\\b...')
#2 C:\wamp64\www\biblioteca\system\View\View.php(213): CodeIgniter\View\View->CodeIgniter\View\{closure}()
#3 C:\wamp64\www\biblioteca\system\Common.php(1089): CodeIgniter\View\View->render('v_frmAcervo', Array, true)
#4 C:\wamp64\www\biblioteca\app\Views\template.php(20): view('v_frmAcervo')
#5 C:\wamp64\www\biblioteca\system\View\View.php(210): include('C:\\wamp64\\www\\b...')
#6 C:\wamp64\www\biblioteca\system\View\View.php(213): CodeIgniter\View\View->CodeIgniter\View\{closure}()
#7 C:\wamp64\www\biblioteca\system\Common.php(1089): CodeIgniter\View\View->render('template', Array, true)
#8 C:\wamp64\www\biblioteca\app\Controllers\Acervo.php(85): view('template', Array)
#9 C:\wamp64\www\biblioteca\system\CodeIgniter.php(825): App\Controllers\Acervo->editar('js', 'jquery-1.11.2.m...')
#10 C:\wamp64\www\biblioteca\system\CodeIgniter.php(412): CodeIgniter\CodeIgniter->runController(Object(App\Controllers\Acervo))
#11 C:\wamp64\www\biblioteca\system\CodeIgniter.php(320): CodeIgniter\CodeIgniter->handleRequest(NULL, Object(Config\Cache), false)
#12 C:\wamp64\www\biblioteca\public\index.php(37): CodeIgniter\CodeIgniter->run()
#13 {main}
CRITICAL - 2022-02-08 06:10:02 --> Invalid argument supplied for foreach()
#0 C:\wamp64\www\biblioteca\app\Views\v_frmAcervo.php(54): CodeIgniter\Debug\Exceptions->errorHandler(2, 'Invalid argumen...', 'C:\\wamp64\\www\\b...', 54, Array)
#1 C:\wamp64\www\biblioteca\system\View\View.php(210): include('C:\\wamp64\\www\\b...')
#2 C:\wamp64\www\biblioteca\system\View\View.php(213): CodeIgniter\View\View->CodeIgniter\View\{closure}()
#3 C:\wamp64\www\biblioteca\system\Common.php(1089): CodeIgniter\View\View->render('v_frmAcervo', Array, true)
#4 C:\wamp64\www\biblioteca\app\Views\template.php(20): view('v_frmAcervo')
#5 C:\wamp64\www\biblioteca\system\View\View.php(210): include('C:\\wamp64\\www\\b...')
#6 C:\wamp64\www\biblioteca\system\View\View.php(213): CodeIgniter\View\View->CodeIgniter\View\{closure}()
#7 C:\wamp64\www\biblioteca\system\Common.php(1089): CodeIgniter\View\View->render('template', Array, true)
#8 C:\wamp64\www\biblioteca\app\Controllers\Acervo.php(29): view('template', Array)
#9 C:\wamp64\www\biblioteca\system\CodeIgniter.php(825): App\Controllers\Acervo->novo()
#10 C:\wamp64\www\biblioteca\system\CodeIgniter.php(412): CodeIgniter\CodeIgniter->runController(Object(App\Controllers\Acervo))
#11 C:\wamp64\www\biblioteca\system\CodeIgniter.php(320): CodeIgniter\CodeIgniter->handleRequest(NULL, Object(Config\Cache), false)
#12 C:\wamp64\www\biblioteca\public\index.php(37): CodeIgniter\CodeIgniter->run()
#13 {main}
CRITICAL - 2022-02-08 06:11:25 --> Invalid argument supplied for foreach()
#0 C:\wamp64\www\biblioteca\app\Views\v_frmAcervo.php(54): CodeIgniter\Debug\Exceptions->errorHandler(2, 'Invalid argumen...', 'C:\\wamp64\\www\\b...', 54, Array)
#1 C:\wamp64\www\biblioteca\system\View\View.php(210): include('C:\\wamp64\\www\\b...')
#2 C:\wamp64\www\biblioteca\system\View\View.php(213): CodeIgniter\View\View->CodeIgniter\View\{closure}()
#3 C:\wamp64\www\biblioteca\system\Common.php(1089): CodeIgniter\View\View->render('v_frmAcervo', Array, true)
#4 C:\wamp64\www\biblioteca\app\Views\template.php(20): view('v_frmAcervo')
#5 C:\wamp64\www\biblioteca\system\View\View.php(210): include('C:\\wamp64\\www\\b...')
#6 C:\wamp64\www\biblioteca\system\View\View.php(213): CodeIgniter\View\View->CodeIgniter\View\{closure}()
#7 C:\wamp64\www\biblioteca\system\Common.php(1089): CodeIgniter\View\View->render('template', Array, true)
#8 C:\wamp64\www\biblioteca\app\Controllers\Acervo.php(29): view('template', Array)
#9 C:\wamp64\www\biblioteca\system\CodeIgniter.php(825): App\Controllers\Acervo->novo()
#10 C:\wamp64\www\biblioteca\system\CodeIgniter.php(412): CodeIgniter\CodeIgniter->runController(Object(App\Controllers\Acervo))
#11 C:\wamp64\www\biblioteca\system\CodeIgniter.php(320): CodeIgniter\CodeIgniter->handleRequest(NULL, Object(Config\Cache), false)
#12 C:\wamp64\www\biblioteca\public\index.php(37): CodeIgniter\CodeIgniter->run()
#13 {main}
CRITICAL - 2022-02-08 06:11:31 --> Invalid argument supplied for foreach()
#0 C:\wamp64\www\biblioteca\app\Views\v_frmAcervo.php(54): CodeIgniter\Debug\Exceptions->errorHandler(2, 'Invalid argumen...', 'C:\\wamp64\\www\\b...', 54, Array)
#1 C:\wamp64\www\biblioteca\system\View\View.php(210): include('C:\\wamp64\\www\\b...')
#2 C:\wamp64\www\biblioteca\system\View\View.php(213): CodeIgniter\View\View->CodeIgniter\View\{closure}()
#3 C:\wamp64\www\biblioteca\system\Common.php(1089): CodeIgniter\View\View->render('v_frmAcervo', Array, true)
#4 C:\wamp64\www\biblioteca\app\Views\template.php(20): view('v_frmAcervo')
#5 C:\wamp64\www\biblioteca\system\View\View.php(210): include('C:\\wamp64\\www\\b...')
#6 C:\wamp64\www\biblioteca\system\View\View.php(213): CodeIgniter\View\View->CodeIgniter\View\{closure}()
#7 C:\wamp64\www\biblioteca\system\Common.php(1089): CodeIgniter\View\View->render('template', Array, true)
#8 C:\wamp64\www\biblioteca\app\Controllers\Acervo.php(29): view('template', Array)
#9 C:\wamp64\www\biblioteca\system\CodeIgniter.php(825): App\Controllers\Acervo->novo()
#10 C:\wamp64\www\biblioteca\system\CodeIgniter.php(412): CodeIgniter\CodeIgniter->runController(Object(App\Controllers\Acervo))
#11 C:\wamp64\www\biblioteca\system\CodeIgniter.php(320): CodeIgniter\CodeIgniter->handleRequest(NULL, Object(Config\Cache), false)
#12 C:\wamp64\www\biblioteca\public\index.php(37): CodeIgniter\CodeIgniter->run()
#13 {main}
CRITICAL - 2022-02-08 06:14:59 --> Invalid argument supplied for foreach()
#0 C:\wamp64\www\biblioteca\app\Views\v_frmAcervo.php(54): CodeIgniter\Debug\Exceptions->errorHandler(2, 'Invalid argumen...', 'C:\\wamp64\\www\\b...', 54, Array)
#1 C:\wamp64\www\biblioteca\system\View\View.php(210): include('C:\\wamp64\\www\\b...')
#2 C:\wamp64\www\biblioteca\system\View\View.php(213): CodeIgniter\View\View->CodeIgniter\View\{closure}()
#3 C:\wamp64\www\biblioteca\system\Common.php(1089): CodeIgniter\View\View->render('v_frmAcervo', Array, true)
#4 C:\wamp64\www\biblioteca\app\Views\template.php(20): view('v_frmAcervo')
#5 C:\wamp64\www\biblioteca\system\View\View.php(210): include('C:\\wamp64\\www\\b...')
#6 C:\wamp64\www\biblioteca\system\View\View.php(213): CodeIgniter\View\View->CodeIgniter\View\{closure}()
#7 C:\wamp64\www\biblioteca\system\Common.php(1089): CodeIgniter\View\View->render('template', Array, true)
#8 C:\wamp64\www\biblioteca\app\Controllers\Acervo.php(85): view('template', Array)
#9 C:\wamp64\www\biblioteca\system\CodeIgniter.php(825): App\Controllers\Acervo->editar('17')
#10 C:\wamp64\www\biblioteca\system\CodeIgniter.php(412): CodeIgniter\CodeIgniter->runController(Object(App\Controllers\Acervo))
#11 C:\wamp64\www\biblioteca\system\CodeIgniter.php(320): CodeIgniter\CodeIgniter->handleRequest(NULL, Object(Config\Cache), false)
#12 C:\wamp64\www\biblioteca\public\index.php(37): CodeIgniter\CodeIgniter->run()
#13 {main}
CRITICAL - 2022-02-08 06:14:59 --> Invalid argument supplied for foreach()
#0 C:\wamp64\www\biblioteca\app\Views\v_frmAcervo.php(54): CodeIgniter\Debug\Exceptions->errorHandler(2, 'Invalid argumen...', 'C:\\wamp64\\www\\b...', 54, Array)
#1 C:\wamp64\www\biblioteca\system\View\View.php(210): include('C:\\wamp64\\www\\b...')
#2 C:\wamp64\www\biblioteca\system\View\View.php(213): CodeIgniter\View\View->CodeIgniter\View\{closure}()
#3 C:\wamp64\www\biblioteca\system\Common.php(1089): CodeIgniter\View\View->render('v_frmAcervo', Array, true)
#4 C:\wamp64\www\biblioteca\app\Views\template.php(20): view('v_frmAcervo')
#5 C:\wamp64\www\biblioteca\system\View\View.php(210): include('C:\\wamp64\\www\\b...')
#6 C:\wamp64\www\biblioteca\system\View\View.php(213): CodeIgniter\View\View->CodeIgniter\View\{closure}()
#7 C:\wamp64\www\biblioteca\system\Common.php(1089): CodeIgniter\View\View->render('template', Array, true)
#8 C:\wamp64\www\biblioteca\app\Controllers\Acervo.php(85): view('template', Array)
#9 C:\wamp64\www\biblioteca\system\CodeIgniter.php(825): App\Controllers\Acervo->editar('js', 'js.js')
#10 C:\wamp64\www\biblioteca\system\CodeIgniter.php(412): CodeIgniter\CodeIgniter->runController(Object(App\Controllers\Acervo))
#11 C:\wamp64\www\biblioteca\system\CodeIgniter.php(320): CodeIgniter\CodeIgniter->handleRequest(NULL, Object(Config\Cache), false)
#12 C:\wamp64\www\biblioteca\public\index.php(37): CodeIgniter\CodeIgniter->run()
#13 {main}
CRITICAL - 2022-02-08 06:14:59 --> Invalid argument supplied for foreach()
#0 C:\wamp64\www\biblioteca\app\Views\v_frmAcervo.php(54): CodeIgniter\Debug\Exceptions->errorHandler(2, 'Invalid argumen...', 'C:\\wamp64\\www\\b...', 54, Array)
#1 C:\wamp64\www\biblioteca\system\View\View.php(210): include('C:\\wamp64\\www\\b...')
#2 C:\wamp64\www\biblioteca\system\View\View.php(213): CodeIgniter\View\View->CodeIgniter\View\{closure}()
#3 C:\wamp64\www\biblioteca\system\Common.php(1089): CodeIgniter\View\View->render('v_frmAcervo', Array, true)
#4 C:\wamp64\www\biblioteca\app\Views\template.php(20): view('v_frmAcervo')
#5 C:\wamp64\www\biblioteca\system\View\View.php(210): include('C:\\wamp64\\www\\b...')
#6 C:\wamp64\www\biblioteca\system\View\View.php(213): CodeIgniter\View\View->CodeIgniter\View\{closure}()
#7 C:\wamp64\www\biblioteca\system\Common.php(1089): CodeIgniter\View\View->render('template', Array, true)
#8 C:\wamp64\www\biblioteca\app\Controllers\Acervo.php(85): view('template', Array)
#9 C:\wamp64\www\biblioteca\system\CodeIgniter.php(825): App\Controllers\Acervo->editar('js', 'jquery-1.11.2.m...')
#10 C:\wamp64\www\biblioteca\system\CodeIgniter.php(412): CodeIgniter\CodeIgniter->runController(Object(App\Controllers\Acervo))
#11 C:\wamp64\www\biblioteca\system\CodeIgniter.php(320): CodeIgniter\CodeIgniter->handleRequest(NULL, Object(Config\Cache), false)
#12 C:\wamp64\www\biblioteca\public\index.php(37): CodeIgniter\CodeIgniter->run()
#13 {main}
CRITICAL - 2022-02-08 06:14:59 --> Invalid argument supplied for foreach()
#0 C:\wamp64\www\biblioteca\app\Views\v_frmAcervo.php(54): CodeIgniter\Debug\Exceptions->errorHandler(2, 'Invalid argumen...', 'C:\\wamp64\\www\\b...', 54, Array)
#1 C:\wamp64\www\biblioteca\system\View\View.php(210): include('C:\\wamp64\\www\\b...')
#2 C:\wamp64\www\biblioteca\system\View\View.php(213): CodeIgniter\View\View->CodeIgniter\View\{closure}()
#3 C:\wamp64\www\biblioteca\system\Common.php(1089): CodeIgniter\View\View->render('v_frmAcervo', Array, true)
#4 C:\wamp64\www\biblioteca\app\Views\template.php(20): view('v_frmAcervo')
#5 C:\wamp64\www\biblioteca\system\View\View.php(210): include('C:\\wamp64\\www\\b...')
#6 C:\wamp64\www\biblioteca\system\View\View.php(213): CodeIgniter\View\View->CodeIgniter\View\{closure}()
#7 C:\wamp64\www\biblioteca\system\Common.php(1089): CodeIgniter\View\View->render('template', Array, true)
#8 C:\wamp64\www\biblioteca\app\Controllers\Acervo.php(85): view('template', Array)
#9 C:\wamp64\www\biblioteca\system\CodeIgniter.php(825): App\Controllers\Acervo->editar('js', 'js.js')
#10 C:\wamp64\www\biblioteca\system\CodeIgniter.php(412): CodeIgniter\CodeIgniter->runController(Object(App\Controllers\Acervo))
#11 C:\wamp64\www\biblioteca\system\CodeIgniter.php(320): CodeIgniter\CodeIgniter->handleRequest(NULL, Object(Config\Cache), false)
#12 C:\wamp64\www\biblioteca\public\index.php(37): CodeIgniter\CodeIgniter->run()
#13 {main}
CRITICAL - 2022-02-08 06:18:08 --> Invalid argument supplied for foreach()
#0 C:\wamp64\www\biblioteca\app\Views\v_frmAcervo.php(54): CodeIgniter\Debug\Exceptions->errorHandler(2, 'Invalid argumen...', 'C:\\wamp64\\www\\b...', 54, Array)
#1 C:\wamp64\www\biblioteca\system\View\View.php(210): include('C:\\wamp64\\www\\b...')
#2 C:\wamp64\www\biblioteca\system\View\View.php(213): CodeIgniter\View\View->CodeIgniter\View\{closure}()
#3 C:\wamp64\www\biblioteca\system\Common.php(1089): CodeIgniter\View\View->render('v_frmAcervo', Array, true)
#4 C:\wamp64\www\biblioteca\app\Views\template.php(20): view('v_frmAcervo')
#5 C:\wamp64\www\biblioteca\system\View\View.php(210): include('C:\\wamp64\\www\\b...')
#6 C:\wamp64\www\biblioteca\system\View\View.php(213): CodeIgniter\View\View->CodeIgniter\View\{closure}()
#7 C:\wamp64\www\biblioteca\system\Common.php(1089): CodeIgniter\View\View->render('template', Array, true)
#8 C:\wamp64\www\biblioteca\app\Controllers\Acervo.php(85): view('template', Array)
#9 C:\wamp64\www\biblioteca\system\CodeIgniter.php(825): App\Controllers\Acervo->editar('17')
#10 C:\wamp64\www\biblioteca\system\CodeIgniter.php(412): CodeIgniter\CodeIgniter->runController(Object(App\Controllers\Acervo))
#11 C:\wamp64\www\biblioteca\system\CodeIgniter.php(320): CodeIgniter\CodeIgniter->handleRequest(NULL, Object(Config\Cache), false)
#12 C:\wamp64\www\biblioteca\public\index.php(37): CodeIgniter\CodeIgniter->run()
#13 {main}
CRITICAL - 2022-02-08 06:18:08 --> Invalid argument supplied for foreach()
#0 C:\wamp64\www\biblioteca\app\Views\v_frmAcervo.php(54): CodeIgniter\Debug\Exceptions->errorHandler(2, 'Invalid argumen...', 'C:\\wamp64\\www\\b...', 54, Array)
#1 C:\wamp64\www\biblioteca\system\View\View.php(210): include('C:\\wamp64\\www\\b...')
#2 C:\wamp64\www\biblioteca\system\View\View.php(213): CodeIgniter\View\View->CodeIgniter\View\{closure}()
#3 C:\wamp64\www\biblioteca\system\Common.php(1089): CodeIgniter\View\View->render('v_frmAcervo', Array, true)
#4 C:\wamp64\www\biblioteca\app\Views\template.php(20): view('v_frmAcervo')
#5 C:\wamp64\www\biblioteca\system\View\View.php(210): include('C:\\wamp64\\www\\b...')
#6 C:\wamp64\www\biblioteca\system\View\View.php(213): CodeIgniter\View\View->CodeIgniter\View\{closure}()
#7 C:\wamp64\www\biblioteca\system\Common.php(1089): CodeIgniter\View\View->render('template', Array, true)
#8 C:\wamp64\www\biblioteca\app\Controllers\Acervo.php(85): view('template', Array)
#9 C:\wamp64\www\biblioteca\system\CodeIgniter.php(825): App\Controllers\Acervo->editar('js', 'jquery-1.11.2.m...')
#10 C:\wamp64\www\biblioteca\system\CodeIgniter.php(412): CodeIgniter\CodeIgniter->runController(Object(App\Controllers\Acervo))
#11 C:\wamp64\www\biblioteca\system\CodeIgniter.php(320): CodeIgniter\CodeIgniter->handleRequest(NULL, Object(Config\Cache), false)
#12 C:\wamp64\www\biblioteca\public\index.php(37): CodeIgniter\CodeIgniter->run()
#13 {main}
CRITICAL - 2022-02-08 06:18:08 --> Invalid argument supplied for foreach()
#0 C:\wamp64\www\biblioteca\app\Views\v_frmAcervo.php(54): CodeIgniter\Debug\Exceptions->errorHandler(2, 'Invalid argumen...', 'C:\\wamp64\\www\\b...', 54, Array)
#1 C:\wamp64\www\biblioteca\system\View\View.php(210): include('C:\\wamp64\\www\\b...')
#2 C:\wamp64\www\biblioteca\system\View\View.php(213): CodeIgniter\View\View->CodeIgniter\View\{closure}()
#3 C:\wamp64\www\biblioteca\system\Common.php(1089): CodeIgniter\View\View->render('v_frmAcervo', Array, true)
#4 C:\wamp64\www\biblioteca\app\Views\template.php(20): view('v_frmAcervo')
#5 C:\wamp64\www\biblioteca\system\View\View.php(210): include('C:\\wamp64\\www\\b...')
#6 C:\wamp64\www\biblioteca\system\View\View.php(213): CodeIgniter\View\View->CodeIgniter\View\{closure}()
#7 C:\wamp64\www\biblioteca\system\Common.php(1089): CodeIgniter\View\View->render('template', Array, true)
#8 C:\wamp64\www\biblioteca\app\Controllers\Acervo.php(85): view('template', Array)
#9 C:\wamp64\www\biblioteca\system\CodeIgniter.php(825): App\Controllers\Acervo->editar('js', 'js.js')
#10 C:\wamp64\www\biblioteca\system\CodeIgniter.php(412): CodeIgniter\CodeIgniter->runController(Object(App\Controllers\Acervo))
#11 C:\wamp64\www\biblioteca\system\CodeIgniter.php(320): CodeIgniter\CodeIgniter->handleRequest(NULL, Object(Config\Cache), false)
#12 C:\wamp64\www\biblioteca\public\index.php(37): CodeIgniter\CodeIgniter->run()
#13 {main}
CRITICAL - 2022-02-08 06:20:04 --> Invalid argument supplied for foreach()
#0 C:\wamp64\www\biblioteca\app\Views\v_frmAcervo.php(54): CodeIgniter\Debug\Exceptions->errorHandler(2, 'Invalid argumen...', 'C:\\wamp64\\www\\b...', 54, Array)
#1 C:\wamp64\www\biblioteca\system\View\View.php(210): include('C:\\wamp64\\www\\b...')
#2 C:\wamp64\www\biblioteca\system\View\View.php(213): CodeIgniter\View\View->CodeIgniter\View\{closure}()
#3 C:\wamp64\www\biblioteca\system\Common.php(1089): CodeIgniter\View\View->render('v_frmAcervo', Array, true)
#4 C:\wamp64\www\biblioteca\app\Views\template.php(20): view('v_frmAcervo')
#5 C:\wamp64\www\biblioteca\system\View\View.php(210): include('C:\\wamp64\\www\\b...')
#6 C:\wamp64\www\biblioteca\system\View\View.php(213): CodeIgniter\View\View->CodeIgniter\View\{closure}()
#7 C:\wamp64\www\biblioteca\system\Common.php(1089): CodeIgniter\View\View->render('template', Array, true)
#8 C:\wamp64\www\biblioteca\app\Controllers\Acervo.php(83): view('template', Array)
#9 C:\wamp64\www\biblioteca\system\CodeIgniter.php(825): App\Controllers\Acervo->editar('17')
#10 C:\wamp64\www\biblioteca\system\CodeIgniter.php(412): CodeIgniter\CodeIgniter->runController(Object(App\Controllers\Acervo))
#11 C:\wamp64\www\biblioteca\system\CodeIgniter.php(320): CodeIgniter\CodeIgniter->handleRequest(NULL, Object(Config\Cache), false)
#12 C:\wamp64\www\biblioteca\public\index.php(37): CodeIgniter\CodeIgniter->run()
#13 {main}
CRITICAL - 2022-02-08 06:20:04 --> Invalid argument supplied for foreach()
#0 C:\wamp64\www\biblioteca\app\Views\v_frmAcervo.php(54): CodeIgniter\Debug\Exceptions->errorHandler(2, 'Invalid argumen...', 'C:\\wamp64\\www\\b...', 54, Array)
#1 C:\wamp64\www\biblioteca\system\View\View.php(210): include('C:\\wamp64\\www\\b...')
#2 C:\wamp64\www\biblioteca\system\View\View.php(213): CodeIgniter\View\View->CodeIgniter\View\{closure}()
#3 C:\wamp64\www\biblioteca\system\Common.php(1089): CodeIgniter\View\View->render('v_frmAcervo', Array, true)
#4 C:\wamp64\www\biblioteca\app\Views\template.php(20): view('v_frmAcervo')
#5 C:\wamp64\www\biblioteca\system\View\View.php(210): include('C:\\wamp64\\www\\b...')
#6 C:\wamp64\www\biblioteca\system\View\View.php(213): CodeIgniter\View\View->CodeIgniter\View\{closure}()
#7 C:\wamp64\www\biblioteca\system\Common.php(1089): CodeIgniter\View\View->render('template', Array, true)
#8 C:\wamp64\www\biblioteca\app\Controllers\Acervo.php(83): view('template', Array)
#9 C:\wamp64\www\biblioteca\system\CodeIgniter.php(825): App\Controllers\Acervo->editar('js', 'jquery-1.11.2.m...')
#10 C:\wamp64\www\biblioteca\system\CodeIgniter.php(412): CodeIgniter\CodeIgniter->runController(Object(App\Controllers\Acervo))
#11 C:\wamp64\www\biblioteca\system\CodeIgniter.php(320): CodeIgniter\CodeIgniter->handleRequest(NULL, Object(Config\Cache), false)
#12 C:\wamp64\www\biblioteca\public\index.php(37): CodeIgniter\CodeIgniter->run()
#13 {main}
CRITICAL - 2022-02-08 06:20:04 --> Invalid argument supplied for foreach()
#0 C:\wamp64\www\biblioteca\app\Views\v_frmAcervo.php(54): CodeIgniter\Debug\Exceptions->errorHandler(2, 'Invalid argumen...', 'C:\\wamp64\\www\\b...', 54, Array)
#1 C:\wamp64\www\biblioteca\system\View\View.php(210): include('C:\\wamp64\\www\\b...')
#2 C:\wamp64\www\biblioteca\system\View\View.php(213): CodeIgniter\View\View->CodeIgniter\View\{closure}()
#3 C:\wamp64\www\biblioteca\system\Common.php(1089): CodeIgniter\View\View->render('v_frmAcervo', Array, true)
#4 C:\wamp64\www\biblioteca\app\Views\template.php(20): view('v_frmAcervo')
#5 C:\wamp64\www\biblioteca\system\View\View.php(210): include('C:\\wamp64\\www\\b...')
#6 C:\wamp64\www\biblioteca\system\View\View.php(213): CodeIgniter\View\View->CodeIgniter\View\{closure}()
#7 C:\wamp64\www\biblioteca\system\Common.php(1089): CodeIgniter\View\View->render('template', Array, true)
#8 C:\wamp64\www\biblioteca\app\Controllers\Acervo.php(83): view('template', Array)
#9 C:\wamp64\www\biblioteca\system\CodeIgniter.php(825): App\Controllers\Acervo->editar('js', 'js.js')
#10 C:\wamp64\www\biblioteca\system\CodeIgniter.php(412): CodeIgniter\CodeIgniter->runController(Object(App\Controllers\Acervo))
#11 C:\wamp64\www\biblioteca\system\CodeIgniter.php(320): CodeIgniter\CodeIgniter->handleRequest(NULL, Object(Config\Cache), false)
#12 C:\wamp64\www\biblioteca\public\index.php(37): CodeIgniter\CodeIgniter->run()
#13 {main}
CRITICAL - 2022-02-08 06:21:07 --> Invalid argument supplied for foreach()
#0 C:\wamp64\www\biblioteca\app\Views\v_frmAcervo.php(55): CodeIgniter\Debug\Exceptions->errorHandler(2, 'Invalid argumen...', 'C:\\wamp64\\www\\b...', 55, Array)
#1 C:\wamp64\www\biblioteca\system\View\View.php(210): include('C:\\wamp64\\www\\b...')
#2 C:\wamp64\www\biblioteca\system\View\View.php(213): CodeIgniter\View\View->CodeIgniter\View\{closure}()
#3 C:\wamp64\www\biblioteca\system\Common.php(1089): CodeIgniter\View\View->render('v_frmAcervo', Array, true)
#4 C:\wamp64\www\biblioteca\app\Views\template.php(20): view('v_frmAcervo')
#5 C:\wamp64\www\biblioteca\system\View\View.php(210): include('C:\\wamp64\\www\\b...')
#6 C:\wamp64\www\biblioteca\system\View\View.php(213): CodeIgniter\View\View->CodeIgniter\View\{closure}()
#7 C:\wamp64\www\biblioteca\system\Common.php(1089): CodeIgniter\View\View->render('template', Array, true)
#8 C:\wamp64\www\biblioteca\app\Controllers\Acervo.php(83): view('template', Array)
#9 C:\wamp64\www\biblioteca\system\CodeIgniter.php(825): App\Controllers\Acervo->editar('17')
#10 C:\wamp64\www\biblioteca\system\CodeIgniter.php(412): CodeIgniter\CodeIgniter->runController(Object(App\Controllers\Acervo))
#11 C:\wamp64\www\biblioteca\system\CodeIgniter.php(320): CodeIgniter\CodeIgniter->handleRequest(NULL, Object(Config\Cache), false)
#12 C:\wamp64\www\biblioteca\public\index.php(37): CodeIgniter\CodeIgniter->run()
#13 {main}
CRITICAL - 2022-02-08 06:21:07 --> Invalid argument supplied for foreach()
#0 C:\wamp64\www\biblioteca\app\Views\v_frmAcervo.php(55): CodeIgniter\Debug\Exceptions->errorHandler(2, 'Invalid argumen...', 'C:\\wamp64\\www\\b...', 55, Array)
#1 C:\wamp64\www\biblioteca\system\View\View.php(210): include('C:\\wamp64\\www\\b...')
#2 C:\wamp64\www\biblioteca\system\View\View.php(213): CodeIgniter\View\View->CodeIgniter\View\{closure}()
#3 C:\wamp64\www\biblioteca\system\Common.php(1089): CodeIgniter\View\View->render('v_frmAcervo', Array, true)
#4 C:\wamp64\www\biblioteca\app\Views\template.php(20): view('v_frmAcervo')
#5 C:\wamp64\www\biblioteca\system\View\View.php(210): include('C:\\wamp64\\www\\b...')
#6 C:\wamp64\www\biblioteca\system\View\View.php(213): CodeIgniter\View\View->CodeIgniter\View\{closure}()
#7 C:\wamp64\www\biblioteca\system\Common.php(1089): CodeIgniter\View\View->render('template', Array, true)
#8 C:\wamp64\www\biblioteca\app\Controllers\Acervo.php(83): view('template', Array)
#9 C:\wamp64\www\biblioteca\system\CodeIgniter.php(825): App\Controllers\Acervo->editar('js', 'js.js')
#10 C:\wamp64\www\biblioteca\system\CodeIgniter.php(412): CodeIgniter\CodeIgniter->runController(Object(App\Controllers\Acervo))
#11 C:\wamp64\www\biblioteca\system\CodeIgniter.php(320): CodeIgniter\CodeIgniter->handleRequest(NULL, Object(Config\Cache), false)
#12 C:\wamp64\www\biblioteca\public\index.php(37): CodeIgniter\CodeIgniter->run()
#13 {main}
CRITICAL - 2022-02-08 06:21:08 --> Invalid argument supplied for foreach()
#0 C:\wamp64\www\biblioteca\app\Views\v_frmAcervo.php(55): CodeIgniter\Debug\Exceptions->errorHandler(2, 'Invalid argumen...', 'C:\\wamp64\\www\\b...', 55, Array)
#1 C:\wamp64\www\biblioteca\system\View\View.php(210): include('C:\\wamp64\\www\\b...')
#2 C:\wamp64\www\biblioteca\system\View\View.php(213): CodeIgniter\View\View->CodeIgniter\View\{closure}()
#3 C:\wamp64\www\biblioteca\system\Common.php(1089): CodeIgniter\View\View->render('v_frmAcervo', Array, true)
#4 C:\wamp64\www\biblioteca\app\Views\template.php(20): view('v_frmAcervo')
#5 C:\wamp64\www\biblioteca\system\View\View.php(210): include('C:\\wamp64\\www\\b...')
#6 C:\wamp64\www\biblioteca\system\View\View.php(213): CodeIgniter\View\View->CodeIgniter\View\{closure}()
#7 C:\wamp64\www\biblioteca\system\Common.php(1089): CodeIgniter\View\View->render('template', Array, true)
#8 C:\wamp64\www\biblioteca\app\Controllers\Acervo.php(83): view('template', Array)
#9 C:\wamp64\www\biblioteca\system\CodeIgniter.php(825): App\Controllers\Acervo->editar('js', 'jquery-1.11.2.m...')
#10 C:\wamp64\www\biblioteca\system\CodeIgniter.php(412): CodeIgniter\CodeIgniter->runController(Object(App\Controllers\Acervo))
#11 C:\wamp64\www\biblioteca\system\CodeIgniter.php(320): CodeIgniter\CodeIgniter->handleRequest(NULL, Object(Config\Cache), false)
#12 C:\wamp64\www\biblioteca\public\index.php(37): CodeIgniter\CodeIgniter->run()
#13 {main}
CRITICAL - 2022-02-08 06:21:08 --> Invalid argument supplied for foreach()
#0 C:\wamp64\www\biblioteca\app\Views\v_frmAcervo.php(55): CodeIgniter\Debug\Exceptions->errorHandler(2, 'Invalid argumen...', 'C:\\wamp64\\www\\b...', 55, Array)
#1 C:\wamp64\www\biblioteca\system\View\View.php(210): include('C:\\wamp64\\www\\b...')
#2 C:\wamp64\www\biblioteca\system\View\View.php(213): CodeIgniter\View\View->CodeIgniter\View\{closure}()
#3 C:\wamp64\www\biblioteca\system\Common.php(1089): CodeIgniter\View\View->render('v_frmAcervo', Array, true)
#4 C:\wamp64\www\biblioteca\app\Views\template.php(20): view('v_frmAcervo')
#5 C:\wamp64\www\biblioteca\system\View\View.php(210): include('C:\\wamp64\\www\\b...')
#6 C:\wamp64\www\biblioteca\system\View\View.php(213): CodeIgniter\View\View->CodeIgniter\View\{closure}()
#7 C:\wamp64\www\biblioteca\system\Common.php(1089): CodeIgniter\View\View->render('template', Array, true)
#8 C:\wamp64\www\biblioteca\app\Controllers\Acervo.php(83): view('template', Array)
#9 C:\wamp64\www\biblioteca\system\CodeIgniter.php(825): App\Controllers\Acervo->editar('js', 'js.js')
#10 C:\wamp64\www\biblioteca\system\CodeIgniter.php(412): CodeIgniter\CodeIgniter->runController(Object(App\Controllers\Acervo))
#11 C:\wamp64\www\biblioteca\system\CodeIgniter.php(320): CodeIgniter\CodeIgniter->handleRequest(NULL, Object(Config\Cache), false)
#12 C:\wamp64\www\biblioteca\public\index.php(37): CodeIgniter\CodeIgniter->run()
#13 {main}
CRITICAL - 2022-02-08 06:25:36 --> Invalid argument supplied for foreach()
#0 C:\wamp64\www\biblioteca\app\Views\v_frmAcervo.php(55): CodeIgniter\Debug\Exceptions->errorHandler(2, 'Invalid argumen...', 'C:\\wamp64\\www\\b...', 55, Array)
#1 C:\wamp64\www\biblioteca\system\View\View.php(210): include('C:\\wamp64\\www\\b...')
#2 C:\wamp64\www\biblioteca\system\View\View.php(213): CodeIgniter\View\View->CodeIgniter\View\{closure}()
#3 C:\wamp64\www\biblioteca\system\Common.php(1089): CodeIgniter\View\View->render('v_frmAcervo', Array, true)
#4 C:\wamp64\www\biblioteca\app\Views\template.php(20): view('v_frmAcervo')
#5 C:\wamp64\www\biblioteca\system\View\View.php(210): include('C:\\wamp64\\www\\b...')
#6 C:\wamp64\www\biblioteca\system\View\View.php(213): CodeIgniter\View\View->CodeIgniter\View\{closure}()
#7 C:\wamp64\www\biblioteca\system\Common.php(1089): CodeIgniter\View\View->render('template', Array, true)
#8 C:\wamp64\www\biblioteca\app\Controllers\Acervo.php(83): view('template', Array)
#9 C:\wamp64\www\biblioteca\system\CodeIgniter.php(825): App\Controllers\Acervo->editar('20')
#10 C:\wamp64\www\biblioteca\system\CodeIgniter.php(412): CodeIgniter\CodeIgniter->runController(Object(App\Controllers\Acervo))
#11 C:\wamp64\www\biblioteca\system\CodeIgniter.php(320): CodeIgniter\CodeIgniter->handleRequest(NULL, Object(Config\Cache), false)
#12 C:\wamp64\www\biblioteca\public\index.php(37): CodeIgniter\CodeIgniter->run()
#13 {main}
CRITICAL - 2022-02-08 06:25:36 --> Invalid argument supplied for foreach()
#0 C:\wamp64\www\biblioteca\app\Views\v_frmAcervo.php(55): CodeIgniter\Debug\Exceptions->errorHandler(2, 'Invalid argumen...', 'C:\\wamp64\\www\\b...', 55, Array)
#1 C:\wamp64\www\biblioteca\system\View\View.php(210): include('C:\\wamp64\\www\\b...')
#2 C:\wamp64\www\biblioteca\system\View\View.php(213): CodeIgniter\View\View->CodeIgniter\View\{closure}()
#3 C:\wamp64\www\biblioteca\system\Common.php(1089): CodeIgniter\View\View->render('v_frmAcervo', Array, true)
#4 C:\wamp64\www\biblioteca\app\Views\template.php(20): view('v_frmAcervo')
#5 C:\wamp64\www\biblioteca\system\View\View.php(210): include('C:\\wamp64\\www\\b...')
#6 C:\wamp64\www\biblioteca\system\View\View.php(213): CodeIgniter\View\View->CodeIgniter\View\{closure}()
#7 C:\wamp64\www\biblioteca\system\Common.php(1089): CodeIgniter\View\View->render('template', Array, true)
#8 C:\wamp64\www\biblioteca\app\Controllers\Acervo.php(83): view('template', Array)
#9 C:\wamp64\www\biblioteca\system\CodeIgniter.php(825): App\Controllers\Acervo->editar('js', 'jquery-1.11.2.m...')
#10 C:\wamp64\www\biblioteca\system\CodeIgniter.php(412): CodeIgniter\CodeIgniter->runController(Object(App\Controllers\Acervo))
#11 C:\wamp64\www\biblioteca\system\CodeIgniter.php(320): CodeIgniter\CodeIgniter->handleRequest(NULL, Object(Config\Cache), false)
#12 C:\wamp64\www\biblioteca\public\index.php(37): CodeIgniter\CodeIgniter->run()
#13 {main}
CRITICAL - 2022-02-08 06:25:36 --> Invalid argument supplied for foreach()
#0 C:\wamp64\www\biblioteca\app\Views\v_frmAcervo.php(55): CodeIgniter\Debug\Exceptions->errorHandler(2, 'Invalid argumen...', 'C:\\wamp64\\www\\b...', 55, Array)
#1 C:\wamp64\www\biblioteca\system\View\View.php(210): include('C:\\wamp64\\www\\b...')
#2 C:\wamp64\www\biblioteca\system\View\View.php(213): CodeIgniter\View\View->CodeIgniter\View\{closure}()
#3 C:\wamp64\www\biblioteca\system\Common.php(1089): CodeIgniter\View\View->render('v_frmAcervo', Array, true)
#4 C:\wamp64\www\biblioteca\app\Views\template.php(20): view('v_frmAcervo')
#5 C:\wamp64\www\biblioteca\system\View\View.php(210): include('C:\\wamp64\\www\\b...')
#6 C:\wamp64\www\biblioteca\system\View\View.php(213): CodeIgniter\View\View->CodeIgniter\View\{closure}()
#7 C:\wamp64\www\biblioteca\system\Common.php(1089): CodeIgniter\View\View->render('template', Array, true)
#8 C:\wamp64\www\biblioteca\app\Controllers\Acervo.php(83): view('template', Array)
#9 C:\wamp64\www\biblioteca\system\CodeIgniter.php(825): App\Controllers\Acervo->editar('js', 'js.js')
#10 C:\wamp64\www\biblioteca\system\CodeIgniter.php(412): CodeIgniter\CodeIgniter->runController(Object(App\Controllers\Acervo))
#11 C:\wamp64\www\biblioteca\system\CodeIgniter.php(320): CodeIgniter\CodeIgniter->handleRequest(NULL, Object(Config\Cache), false)
#12 C:\wamp64\www\biblioteca\public\index.php(37): CodeIgniter\CodeIgniter->run()
#13 {main}
CRITICAL - 2022-02-08 06:33:31 --> Invalid argument supplied for foreach()
#0 C:\wamp64\www\biblioteca\app\Views\v_frmAcervo.php(55): CodeIgniter\Debug\Exceptions->errorHandler(2, 'Invalid argumen...', 'C:\\wamp64\\www\\b...', 55, Array)
#1 C:\wamp64\www\biblioteca\system\View\View.php(210): include('C:\\wamp64\\www\\b...')
#2 C:\wamp64\www\biblioteca\system\View\View.php(213): CodeIgniter\View\View->CodeIgniter\View\{closure}()
#3 C:\wamp64\www\biblioteca\system\Common.php(1089): CodeIgniter\View\View->render('v_frmAcervo', Array, true)
#4 C:\wamp64\www\biblioteca\app\Views\template.php(20): view('v_frmAcervo')
#5 C:\wamp64\www\biblioteca\system\View\View.php(210): include('C:\\wamp64\\www\\b...')
#6 C:\wamp64\www\biblioteca\system\View\View.php(213): CodeIgniter\View\View->CodeIgniter\View\{closure}()
#7 C:\wamp64\www\biblioteca\system\Common.php(1089): CodeIgniter\View\View->render('template', Array, true)
#8 C:\wamp64\www\biblioteca\app\Controllers\Acervo.php(83): view('template', Array)
#9 C:\wamp64\www\biblioteca\system\CodeIgniter.php(825): App\Controllers\Acervo->editar('21')
#10 C:\wamp64\www\biblioteca\system\CodeIgniter.php(412): CodeIgniter\CodeIgniter->runController(Object(App\Controllers\Acervo))
#11 C:\wamp64\www\biblioteca\system\CodeIgniter.php(320): CodeIgniter\CodeIgniter->handleRequest(NULL, Object(Config\Cache), false)
#12 C:\wamp64\www\biblioteca\public\index.php(37): CodeIgniter\CodeIgniter->run()
#13 {main}
CRITICAL - 2022-02-08 06:33:32 --> Invalid argument supplied for foreach()
#0 C:\wamp64\www\biblioteca\app\Views\v_frmAcervo.php(55): CodeIgniter\Debug\Exceptions->errorHandler(2, 'Invalid argumen...', 'C:\\wamp64\\www\\b...', 55, Array)
#1 C:\wamp64\www\biblioteca\system\View\View.php(210): include('C:\\wamp64\\www\\b...')
#2 C:\wamp64\www\biblioteca\system\View\View.php(213): CodeIgniter\View\View->CodeIgniter\View\{closure}()
#3 C:\wamp64\www\biblioteca\system\Common.php(1089): CodeIgniter\View\View->render('v_frmAcervo', Array, true)
#4 C:\wamp64\www\biblioteca\app\Views\template.php(20): view('v_frmAcervo')
#5 C:\wamp64\www\biblioteca\system\View\View.php(210): include('C:\\wamp64\\www\\b...')
#6 C:\wamp64\www\biblioteca\system\View\View.php(213): CodeIgniter\View\View->CodeIgniter\View\{closure}()
#7 C:\wamp64\www\biblioteca\system\Common.php(1089): CodeIgniter\View\View->render('template', Array, true)
#8 C:\wamp64\www\biblioteca\app\Controllers\Acervo.php(83): view('template', Array)
#9 C:\wamp64\www\biblioteca\system\CodeIgniter.php(825): App\Controllers\Acervo->editar('js', 'jquery-1.11.2.m...')
#10 C:\wamp64\www\biblioteca\system\CodeIgniter.php(412): CodeIgniter\CodeIgniter->runController(Object(App\Controllers\Acervo))
#11 C:\wamp64\www\biblioteca\system\CodeIgniter.php(320): CodeIgniter\CodeIgniter->handleRequest(NULL, Object(Config\Cache), false)
#12 C:\wamp64\www\biblioteca\public\index.php(37): CodeIgniter\CodeIgniter->run()
#13 {main}
CRITICAL - 2022-02-08 06:33:32 --> Invalid argument supplied for foreach()
#0 C:\wamp64\www\biblioteca\app\Views\v_frmAcervo.php(55): CodeIgniter\Debug\Exceptions->errorHandler(2, 'Invalid argumen...', 'C:\\wamp64\\www\\b...', 55, Array)
#1 C:\wamp64\www\biblioteca\system\View\View.php(210): include('C:\\wamp64\\www\\b...')
#2 C:\wamp64\www\biblioteca\system\View\View.php(213): CodeIgniter\View\View->CodeIgniter\View\{closure}()
#3 C:\wamp64\www\biblioteca\system\Common.php(1089): CodeIgniter\View\View->render('v_frmAcervo', Array, true)
#4 C:\wamp64\www\biblioteca\app\Views\template.php(20): view('v_frmAcervo')
#5 C:\wamp64\www\biblioteca\system\View\View.php(210): include('C:\\wamp64\\www\\b...')
#6 C:\wamp64\www\biblioteca\system\View\View.php(213): CodeIgniter\View\View->CodeIgniter\View\{closure}()
#7 C:\wamp64\www\biblioteca\system\Common.php(1089): CodeIgniter\View\View->render('template', Array, true)
#8 C:\wamp64\www\biblioteca\app\Controllers\Acervo.php(83): view('template', Array)
#9 C:\wamp64\www\biblioteca\system\CodeIgniter.php(825): App\Controllers\Acervo->editar('js', 'js.js')
#10 C:\wamp64\www\biblioteca\system\CodeIgniter.php(412): CodeIgniter\CodeIgniter->runController(Object(App\Controllers\Acervo))
#11 C:\wamp64\www\biblioteca\system\CodeIgniter.php(320): CodeIgniter\CodeIgniter->handleRequest(NULL, Object(Config\Cache), false)
#12 C:\wamp64\www\biblioteca\public\index.php(37): CodeIgniter\CodeIgniter->run()
#13 {main}
CRITICAL - 2022-02-08 08:07:44 --> Invalid argument supplied for foreach()
#0 C:\wamp64\www\biblioteca\app\Views\v_frmAcervo.php(76): CodeIgniter\Debug\Exceptions->errorHandler(2, 'Invalid argumen...', 'C:\\wamp64\\www\\b...', 76, Array)
#1 C:\wamp64\www\biblioteca\system\View\View.php(210): include('C:\\wamp64\\www\\b...')
#2 C:\wamp64\www\biblioteca\system\View\View.php(213): CodeIgniter\View\View->CodeIgniter\View\{closure}()
#3 C:\wamp64\www\biblioteca\system\Common.php(1089): CodeIgniter\View\View->render('v_frmAcervo', Array, true)
#4 C:\wamp64\www\biblioteca\app\Views\template.php(22): view('v_frmAcervo')
#5 C:\wamp64\www\biblioteca\system\View\View.php(210): include('C:\\wamp64\\www\\b...')
#6 C:\wamp64\www\biblioteca\system\View\View.php(213): CodeIgniter\View\View->CodeIgniter\View\{closure}()
#7 C:\wamp64\www\biblioteca\system\Common.php(1089): CodeIgniter\View\View->render('template', Array, true)
#8 C:\wamp64\www\biblioteca\app\Controllers\Acervo.php(83): view('template', Array)
#9 C:\wamp64\www\biblioteca\system\CodeIgniter.php(825): App\Controllers\Acervo->editar('21')
#10 C:\wamp64\www\biblioteca\system\CodeIgniter.php(412): CodeIgniter\CodeIgniter->runController(Object(App\Controllers\Acervo))
#11 C:\wamp64\www\biblioteca\system\CodeIgniter.php(320): CodeIgniter\CodeIgniter->handleRequest(NULL, Object(Config\Cache), false)
#12 C:\wamp64\www\biblioteca\public\index.php(37): CodeIgniter\CodeIgniter->run()
#13 {main}
ERROR - 2022-02-08 08:10:16 --> Duplicate entry '23' for key 'PRIMARY'
ERROR - 2022-02-08 13:07:34 --> Duplicate entry '103' for key 'PRIMARY'
ERROR - 2022-02-08 13:11:23 --> Duplicate entry '23' for key 'PRIMARY'
