CRITICAL - 2022-02-02 05:17:22 --> Too few arguments to function App\Controllers\Aluno::salvar(), 0 passed in C:\wamp64\www\biblioteca\system\CodeIgniter.php on line 825 and exactly 1 expected
#0 C:\wamp64\www\biblioteca\system\CodeIgniter.php(825): App\Controllers\Aluno->salvar()
#1 C:\wamp64\www\biblioteca\system\CodeIgniter.php(412): CodeIgniter\CodeIgniter->runController(Object(App\Controllers\Aluno))
#2 C:\wamp64\www\biblioteca\system\CodeIgniter.php(320): CodeIgniter\CodeIgniter->handleRequest(NULL, Object(Config\Cache), false)
#3 C:\wamp64\www\biblioteca\public\index.php(37): CodeIgniter\CodeIgniter->run()
#4 {main}
CRITICAL - 2022-02-02 05:19:05 --> Too few arguments to function App\Controllers\Aluno::salvar(), 0 passed in C:\wamp64\www\biblioteca\system\CodeIgniter.php on line 825 and exactly 1 expected
#0 C:\wamp64\www\biblioteca\system\CodeIgniter.php(825): App\Controllers\Aluno->salvar()
#1 C:\wamp64\www\biblioteca\system\CodeIgniter.php(412): CodeIgniter\CodeIgniter->runController(Object(App\Controllers\Aluno))
#2 C:\wamp64\www\biblioteca\system\CodeIgniter.php(320): CodeIgniter\CodeIgniter->handleRequest(NULL, Object(Config\Cache), false)
#3 C:\wamp64\www\biblioteca\public\index.php(37): CodeIgniter\CodeIgniter->run()
#4 {main}
CRITICAL - 2022-02-02 05:19:28 --> Too few arguments to function App\Controllers\Aluno::salvar(), 0 passed in C:\wamp64\www\biblioteca\system\CodeIgniter.php on line 825 and exactly 1 expected
#0 C:\wamp64\www\biblioteca\system\CodeIgniter.php(825): App\Controllers\Aluno->salvar()
#1 C:\wamp64\www\biblioteca\system\CodeIgniter.php(412): CodeIgniter\CodeIgniter->runController(Object(App\Controllers\Aluno))
#2 C:\wamp64\www\biblioteca\system\CodeIgniter.php(320): CodeIgniter\CodeIgniter->handleRequest(NULL, Object(Config\Cache), false)
#3 C:\wamp64\www\biblioteca\public\index.php(37): CodeIgniter\CodeIgniter->run()
#4 {main}
ERROR - 2022-02-02 05:20:00 --> Duplicate entry '48' for key 'PRIMARY'
CRITICAL - 2022-02-02 05:21:11 --> Too few arguments to function App\Controllers\Aluno::salvar(), 0 passed in C:\wamp64\www\biblioteca\system\CodeIgniter.php on line 825 and exactly 1 expected
#0 C:\wamp64\www\biblioteca\system\CodeIgniter.php(825): App\Controllers\Aluno->salvar()
#1 C:\wamp64\www\biblioteca\system\CodeIgniter.php(412): CodeIgniter\CodeIgniter->runController(Object(App\Controllers\Aluno))
#2 C:\wamp64\www\biblioteca\system\CodeIgniter.php(320): CodeIgniter\CodeIgniter->handleRequest(NULL, Object(Config\Cache), false)
#3 C:\wamp64\www\biblioteca\public\index.php(37): CodeIgniter\CodeIgniter->run()
#4 {main}
CRITICAL - 2022-02-02 05:22:54 --> Too few arguments to function App\Controllers\Aluno::salvar(), 0 passed in C:\wamp64\www\biblioteca\system\CodeIgniter.php on line 825 and exactly 1 expected
#0 C:\wamp64\www\biblioteca\system\CodeIgniter.php(825): App\Controllers\Aluno->salvar()
#1 C:\wamp64\www\biblioteca\system\CodeIgniter.php(412): CodeIgniter\CodeIgniter->runController(Object(App\Controllers\Aluno))
#2 C:\wamp64\www\biblioteca\system\CodeIgniter.php(320): CodeIgniter\CodeIgniter->handleRequest(NULL, Object(Config\Cache), false)
#3 C:\wamp64\www\biblioteca\public\index.php(37): CodeIgniter\CodeIgniter->run()
#4 {main}
ERROR - 2022-02-02 05:24:57 --> Duplicate entry '1' for key 'PRIMARY'
ERROR - 2022-02-02 05:25:40 --> Duplicate entry '1' for key 'PRIMARY'
ERROR - 2022-02-02 05:32:03 --> Duplicate entry '1' for key 'PRIMARY'
ERROR - 2022-02-02 05:32:50 --> Duplicate entry '1' for key 'PRIMARY'
ERROR - 2022-02-02 05:34:53 --> Duplicate entry '1' for key 'PRIMARY'
CRITICAL - 2022-02-02 05:36:56 --> Too few arguments to function App\Controllers\Aluno::atualizar(), 0 passed in C:\wamp64\www\biblioteca\system\CodeIgniter.php on line 825 and exactly 1 expected
#0 C:\wamp64\www\biblioteca\system\CodeIgniter.php(825): App\Controllers\Aluno->atualizar()
#1 C:\wamp64\www\biblioteca\system\CodeIgniter.php(412): CodeIgniter\CodeIgniter->runController(Object(App\Controllers\Aluno))
#2 C:\wamp64\www\biblioteca\system\CodeIgniter.php(320): CodeIgniter\CodeIgniter->handleRequest(NULL, Object(Config\Cache), false)
#3 C:\wamp64\www\biblioteca\public\index.php(37): CodeIgniter\CodeIgniter->run()
#4 {main}
CRITICAL - 2022-02-02 05:37:48 --> Too few arguments to function App\Controllers\Aluno::atualizar(), 0 passed in C:\wamp64\www\biblioteca\system\CodeIgniter.php on line 825 and exactly 1 expected
#0 C:\wamp64\www\biblioteca\system\CodeIgniter.php(825): App\Controllers\Aluno->atualizar()
#1 C:\wamp64\www\biblioteca\system\CodeIgniter.php(412): CodeIgniter\CodeIgniter->runController(Object(App\Controllers\Aluno))
#2 C:\wamp64\www\biblioteca\system\CodeIgniter.php(320): CodeIgniter\CodeIgniter->handleRequest(NULL, Object(Config\Cache), false)
#3 C:\wamp64\www\biblioteca\public\index.php(37): CodeIgniter\CodeIgniter->run()
#4 {main}
ERROR - 2022-02-02 05:38:11 --> Duplicate entry '1' for key 'PRIMARY'
ERROR - 2022-02-02 05:39:27 --> Duplicate entry '1' for key 'PRIMARY'
ERROR - 2022-02-02 05:42:27 --> Duplicate entry '0' for key 'PRIMARY'
ERROR - 2022-02-02 05:43:32 --> Duplicate entry '3' for key 'PRIMARY'
ERROR - 2022-02-02 05:44:00 --> Duplicate entry '3' for key 'PRIMARY'
ERROR - 2022-02-02 06:05:19 --> Duplicate entry '55' for key 'PRIMARY'
ERROR - 2022-02-02 06:05:56 --> Duplicate entry '54' for key 'PRIMARY'
ERROR - 2022-02-02 06:07:36 --> Duplicate entry '54' for key 'PRIMARY'
ERROR - 2022-02-02 06:08:16 --> Duplicate entry '54' for key 'PRIMARY'
ERROR - 2022-02-02 06:08:45 --> Duplicate entry '54' for key 'PRIMARY'
ERROR - 2022-02-02 06:09:55 --> Duplicate entry '54' for key 'PRIMARY'
ERROR - 2022-02-02 06:10:23 --> Duplicate entry '54' for key 'PRIMARY'
ERROR - 2022-02-02 06:10:53 --> Duplicate entry '54' for key 'PRIMARY'
ERROR - 2022-02-02 06:11:17 --> Duplicate entry '54' for key 'PRIMARY'
ERROR - 2022-02-02 06:12:24 --> Duplicate entry '54' for key 'PRIMARY'
ERROR - 2022-02-02 06:12:50 --> Duplicate entry '57' for key 'PRIMARY'
ERROR - 2022-02-02 06:14:50 --> Column 'data_nascimento' cannot be null
ERROR - 2022-02-02 06:15:34 --> Duplicate entry '57' for key 'PRIMARY'
ERROR - 2022-02-02 06:16:08 --> Duplicate entry '57' for key 'PRIMARY'
ERROR - 2022-02-02 06:17:29 --> Duplicate entry '57' for key 'PRIMARY'
ERROR - 2022-02-02 06:18:08 --> Duplicate entry '0' for key 'PRIMARY'
ERROR - 2022-02-02 06:18:18 --> Duplicate entry '0' for key 'PRIMARY'
ERROR - 2022-02-02 06:18:28 --> Duplicate entry '0' for key 'PRIMARY'
ERROR - 2022-02-02 06:18:59 --> Duplicate entry '57' for key 'PRIMARY'
ERROR - 2022-02-02 06:19:11 --> Duplicate entry '0' for key 'PRIMARY'
ERROR - 2022-02-02 06:20:42 --> Duplicate entry '57' for key 'PRIMARY'
CRITICAL - 2022-02-02 06:21:39 --> Too few arguments to function App\Controllers\Aluno::atualizar(), 0 passed in C:\wamp64\www\biblioteca\system\CodeIgniter.php on line 825 and exactly 1 expected
#0 C:\wamp64\www\biblioteca\system\CodeIgniter.php(825): App\Controllers\Aluno->atualizar()
#1 C:\wamp64\www\biblioteca\system\CodeIgniter.php(412): CodeIgniter\CodeIgniter->runController(Object(App\Controllers\Aluno))
#2 C:\wamp64\www\biblioteca\system\CodeIgniter.php(320): CodeIgniter\CodeIgniter->handleRequest(NULL, Object(Config\Cache), false)
#3 C:\wamp64\www\biblioteca\public\index.php(37): CodeIgniter\CodeIgniter->run()
#4 {main}
CRITICAL - 2022-02-02 06:22:21 --> Too few arguments to function App\Controllers\Aluno::atualizar(), 0 passed in C:\wamp64\www\biblioteca\system\CodeIgniter.php on line 825 and exactly 1 expected
#0 C:\wamp64\www\biblioteca\system\CodeIgniter.php(825): App\Controllers\Aluno->atualizar()
#1 C:\wamp64\www\biblioteca\system\CodeIgniter.php(412): CodeIgniter\CodeIgniter->runController(Object(App\Controllers\Aluno))
#2 C:\wamp64\www\biblioteca\system\CodeIgniter.php(320): CodeIgniter\CodeIgniter->handleRequest(NULL, Object(Config\Cache), false)
#3 C:\wamp64\www\biblioteca\public\index.php(37): CodeIgniter\CodeIgniter->run()
#4 {main}
ERROR - 2022-02-02 06:22:36 --> Duplicate entry '0' for key 'PRIMARY'
ERROR - 2022-02-02 06:22:50 --> Duplicate entry '0' for key 'PRIMARY'
ERROR - 2022-02-02 06:22:59 --> Duplicate entry '57' for key 'PRIMARY'
ERROR - 2022-02-02 06:25:37 --> Duplicate entry '0' for key 'PRIMARY'
ERROR - 2022-02-02 06:25:44 --> Duplicate entry '57' for key 'PRIMARY'
ERROR - 2022-02-02 06:26:15 --> Duplicate entry '0' for key 'PRIMARY'
ERROR - 2022-02-02 06:26:25 --> Duplicate entry '57' for key 'PRIMARY'
ERROR - 2022-02-02 06:32:28 --> Duplicate entry '0' for key 'PRIMARY'
CRITICAL - 2022-02-02 06:34:14 --> Too few arguments to function App\Controllers\Aluno::atualizar(), 0 passed in C:\wamp64\www\biblioteca\system\CodeIgniter.php on line 825 and exactly 1 expected
#0 C:\wamp64\www\biblioteca\system\CodeIgniter.php(825): App\Controllers\Aluno->atualizar()
#1 C:\wamp64\www\biblioteca\system\CodeIgniter.php(412): CodeIgniter\CodeIgniter->runController(Object(App\Controllers\Aluno))
#2 C:\wamp64\www\biblioteca\system\CodeIgniter.php(320): CodeIgniter\CodeIgniter->handleRequest(NULL, Object(Config\Cache), false)
#3 C:\wamp64\www\biblioteca\public\index.php(37): CodeIgniter\CodeIgniter->run()
#4 {main}
CRITICAL - 2022-02-02 06:38:34 --> Too few arguments to function App\Controllers\Aluno::atualizar(), 0 passed in C:\wamp64\www\biblioteca\system\CodeIgniter.php on line 825 and exactly 1 expected
#0 C:\wamp64\www\biblioteca\system\CodeIgniter.php(825): App\Controllers\Aluno->atualizar()
#1 C:\wamp64\www\biblioteca\system\CodeIgniter.php(412): CodeIgniter\CodeIgniter->runController(Object(App\Controllers\Aluno))
#2 C:\wamp64\www\biblioteca\system\CodeIgniter.php(320): CodeIgniter\CodeIgniter->handleRequest(NULL, Object(Config\Cache), false)
#3 C:\wamp64\www\biblioteca\public\index.php(37): CodeIgniter\CodeIgniter->run()
#4 {main}
ERROR - 2022-02-02 06:40:17 --> Duplicate entry '58' for key 'PRIMARY'
ERROR - 2022-02-02 07:02:11 --> Duplicate entry '60' for key 'PRIMARY'
ERROR - 2022-02-02 07:02:22 --> Duplicate entry '61' for key 'PRIMARY'
CRITICAL - 2022-02-02 07:09:11 --> Cannot use object of type stdClass as array
#0 C:\wamp64\www\biblioteca\system\View\View.php(210): include()
#1 C:\wamp64\www\biblioteca\system\View\View.php(213): CodeIgniter\View\View->CodeIgniter\View\{closure}()
#2 C:\wamp64\www\biblioteca\system\Common.php(1089): CodeIgniter\View\View->render('v_frmAluno', Array, true)
#3 C:\wamp64\www\biblioteca\app\Views\template.php(20): view('v_frmAluno')
#4 C:\wamp64\www\biblioteca\system\View\View.php(210): include('C:\\wamp64\\www\\b...')
#5 C:\wamp64\www\biblioteca\system\View\View.php(213): CodeIgniter\View\View->CodeIgniter\View\{closure}()
#6 C:\wamp64\www\biblioteca\system\Common.php(1089): CodeIgniter\View\View->render('template', Array, true)
#7 C:\wamp64\www\biblioteca\app\Controllers\Aluno.php(95): view('template', Array)
#8 C:\wamp64\www\biblioteca\system\CodeIgniter.php(825): App\Controllers\Aluno->editar('61')
#9 C:\wamp64\www\biblioteca\system\CodeIgniter.php(412): CodeIgniter\CodeIgniter->runController(Object(App\Controllers\Aluno))
#10 C:\wamp64\www\biblioteca\system\CodeIgniter.php(320): CodeIgniter\CodeIgniter->handleRequest(NULL, Object(Config\Cache), false)
#11 C:\wamp64\www\biblioteca\public\index.php(37): CodeIgniter\CodeIgniter->run()
#12 {main}
ERROR - 2022-02-02 07:10:57 --> Duplicate entry '61' for key 'PRIMARY'
CRITICAL - 2022-02-02 07:20:38 --> Assignments can only happen to writable values
#0 [internal function]: CodeIgniter\Debug\Exceptions->shutdownHandler()
#1 {main}
ERROR - 2022-02-02 07:21:17 --> Duplicate entry '0' for key 'PRIMARY'
ERROR - 2022-02-02 10:07:46 --> Duplicate entry '61' for key 'PRIMARY'
ERROR - 2022-02-02 10:18:53 --> Duplicate entry '63' for key 'PRIMARY'
ERROR - 2022-02-02 10:19:04 --> Duplicate entry '61' for key 'PRIMARY'
CRITICAL - 2022-02-02 10:59:42 --> There is no data to update.
#0 C:\wamp64\www\biblioteca\system\BaseModel.php(1574): CodeIgniter\Database\Exceptions\DataException::forEmptyDataset('update')
#1 C:\wamp64\www\biblioteca\system\BaseModel.php(832): CodeIgniter\BaseModel->transformDataToArray(NULL, 'update')
#2 C:\wamp64\www\biblioteca\system\Model.php(651): CodeIgniter\BaseModel->update(Array, NULL)
#3 C:\wamp64\www\biblioteca\app\Controllers\Aluno.php(116): CodeIgniter\Model->update('63', NULL)
#4 C:\wamp64\www\biblioteca\system\CodeIgniter.php(825): App\Controllers\Aluno->editar('63')
#5 C:\wamp64\www\biblioteca\system\CodeIgniter.php(412): CodeIgniter\CodeIgniter->runController(Object(App\Controllers\Aluno))
#6 C:\wamp64\www\biblioteca\system\CodeIgniter.php(320): CodeIgniter\CodeIgniter->handleRequest(NULL, Object(Config\Cache), false)
#7 C:\wamp64\www\biblioteca\public\index.php(37): CodeIgniter\CodeIgniter->run()
#8 {main}
CRITICAL - 2022-02-02 11:02:19 --> There is no data to update.
#0 C:\wamp64\www\biblioteca\system\BaseModel.php(1574): CodeIgniter\Database\Exceptions\DataException::forEmptyDataset('update')
#1 C:\wamp64\www\biblioteca\system\BaseModel.php(832): CodeIgniter\BaseModel->transformDataToArray(NULL, 'update')
#2 C:\wamp64\www\biblioteca\system\Model.php(651): CodeIgniter\BaseModel->update(Array, NULL)
#3 C:\wamp64\www\biblioteca\app\Controllers\Aluno.php(116): CodeIgniter\Model->update('63', NULL)
#4 C:\wamp64\www\biblioteca\system\CodeIgniter.php(825): App\Controllers\Aluno->editar('63')
#5 C:\wamp64\www\biblioteca\system\CodeIgniter.php(412): CodeIgniter\CodeIgniter->runController(Object(App\Controllers\Aluno))
#6 C:\wamp64\www\biblioteca\system\CodeIgniter.php(320): CodeIgniter\CodeIgniter->handleRequest(NULL, Object(Config\Cache), false)
#7 C:\wamp64\www\biblioteca\public\index.php(37): CodeIgniter\CodeIgniter->run()
#8 {main}
CRITICAL - 2022-02-02 11:02:29 --> There is no data to update.
#0 C:\wamp64\www\biblioteca\system\BaseModel.php(1574): CodeIgniter\Database\Exceptions\DataException::forEmptyDataset('update')
#1 C:\wamp64\www\biblioteca\system\BaseModel.php(832): CodeIgniter\BaseModel->transformDataToArray(NULL, 'update')
#2 C:\wamp64\www\biblioteca\system\Model.php(651): CodeIgniter\BaseModel->update(Array, NULL)
#3 C:\wamp64\www\biblioteca\app\Controllers\Aluno.php(116): CodeIgniter\Model->update('63', NULL)
#4 C:\wamp64\www\biblioteca\system\CodeIgniter.php(825): App\Controllers\Aluno->editar('63')
#5 C:\wamp64\www\biblioteca\system\CodeIgniter.php(412): CodeIgniter\CodeIgniter->runController(Object(App\Controllers\Aluno))
#6 C:\wamp64\www\biblioteca\system\CodeIgniter.php(320): CodeIgniter\CodeIgniter->handleRequest(NULL, Object(Config\Cache), false)
#7 C:\wamp64\www\biblioteca\public\index.php(37): CodeIgniter\CodeIgniter->run()
#8 {main}
CRITICAL - 2022-02-02 11:05:12 --> There is no data to update.
#0 C:\wamp64\www\biblioteca\system\BaseModel.php(1574): CodeIgniter\Database\Exceptions\DataException::forEmptyDataset('update')
#1 C:\wamp64\www\biblioteca\system\BaseModel.php(832): CodeIgniter\BaseModel->transformDataToArray(NULL, 'update')
#2 C:\wamp64\www\biblioteca\system\Model.php(651): CodeIgniter\BaseModel->update(Array, NULL)
#3 C:\wamp64\www\biblioteca\app\Controllers\Aluno.php(116): CodeIgniter\Model->update('63', NULL)
#4 C:\wamp64\www\biblioteca\system\CodeIgniter.php(825): App\Controllers\Aluno->editar('63')
#5 C:\wamp64\www\biblioteca\system\CodeIgniter.php(412): CodeIgniter\CodeIgniter->runController(Object(App\Controllers\Aluno))
#6 C:\wamp64\www\biblioteca\system\CodeIgniter.php(320): CodeIgniter\CodeIgniter->handleRequest(NULL, Object(Config\Cache), false)
#7 C:\wamp64\www\biblioteca\public\index.php(37): CodeIgniter\CodeIgniter->run()
#8 {main}
CRITICAL - 2022-02-02 11:05:18 --> There is no data to update.
#0 C:\wamp64\www\biblioteca\system\BaseModel.php(1574): CodeIgniter\Database\Exceptions\DataException::forEmptyDataset('update')
#1 C:\wamp64\www\biblioteca\system\BaseModel.php(832): CodeIgniter\BaseModel->transformDataToArray(NULL, 'update')
#2 C:\wamp64\www\biblioteca\system\Model.php(651): CodeIgniter\BaseModel->update(Array, NULL)
#3 C:\wamp64\www\biblioteca\app\Controllers\Aluno.php(116): CodeIgniter\Model->update('63', NULL)
#4 C:\wamp64\www\biblioteca\system\CodeIgniter.php(825): App\Controllers\Aluno->editar('63')
#5 C:\wamp64\www\biblioteca\system\CodeIgniter.php(412): CodeIgniter\CodeIgniter->runController(Object(App\Controllers\Aluno))
#6 C:\wamp64\www\biblioteca\system\CodeIgniter.php(320): CodeIgniter\CodeIgniter->handleRequest(NULL, Object(Config\Cache), false)
#7 C:\wamp64\www\biblioteca\public\index.php(37): CodeIgniter\CodeIgniter->run()
#8 {main}
CRITICAL - 2022-02-02 11:05:59 --> Invalid argument supplied for foreach()
#0 C:\wamp64\www\biblioteca\app\Views\v_lstAluno.php(42): CodeIgniter\Debug\Exceptions->errorHandler(2, 'Invalid argumen...', 'C:\\wamp64\\www\\b...', 42, Array)
#1 C:\wamp64\www\biblioteca\system\View\View.php(210): include('C:\\wamp64\\www\\b...')
#2 C:\wamp64\www\biblioteca\system\View\View.php(213): CodeIgniter\View\View->CodeIgniter\View\{closure}()
#3 C:\wamp64\www\biblioteca\system\Common.php(1089): CodeIgniter\View\View->render('v_lstAluno', Array, true)
#4 C:\wamp64\www\biblioteca\app\Views\template.php(20): view('v_lstAluno')
#5 C:\wamp64\www\biblioteca\system\View\View.php(210): include('C:\\wamp64\\www\\b...')
#6 C:\wamp64\www\biblioteca\system\View\View.php(213): CodeIgniter\View\View->CodeIgniter\View\{closure}()
#7 C:\wamp64\www\biblioteca\system\Common.php(1089): CodeIgniter\View\View->render('template', Array, true)
#8 C:\wamp64\www\biblioteca\app\Controllers\Aluno.php(14): view('template', Array)
#9 C:\wamp64\www\biblioteca\system\CodeIgniter.php(825): App\Controllers\Aluno->index()
#10 C:\wamp64\www\biblioteca\system\CodeIgniter.php(412): CodeIgniter\CodeIgniter->runController(Object(App\Controllers\Aluno))
#11 C:\wamp64\www\biblioteca\system\CodeIgniter.php(320): CodeIgniter\CodeIgniter->handleRequest(NULL, Object(Config\Cache), false)
#12 C:\wamp64\www\biblioteca\public\index.php(37): CodeIgniter\CodeIgniter->run()
#13 {main}
CRITICAL - 2022-02-02 11:06:03 --> Invalid argument supplied for foreach()
#0 C:\wamp64\www\biblioteca\app\Views\v_lstAluno.php(42): CodeIgniter\Debug\Exceptions->errorHandler(2, 'Invalid argumen...', 'C:\\wamp64\\www\\b...', 42, Array)
#1 C:\wamp64\www\biblioteca\system\View\View.php(210): include('C:\\wamp64\\www\\b...')
#2 C:\wamp64\www\biblioteca\system\View\View.php(213): CodeIgniter\View\View->CodeIgniter\View\{closure}()
#3 C:\wamp64\www\biblioteca\system\Common.php(1089): CodeIgniter\View\View->render('v_lstAluno', Array, true)
#4 C:\wamp64\www\biblioteca\app\Views\template.php(20): view('v_lstAluno')
#5 C:\wamp64\www\biblioteca\system\View\View.php(210): include('C:\\wamp64\\www\\b...')
#6 C:\wamp64\www\biblioteca\system\View\View.php(213): CodeIgniter\View\View->CodeIgniter\View\{closure}()
#7 C:\wamp64\www\biblioteca\system\Common.php(1089): CodeIgniter\View\View->render('template', Array, true)
#8 C:\wamp64\www\biblioteca\app\Controllers\Aluno.php(14): view('template', Array)
#9 C:\wamp64\www\biblioteca\system\CodeIgniter.php(825): App\Controllers\Aluno->index()
#10 C:\wamp64\www\biblioteca\system\CodeIgniter.php(412): CodeIgniter\CodeIgniter->runController(Object(App\Controllers\Aluno))
#11 C:\wamp64\www\biblioteca\system\CodeIgniter.php(320): CodeIgniter\CodeIgniter->handleRequest(NULL, Object(Config\Cache), false)
#12 C:\wamp64\www\biblioteca\public\index.php(37): CodeIgniter\CodeIgniter->run()
#13 {main}
ERROR - 2022-02-02 11:06:50 --> Duplicate entry '63' for key 'PRIMARY'
CRITICAL - 2022-02-02 11:11:29 --> There is no data to update.
#0 C:\wamp64\www\biblioteca\system\BaseModel.php(1574): CodeIgniter\Database\Exceptions\DataException::forEmptyDataset('update')
#1 C:\wamp64\www\biblioteca\system\BaseModel.php(832): CodeIgniter\BaseModel->transformDataToArray(NULL, 'update')
#2 C:\wamp64\www\biblioteca\system\Model.php(651): CodeIgniter\BaseModel->update(Array, NULL)
#3 C:\wamp64\www\biblioteca\app\Controllers\Aluno.php(98): CodeIgniter\Model->update('61', NULL)
#4 C:\wamp64\www\biblioteca\system\CodeIgniter.php(825): App\Controllers\Aluno->editar('61')
#5 C:\wamp64\www\biblioteca\system\CodeIgniter.php(412): CodeIgniter\CodeIgniter->runController(Object(App\Controllers\Aluno))
#6 C:\wamp64\www\biblioteca\system\CodeIgniter.php(320): CodeIgniter\CodeIgniter->handleRequest(NULL, Object(Config\Cache), false)
#7 C:\wamp64\www\biblioteca\public\index.php(37): CodeIgniter\CodeIgniter->run()
#8 {main}
CRITICAL - 2022-02-02 11:11:44 --> There is no data to update.
#0 C:\wamp64\www\biblioteca\system\BaseModel.php(1574): CodeIgniter\Database\Exceptions\DataException::forEmptyDataset('update')
#1 C:\wamp64\www\biblioteca\system\BaseModel.php(832): CodeIgniter\BaseModel->transformDataToArray(NULL, 'update')
#2 C:\wamp64\www\biblioteca\system\Model.php(651): CodeIgniter\BaseModel->update(Array, NULL)
#3 C:\wamp64\www\biblioteca\app\Controllers\Aluno.php(98): CodeIgniter\Model->update('61', NULL)
#4 C:\wamp64\www\biblioteca\system\CodeIgniter.php(825): App\Controllers\Aluno->editar('61')
#5 C:\wamp64\www\biblioteca\system\CodeIgniter.php(412): CodeIgniter\CodeIgniter->runController(Object(App\Controllers\Aluno))
#6 C:\wamp64\www\biblioteca\system\CodeIgniter.php(320): CodeIgniter\CodeIgniter->handleRequest(NULL, Object(Config\Cache), false)
#7 C:\wamp64\www\biblioteca\public\index.php(37): CodeIgniter\CodeIgniter->run()
#8 {main}
CRITICAL - 2022-02-02 11:11:51 --> There is no data to update.
#0 C:\wamp64\www\biblioteca\system\BaseModel.php(1574): CodeIgniter\Database\Exceptions\DataException::forEmptyDataset('update')
#1 C:\wamp64\www\biblioteca\system\BaseModel.php(832): CodeIgniter\BaseModel->transformDataToArray(NULL, 'update')
#2 C:\wamp64\www\biblioteca\system\Model.php(651): CodeIgniter\BaseModel->update(Array, NULL)
#3 C:\wamp64\www\biblioteca\app\Controllers\Aluno.php(98): CodeIgniter\Model->update('63', NULL)
#4 C:\wamp64\www\biblioteca\system\CodeIgniter.php(825): App\Controllers\Aluno->editar('63')
#5 C:\wamp64\www\biblioteca\system\CodeIgniter.php(412): CodeIgniter\CodeIgniter->runController(Object(App\Controllers\Aluno))
#6 C:\wamp64\www\biblioteca\system\CodeIgniter.php(320): CodeIgniter\CodeIgniter->handleRequest(NULL, Object(Config\Cache), false)
#7 C:\wamp64\www\biblioteca\public\index.php(37): CodeIgniter\CodeIgniter->run()
#8 {main}
CRITICAL - 2022-02-02 11:25:45 --> There is no data to update.
#0 C:\wamp64\www\biblioteca\system\BaseModel.php(1574): CodeIgniter\Database\Exceptions\DataException::forEmptyDataset('update')
#1 C:\wamp64\www\biblioteca\system\BaseModel.php(832): CodeIgniter\BaseModel->transformDataToArray(NULL, 'update')
#2 C:\wamp64\www\biblioteca\system\Model.php(651): CodeIgniter\BaseModel->update(Array, NULL)
#3 C:\wamp64\www\biblioteca\app\Controllers\Aluno.php(119): CodeIgniter\Model->update('js', NULL)
#4 C:\wamp64\www\biblioteca\system\CodeIgniter.php(825): App\Controllers\Aluno->editar('js', 'js.js')
#5 C:\wamp64\www\biblioteca\system\CodeIgniter.php(412): CodeIgniter\CodeIgniter->runController(Object(App\Controllers\Aluno))
#6 C:\wamp64\www\biblioteca\system\CodeIgniter.php(320): CodeIgniter\CodeIgniter->handleRequest(NULL, Object(Config\Cache), false)
#7 C:\wamp64\www\biblioteca\public\index.php(37): CodeIgniter\CodeIgniter->run()
#8 {main}
CRITICAL - 2022-02-02 11:25:45 --> There is no data to update.
#0 C:\wamp64\www\biblioteca\system\BaseModel.php(1574): CodeIgniter\Database\Exceptions\DataException::forEmptyDataset('update')
#1 C:\wamp64\www\biblioteca\system\BaseModel.php(832): CodeIgniter\BaseModel->transformDataToArray(NULL, 'update')
#2 C:\wamp64\www\biblioteca\system\Model.php(651): CodeIgniter\BaseModel->update(Array, NULL)
#3 C:\wamp64\www\biblioteca\app\Controllers\Aluno.php(119): CodeIgniter\Model->update('js', NULL)
#4 C:\wamp64\www\biblioteca\system\CodeIgniter.php(825): App\Controllers\Aluno->editar('js', 'jquery-1.11.2.m...')
#5 C:\wamp64\www\biblioteca\system\CodeIgniter.php(412): CodeIgniter\CodeIgniter->runController(Object(App\Controllers\Aluno))
#6 C:\wamp64\www\biblioteca\system\CodeIgniter.php(320): CodeIgniter\CodeIgniter->handleRequest(NULL, Object(Config\Cache), false)
#7 C:\wamp64\www\biblioteca\public\index.php(37): CodeIgniter\CodeIgniter->run()
#8 {main}
CRITICAL - 2022-02-02 11:25:45 --> There is no data to update.
#0 C:\wamp64\www\biblioteca\system\BaseModel.php(1574): CodeIgniter\Database\Exceptions\DataException::forEmptyDataset('update')
#1 C:\wamp64\www\biblioteca\system\BaseModel.php(832): CodeIgniter\BaseModel->transformDataToArray(NULL, 'update')
#2 C:\wamp64\www\biblioteca\system\Model.php(651): CodeIgniter\BaseModel->update(Array, NULL)
#3 C:\wamp64\www\biblioteca\app\Controllers\Aluno.php(119): CodeIgniter\Model->update('js', NULL)
#4 C:\wamp64\www\biblioteca\system\CodeIgniter.php(825): App\Controllers\Aluno->editar('js', 'js.js')
#5 C:\wamp64\www\biblioteca\system\CodeIgniter.php(412): CodeIgniter\CodeIgniter->runController(Object(App\Controllers\Aluno))
#6 C:\wamp64\www\biblioteca\system\CodeIgniter.php(320): CodeIgniter\CodeIgniter->handleRequest(NULL, Object(Config\Cache), false)
#7 C:\wamp64\www\biblioteca\public\index.php(37): CodeIgniter\CodeIgniter->run()
#8 {main}
ERROR - 2022-02-02 11:25:55 --> Duplicate entry '63' for key 'PRIMARY'
CRITICAL - 2022-02-02 11:26:34 --> There is no data to update.
#0 C:\wamp64\www\biblioteca\system\BaseModel.php(1574): CodeIgniter\Database\Exceptions\DataException::forEmptyDataset('update')
#1 C:\wamp64\www\biblioteca\system\BaseModel.php(832): CodeIgniter\BaseModel->transformDataToArray(NULL, 'update')
#2 C:\wamp64\www\biblioteca\system\Model.php(651): CodeIgniter\BaseModel->update(Array, NULL)
#3 C:\wamp64\www\biblioteca\app\Controllers\Aluno.php(119): CodeIgniter\Model->update('js', NULL)
#4 C:\wamp64\www\biblioteca\system\CodeIgniter.php(825): App\Controllers\Aluno->editar('js', 'jquery-1.11.2.m...')
#5 C:\wamp64\www\biblioteca\system\CodeIgniter.php(412): CodeIgniter\CodeIgniter->runController(Object(App\Controllers\Aluno))
#6 C:\wamp64\www\biblioteca\system\CodeIgniter.php(320): CodeIgniter\CodeIgniter->handleRequest(NULL, Object(Config\Cache), false)
#7 C:\wamp64\www\biblioteca\public\index.php(37): CodeIgniter\CodeIgniter->run()
#8 {main}
CRITICAL - 2022-02-02 11:26:34 --> There is no data to update.
#0 C:\wamp64\www\biblioteca\system\BaseModel.php(1574): CodeIgniter\Database\Exceptions\DataException::forEmptyDataset('update')
#1 C:\wamp64\www\biblioteca\system\BaseModel.php(832): CodeIgniter\BaseModel->transformDataToArray(NULL, 'update')
#2 C:\wamp64\www\biblioteca\system\Model.php(651): CodeIgniter\BaseModel->update(Array, NULL)
#3 C:\wamp64\www\biblioteca\app\Controllers\Aluno.php(119): CodeIgniter\Model->update('js', NULL)
#4 C:\wamp64\www\biblioteca\system\CodeIgniter.php(825): App\Controllers\Aluno->editar('js', 'js.js')
#5 C:\wamp64\www\biblioteca\system\CodeIgniter.php(412): CodeIgniter\CodeIgniter->runController(Object(App\Controllers\Aluno))
#6 C:\wamp64\www\biblioteca\system\CodeIgniter.php(320): CodeIgniter\CodeIgniter->handleRequest(NULL, Object(Config\Cache), false)
#7 C:\wamp64\www\biblioteca\public\index.php(37): CodeIgniter\CodeIgniter->run()
#8 {main}
ERROR - 2022-02-02 11:26:39 --> Duplicate entry '63' for key 'PRIMARY'
CRITICAL - 2022-02-02 11:30:55 --> Call to undefined method stdClass::update()
#0 C:\wamp64\www\biblioteca\system\CodeIgniter.php(825): App\Controllers\Aluno->editar('63')
#1 C:\wamp64\www\biblioteca\system\CodeIgniter.php(412): CodeIgniter\CodeIgniter->runController(Object(App\Controllers\Aluno))
#2 C:\wamp64\www\biblioteca\system\CodeIgniter.php(320): CodeIgniter\CodeIgniter->handleRequest(NULL, Object(Config\Cache), false)
#3 C:\wamp64\www\biblioteca\public\index.php(37): CodeIgniter\CodeIgniter->run()
#4 {main}
CRITICAL - 2022-02-02 11:31:38 --> Call to undefined method stdClass::update()
#0 C:\wamp64\www\biblioteca\system\CodeIgniter.php(825): App\Controllers\Aluno->editar('63')
#1 C:\wamp64\www\biblioteca\system\CodeIgniter.php(412): CodeIgniter\CodeIgniter->runController(Object(App\Controllers\Aluno))
#2 C:\wamp64\www\biblioteca\system\CodeIgniter.php(320): CodeIgniter\CodeIgniter->handleRequest(NULL, Object(Config\Cache), false)
#3 C:\wamp64\www\biblioteca\public\index.php(37): CodeIgniter\CodeIgniter->run()
#4 {main}
CRITICAL - 2022-02-02 11:31:45 --> Call to undefined method stdClass::update()
#0 C:\wamp64\www\biblioteca\system\CodeIgniter.php(825): App\Controllers\Aluno->editar('63')
#1 C:\wamp64\www\biblioteca\system\CodeIgniter.php(412): CodeIgniter\CodeIgniter->runController(Object(App\Controllers\Aluno))
#2 C:\wamp64\www\biblioteca\system\CodeIgniter.php(320): CodeIgniter\CodeIgniter->handleRequest(NULL, Object(Config\Cache), false)
#3 C:\wamp64\www\biblioteca\public\index.php(37): CodeIgniter\CodeIgniter->run()
#4 {main}
CRITICAL - 2022-02-02 11:31:52 --> There is no data to update.
#0 C:\wamp64\www\biblioteca\system\BaseModel.php(1574): CodeIgniter\Database\Exceptions\DataException::forEmptyDataset('update')
#1 C:\wamp64\www\biblioteca\system\BaseModel.php(832): CodeIgniter\BaseModel->transformDataToArray(NULL, 'update')
#2 C:\wamp64\www\biblioteca\system\Model.php(651): CodeIgniter\BaseModel->update(Array, NULL)
#3 C:\wamp64\www\biblioteca\app\Controllers\Aluno.php(119): CodeIgniter\Model->update('js', NULL)
#4 C:\wamp64\www\biblioteca\system\CodeIgniter.php(825): App\Controllers\Aluno->editar('js', 'jquery-1.11.2.m...')
#5 C:\wamp64\www\biblioteca\system\CodeIgniter.php(412): CodeIgniter\CodeIgniter->runController(Object(App\Controllers\Aluno))
#6 C:\wamp64\www\biblioteca\system\CodeIgniter.php(320): CodeIgniter\CodeIgniter->handleRequest(NULL, Object(Config\Cache), false)
#7 C:\wamp64\www\biblioteca\public\index.php(37): CodeIgniter\CodeIgniter->run()
#8 {main}
CRITICAL - 2022-02-02 11:31:52 --> There is no data to update.
#0 C:\wamp64\www\biblioteca\system\BaseModel.php(1574): CodeIgniter\Database\Exceptions\DataException::forEmptyDataset('update')
#1 C:\wamp64\www\biblioteca\system\BaseModel.php(832): CodeIgniter\BaseModel->transformDataToArray(NULL, 'update')
#2 C:\wamp64\www\biblioteca\system\Model.php(651): CodeIgniter\BaseModel->update(Array, NULL)
#3 C:\wamp64\www\biblioteca\app\Controllers\Aluno.php(119): CodeIgniter\Model->update('js', NULL)
#4 C:\wamp64\www\biblioteca\system\CodeIgniter.php(825): App\Controllers\Aluno->editar('js', 'js.js')
#5 C:\wamp64\www\biblioteca\system\CodeIgniter.php(412): CodeIgniter\CodeIgniter->runController(Object(App\Controllers\Aluno))
#6 C:\wamp64\www\biblioteca\system\CodeIgniter.php(320): CodeIgniter\CodeIgniter->handleRequest(NULL, Object(Config\Cache), false)
#7 C:\wamp64\www\biblioteca\public\index.php(37): CodeIgniter\CodeIgniter->run()
#8 {main}
CRITICAL - 2022-02-02 11:31:52 --> There is no data to update.
#0 C:\wamp64\www\biblioteca\system\BaseModel.php(1574): CodeIgniter\Database\Exceptions\DataException::forEmptyDataset('update')
#1 C:\wamp64\www\biblioteca\system\BaseModel.php(832): CodeIgniter\BaseModel->transformDataToArray(NULL, 'update')
#2 C:\wamp64\www\biblioteca\system\Model.php(651): CodeIgniter\BaseModel->update(Array, NULL)
#3 C:\wamp64\www\biblioteca\app\Controllers\Aluno.php(119): CodeIgniter\Model->update('js', NULL)
#4 C:\wamp64\www\biblioteca\system\CodeIgniter.php(825): App\Controllers\Aluno->editar('js', 'js.js')
#5 C:\wamp64\www\biblioteca\system\CodeIgniter.php(412): CodeIgniter\CodeIgniter->runController(Object(App\Controllers\Aluno))
#6 C:\wamp64\www\biblioteca\system\CodeIgniter.php(320): CodeIgniter\CodeIgniter->handleRequest(NULL, Object(Config\Cache), false)
#7 C:\wamp64\www\biblioteca\public\index.php(37): CodeIgniter\CodeIgniter->run()
#8 {main}
ERROR - 2022-02-02 11:32:08 --> Duplicate entry '63' for key 'PRIMARY'
CRITICAL - 2022-02-02 11:33:01 --> There is no data to update.
#0 C:\wamp64\www\biblioteca\system\BaseModel.php(1574): CodeIgniter\Database\Exceptions\DataException::forEmptyDataset('update')
#1 C:\wamp64\www\biblioteca\system\BaseModel.php(832): CodeIgniter\BaseModel->transformDataToArray(NULL, 'update')
#2 C:\wamp64\www\biblioteca\system\Model.php(651): CodeIgniter\BaseModel->update(Array, NULL)
#3 C:\wamp64\www\biblioteca\app\Controllers\Aluno.php(119): CodeIgniter\Model->update('js', NULL)
#4 C:\wamp64\www\biblioteca\system\CodeIgniter.php(825): App\Controllers\Aluno->editar('js', 'js.js')
#5 C:\wamp64\www\biblioteca\system\CodeIgniter.php(412): CodeIgniter\CodeIgniter->runController(Object(App\Controllers\Aluno))
#6 C:\wamp64\www\biblioteca\system\CodeIgniter.php(320): CodeIgniter\CodeIgniter->handleRequest(NULL, Object(Config\Cache), false)
#7 C:\wamp64\www\biblioteca\public\index.php(37): CodeIgniter\CodeIgniter->run()
#8 {main}
CRITICAL - 2022-02-02 11:33:01 --> There is no data to update.
#0 C:\wamp64\www\biblioteca\system\BaseModel.php(1574): CodeIgniter\Database\Exceptions\DataException::forEmptyDataset('update')
#1 C:\wamp64\www\biblioteca\system\BaseModel.php(832): CodeIgniter\BaseModel->transformDataToArray(NULL, 'update')
#2 C:\wamp64\www\biblioteca\system\Model.php(651): CodeIgniter\BaseModel->update(Array, NULL)
#3 C:\wamp64\www\biblioteca\app\Controllers\Aluno.php(119): CodeIgniter\Model->update('js', NULL)
#4 C:\wamp64\www\biblioteca\system\CodeIgniter.php(825): App\Controllers\Aluno->editar('js', 'jquery-1.11.2.m...')
#5 C:\wamp64\www\biblioteca\system\CodeIgniter.php(412): CodeIgniter\CodeIgniter->runController(Object(App\Controllers\Aluno))
#6 C:\wamp64\www\biblioteca\system\CodeIgniter.php(320): CodeIgniter\CodeIgniter->handleRequest(NULL, Object(Config\Cache), false)
#7 C:\wamp64\www\biblioteca\public\index.php(37): CodeIgniter\CodeIgniter->run()
#8 {main}
CRITICAL - 2022-02-02 11:33:01 --> There is no data to update.
#0 C:\wamp64\www\biblioteca\system\BaseModel.php(1574): CodeIgniter\Database\Exceptions\DataException::forEmptyDataset('update')
#1 C:\wamp64\www\biblioteca\system\BaseModel.php(832): CodeIgniter\BaseModel->transformDataToArray(NULL, 'update')
#2 C:\wamp64\www\biblioteca\system\Model.php(651): CodeIgniter\BaseModel->update(Array, NULL)
#3 C:\wamp64\www\biblioteca\app\Controllers\Aluno.php(119): CodeIgniter\Model->update('js', NULL)
#4 C:\wamp64\www\biblioteca\system\CodeIgniter.php(825): App\Controllers\Aluno->editar('js', 'js.js')
#5 C:\wamp64\www\biblioteca\system\CodeIgniter.php(412): CodeIgniter\CodeIgniter->runController(Object(App\Controllers\Aluno))
#6 C:\wamp64\www\biblioteca\system\CodeIgniter.php(320): CodeIgniter\CodeIgniter->handleRequest(NULL, Object(Config\Cache), false)
#7 C:\wamp64\www\biblioteca\public\index.php(37): CodeIgniter\CodeIgniter->run()
#8 {main}
ERROR - 2022-02-02 11:33:06 --> Duplicate entry '63' for key 'PRIMARY'
CRITICAL - 2022-02-02 11:33:34 --> There is no data to update.
#0 C:\wamp64\www\biblioteca\system\BaseModel.php(1574): CodeIgniter\Database\Exceptions\DataException::forEmptyDataset('update')
#1 C:\wamp64\www\biblioteca\system\BaseModel.php(832): CodeIgniter\BaseModel->transformDataToArray(NULL, 'update')
#2 C:\wamp64\www\biblioteca\system\Model.php(651): CodeIgniter\BaseModel->update(Array, NULL)
#3 C:\wamp64\www\biblioteca\app\Controllers\Aluno.php(119): CodeIgniter\Model->update('js', NULL)
#4 C:\wamp64\www\biblioteca\system\CodeIgniter.php(825): App\Controllers\Aluno->editar('js', 'js.js')
#5 C:\wamp64\www\biblioteca\system\CodeIgniter.php(412): CodeIgniter\CodeIgniter->runController(Object(App\Controllers\Aluno))
#6 C:\wamp64\www\biblioteca\system\CodeIgniter.php(320): CodeIgniter\CodeIgniter->handleRequest(NULL, Object(Config\Cache), false)
#7 C:\wamp64\www\biblioteca\public\index.php(37): CodeIgniter\CodeIgniter->run()
#8 {main}
CRITICAL - 2022-02-02 11:33:34 --> There is no data to update.
#0 C:\wamp64\www\biblioteca\system\BaseModel.php(1574): CodeIgniter\Database\Exceptions\DataException::forEmptyDataset('update')
#1 C:\wamp64\www\biblioteca\system\BaseModel.php(832): CodeIgniter\BaseModel->transformDataToArray(NULL, 'update')
#2 C:\wamp64\www\biblioteca\system\Model.php(651): CodeIgniter\BaseModel->update(Array, NULL)
#3 C:\wamp64\www\biblioteca\app\Controllers\Aluno.php(119): CodeIgniter\Model->update('js', NULL)
#4 C:\wamp64\www\biblioteca\system\CodeIgniter.php(825): App\Controllers\Aluno->editar('js', 'jquery-1.11.2.m...')
#5 C:\wamp64\www\biblioteca\system\CodeIgniter.php(412): CodeIgniter\CodeIgniter->runController(Object(App\Controllers\Aluno))
#6 C:\wamp64\www\biblioteca\system\CodeIgniter.php(320): CodeIgniter\CodeIgniter->handleRequest(NULL, Object(Config\Cache), false)
#7 C:\wamp64\www\biblioteca\public\index.php(37): CodeIgniter\CodeIgniter->run()
#8 {main}
CRITICAL - 2022-02-02 11:33:34 --> There is no data to update.
#0 C:\wamp64\www\biblioteca\system\BaseModel.php(1574): CodeIgniter\Database\Exceptions\DataException::forEmptyDataset('update')
#1 C:\wamp64\www\biblioteca\system\BaseModel.php(832): CodeIgniter\BaseModel->transformDataToArray(NULL, 'update')
#2 C:\wamp64\www\biblioteca\system\Model.php(651): CodeIgniter\BaseModel->update(Array, NULL)
#3 C:\wamp64\www\biblioteca\app\Controllers\Aluno.php(119): CodeIgniter\Model->update('js', NULL)
#4 C:\wamp64\www\biblioteca\system\CodeIgniter.php(825): App\Controllers\Aluno->editar('js', 'js.js')
#5 C:\wamp64\www\biblioteca\system\CodeIgniter.php(412): CodeIgniter\CodeIgniter->runController(Object(App\Controllers\Aluno))
#6 C:\wamp64\www\biblioteca\system\CodeIgniter.php(320): CodeIgniter\CodeIgniter->handleRequest(NULL, Object(Config\Cache), false)
#7 C:\wamp64\www\biblioteca\public\index.php(37): CodeIgniter\CodeIgniter->run()
#8 {main}
CRITICAL - 2022-02-02 11:35:19 --> There is no data to update.
#0 C:\wamp64\www\biblioteca\system\BaseModel.php(1574): CodeIgniter\Database\Exceptions\DataException::forEmptyDataset('update')
#1 C:\wamp64\www\biblioteca\system\BaseModel.php(832): CodeIgniter\BaseModel->transformDataToArray(Array, 'update')
#2 C:\wamp64\www\biblioteca\system\Model.php(651): CodeIgniter\BaseModel->update(Array, Array)
#3 C:\wamp64\www\biblioteca\app\Controllers\Aluno.php(119): CodeIgniter\Model->update('63', Array)
#4 C:\wamp64\www\biblioteca\system\CodeIgniter.php(825): App\Controllers\Aluno->editar('63')
#5 C:\wamp64\www\biblioteca\system\CodeIgniter.php(412): CodeIgniter\CodeIgniter->runController(Object(App\Controllers\Aluno))
#6 C:\wamp64\www\biblioteca\system\CodeIgniter.php(320): CodeIgniter\CodeIgniter->handleRequest(NULL, Object(Config\Cache), false)
#7 C:\wamp64\www\biblioteca\public\index.php(37): CodeIgniter\CodeIgniter->run()
#8 {main}
CRITICAL - 2022-02-02 11:35:50 --> There is no data to update.
#0 C:\wamp64\www\biblioteca\system\BaseModel.php(1574): CodeIgniter\Database\Exceptions\DataException::forEmptyDataset('update')
#1 C:\wamp64\www\biblioteca\system\BaseModel.php(832): CodeIgniter\BaseModel->transformDataToArray(NULL, 'update')
#2 C:\wamp64\www\biblioteca\system\Model.php(651): CodeIgniter\BaseModel->update(Array, NULL)
#3 C:\wamp64\www\biblioteca\app\Controllers\Aluno.php(119): CodeIgniter\Model->update('63', NULL)
#4 C:\wamp64\www\biblioteca\system\CodeIgniter.php(825): App\Controllers\Aluno->editar('63')
#5 C:\wamp64\www\biblioteca\system\CodeIgniter.php(412): CodeIgniter\CodeIgniter->runController(Object(App\Controllers\Aluno))
#6 C:\wamp64\www\biblioteca\system\CodeIgniter.php(320): CodeIgniter\CodeIgniter->handleRequest(NULL, Object(Config\Cache), false)
#7 C:\wamp64\www\biblioteca\public\index.php(37): CodeIgniter\CodeIgniter->run()
#8 {main}
CRITICAL - 2022-02-02 11:36:38 --> There is no data to update.
#0 C:\wamp64\www\biblioteca\system\BaseModel.php(1574): CodeIgniter\Database\Exceptions\DataException::forEmptyDataset('update')
#1 C:\wamp64\www\biblioteca\system\BaseModel.php(832): CodeIgniter\BaseModel->transformDataToArray(NULL, 'update')
#2 C:\wamp64\www\biblioteca\system\Model.php(651): CodeIgniter\BaseModel->update(Array, NULL)
#3 C:\wamp64\www\biblioteca\app\Controllers\Aluno.php(119): CodeIgniter\Model->update('63', NULL)
#4 C:\wamp64\www\biblioteca\system\CodeIgniter.php(825): App\Controllers\Aluno->editar('63')
#5 C:\wamp64\www\biblioteca\system\CodeIgniter.php(412): CodeIgniter\CodeIgniter->runController(Object(App\Controllers\Aluno))
#6 C:\wamp64\www\biblioteca\system\CodeIgniter.php(320): CodeIgniter\CodeIgniter->handleRequest(NULL, Object(Config\Cache), false)
#7 C:\wamp64\www\biblioteca\public\index.php(37): CodeIgniter\CodeIgniter->run()
#8 {main}
CRITICAL - 2022-02-02 11:36:54 --> There is no data to update.
#0 C:\wamp64\www\biblioteca\system\BaseModel.php(1574): CodeIgniter\Database\Exceptions\DataException::forEmptyDataset('update')
#1 C:\wamp64\www\biblioteca\system\BaseModel.php(832): CodeIgniter\BaseModel->transformDataToArray(NULL, 'update')
#2 C:\wamp64\www\biblioteca\system\Model.php(651): CodeIgniter\BaseModel->update(Array, NULL)
#3 C:\wamp64\www\biblioteca\app\Controllers\Aluno.php(119): CodeIgniter\Model->update('js', NULL)
#4 C:\wamp64\www\biblioteca\system\CodeIgniter.php(825): App\Controllers\Aluno->editar('js', 'jquery-1.11.2.m...')
#5 C:\wamp64\www\biblioteca\system\CodeIgniter.php(412): CodeIgniter\CodeIgniter->runController(Object(App\Controllers\Aluno))
#6 C:\wamp64\www\biblioteca\system\CodeIgniter.php(320): CodeIgniter\CodeIgniter->handleRequest(NULL, Object(Config\Cache), false)
#7 C:\wamp64\www\biblioteca\public\index.php(37): CodeIgniter\CodeIgniter->run()
#8 {main}
CRITICAL - 2022-02-02 11:36:54 --> There is no data to update.
#0 C:\wamp64\www\biblioteca\system\BaseModel.php(1574): CodeIgniter\Database\Exceptions\DataException::forEmptyDataset('update')
#1 C:\wamp64\www\biblioteca\system\BaseModel.php(832): CodeIgniter\BaseModel->transformDataToArray(NULL, 'update')
#2 C:\wamp64\www\biblioteca\system\Model.php(651): CodeIgniter\BaseModel->update(Array, NULL)
#3 C:\wamp64\www\biblioteca\app\Controllers\Aluno.php(119): CodeIgniter\Model->update('js', NULL)
#4 C:\wamp64\www\biblioteca\system\CodeIgniter.php(825): App\Controllers\Aluno->editar('js', 'js.js')
#5 C:\wamp64\www\biblioteca\system\CodeIgniter.php(412): CodeIgniter\CodeIgniter->runController(Object(App\Controllers\Aluno))
#6 C:\wamp64\www\biblioteca\system\CodeIgniter.php(320): CodeIgniter\CodeIgniter->handleRequest(NULL, Object(Config\Cache), false)
#7 C:\wamp64\www\biblioteca\public\index.php(37): CodeIgniter\CodeIgniter->run()
#8 {main}
CRITICAL - 2022-02-02 11:36:55 --> There is no data to update.
#0 C:\wamp64\www\biblioteca\system\BaseModel.php(1574): CodeIgniter\Database\Exceptions\DataException::forEmptyDataset('update')
#1 C:\wamp64\www\biblioteca\system\BaseModel.php(832): CodeIgniter\BaseModel->transformDataToArray(NULL, 'update')
#2 C:\wamp64\www\biblioteca\system\Model.php(651): CodeIgniter\BaseModel->update(Array, NULL)
#3 C:\wamp64\www\biblioteca\app\Controllers\Aluno.php(119): CodeIgniter\Model->update('js', NULL)
#4 C:\wamp64\www\biblioteca\system\CodeIgniter.php(825): App\Controllers\Aluno->editar('js', 'js.js')
#5 C:\wamp64\www\biblioteca\system\CodeIgniter.php(412): CodeIgniter\CodeIgniter->runController(Object(App\Controllers\Aluno))
#6 C:\wamp64\www\biblioteca\system\CodeIgniter.php(320): CodeIgniter\CodeIgniter->handleRequest(NULL, Object(Config\Cache), false)
#7 C:\wamp64\www\biblioteca\public\index.php(37): CodeIgniter\CodeIgniter->run()
#8 {main}
ERROR - 2022-02-02 11:37:00 --> Duplicate entry '63' for key 'PRIMARY'
CRITICAL - 2022-02-02 11:37:17 --> There is no data to update.
#0 C:\wamp64\www\biblioteca\system\BaseModel.php(1574): CodeIgniter\Database\Exceptions\DataException::forEmptyDataset('update')
#1 C:\wamp64\www\biblioteca\system\BaseModel.php(832): CodeIgniter\BaseModel->transformDataToArray(NULL, 'update')
#2 C:\wamp64\www\biblioteca\system\Model.php(651): CodeIgniter\BaseModel->update(Array, NULL)
#3 C:\wamp64\www\biblioteca\app\Controllers\Aluno.php(119): CodeIgniter\Model->update('js', NULL)
#4 C:\wamp64\www\biblioteca\system\CodeIgniter.php(825): App\Controllers\Aluno->editar('js', 'js.js')
#5 C:\wamp64\www\biblioteca\system\CodeIgniter.php(412): CodeIgniter\CodeIgniter->runController(Object(App\Controllers\Aluno))
#6 C:\wamp64\www\biblioteca\system\CodeIgniter.php(320): CodeIgniter\CodeIgniter->handleRequest(NULL, Object(Config\Cache), false)
#7 C:\wamp64\www\biblioteca\public\index.php(37): CodeIgniter\CodeIgniter->run()
#8 {main}
CRITICAL - 2022-02-02 11:37:17 --> There is no data to update.
#0 C:\wamp64\www\biblioteca\system\BaseModel.php(1574): CodeIgniter\Database\Exceptions\DataException::forEmptyDataset('update')
#1 C:\wamp64\www\biblioteca\system\BaseModel.php(832): CodeIgniter\BaseModel->transformDataToArray(NULL, 'update')
#2 C:\wamp64\www\biblioteca\system\Model.php(651): CodeIgniter\BaseModel->update(Array, NULL)
#3 C:\wamp64\www\biblioteca\app\Controllers\Aluno.php(119): CodeIgniter\Model->update('js', NULL)
#4 C:\wamp64\www\biblioteca\system\CodeIgniter.php(825): App\Controllers\Aluno->editar('js', 'jquery-1.11.2.m...')
#5 C:\wamp64\www\biblioteca\system\CodeIgniter.php(412): CodeIgniter\CodeIgniter->runController(Object(App\Controllers\Aluno))
#6 C:\wamp64\www\biblioteca\system\CodeIgniter.php(320): CodeIgniter\CodeIgniter->handleRequest(NULL, Object(Config\Cache), false)
#7 C:\wamp64\www\biblioteca\public\index.php(37): CodeIgniter\CodeIgniter->run()
#8 {main}
CRITICAL - 2022-02-02 11:37:17 --> There is no data to update.
#0 C:\wamp64\www\biblioteca\system\BaseModel.php(1574): CodeIgniter\Database\Exceptions\DataException::forEmptyDataset('update')
#1 C:\wamp64\www\biblioteca\system\BaseModel.php(832): CodeIgniter\BaseModel->transformDataToArray(NULL, 'update')
#2 C:\wamp64\www\biblioteca\system\Model.php(651): CodeIgniter\BaseModel->update(Array, NULL)
#3 C:\wamp64\www\biblioteca\app\Controllers\Aluno.php(119): CodeIgniter\Model->update('js', NULL)
#4 C:\wamp64\www\biblioteca\system\CodeIgniter.php(825): App\Controllers\Aluno->editar('js', 'js.js')
#5 C:\wamp64\www\biblioteca\system\CodeIgniter.php(412): CodeIgniter\CodeIgniter->runController(Object(App\Controllers\Aluno))
#6 C:\wamp64\www\biblioteca\system\CodeIgniter.php(320): CodeIgniter\CodeIgniter->handleRequest(NULL, Object(Config\Cache), false)
#7 C:\wamp64\www\biblioteca\public\index.php(37): CodeIgniter\CodeIgniter->run()
#8 {main}
ERROR - 2022-02-02 11:37:21 --> Duplicate entry '63' for key 'PRIMARY'
CRITICAL - 2022-02-02 13:01:09 --> There is no data to update.
#0 C:\wamp64\www\biblioteca\system\BaseModel.php(1574): CodeIgniter\Database\Exceptions\DataException::forEmptyDataset('update')
#1 C:\wamp64\www\biblioteca\system\BaseModel.php(832): CodeIgniter\BaseModel->transformDataToArray(NULL, 'update')
#2 C:\wamp64\www\biblioteca\system\Model.php(651): CodeIgniter\BaseModel->update(Array, NULL)
#3 C:\wamp64\www\biblioteca\app\Controllers\Aluno.php(119): CodeIgniter\Model->update('js', NULL)
#4 C:\wamp64\www\biblioteca\system\CodeIgniter.php(825): App\Controllers\Aluno->editar('js', 'jquery-1.11.2.m...')
#5 C:\wamp64\www\biblioteca\system\CodeIgniter.php(412): CodeIgniter\CodeIgniter->runController(Object(App\Controllers\Aluno))
#6 C:\wamp64\www\biblioteca\system\CodeIgniter.php(320): CodeIgniter\CodeIgniter->handleRequest(NULL, Object(Config\Cache), false)
#7 C:\wamp64\www\biblioteca\public\index.php(37): CodeIgniter\CodeIgniter->run()
#8 {main}
CRITICAL - 2022-02-02 13:01:13 --> There is no data to update.
#0 C:\wamp64\www\biblioteca\system\BaseModel.php(1574): CodeIgniter\Database\Exceptions\DataException::forEmptyDataset('update')
#1 C:\wamp64\www\biblioteca\system\BaseModel.php(832): CodeIgniter\BaseModel->transformDataToArray(NULL, 'update')
#2 C:\wamp64\www\biblioteca\system\Model.php(651): CodeIgniter\BaseModel->update(Array, NULL)
#3 C:\wamp64\www\biblioteca\app\Controllers\Aluno.php(119): CodeIgniter\Model->update('js', NULL)
#4 C:\wamp64\www\biblioteca\system\CodeIgniter.php(825): App\Controllers\Aluno->editar('js', 'js.js')
#5 C:\wamp64\www\biblioteca\system\CodeIgniter.php(412): CodeIgniter\CodeIgniter->runController(Object(App\Controllers\Aluno))
#6 C:\wamp64\www\biblioteca\system\CodeIgniter.php(320): CodeIgniter\CodeIgniter->handleRequest(NULL, Object(Config\Cache), false)
#7 C:\wamp64\www\biblioteca\public\index.php(37): CodeIgniter\CodeIgniter->run()
#8 {main}
CRITICAL - 2022-02-02 13:18:58 --> Attempt to assign property '' of non-object
#0 C:\wamp64\www\biblioteca\app\Controllers\Aluno.php(30): CodeIgniter\Debug\Exceptions->errorHandler(2, 'Attempt to assi...', 'C:\\wamp64\\www\\b...', 30, Array)
#1 C:\wamp64\www\biblioteca\system\CodeIgniter.php(825): App\Controllers\Aluno->salvar()
#2 C:\wamp64\www\biblioteca\system\CodeIgniter.php(412): CodeIgniter\CodeIgniter->runController(Object(App\Controllers\Aluno))
#3 C:\wamp64\www\biblioteca\system\CodeIgniter.php(320): CodeIgniter\CodeIgniter->handleRequest(NULL, Object(Config\Cache), false)
#4 C:\wamp64\www\biblioteca\public\index.php(37): CodeIgniter\CodeIgniter->run()
#5 {main}
CRITICAL - 2022-02-02 13:19:35 --> Attempt to assign property '' of non-object
#0 C:\wamp64\www\biblioteca\app\Controllers\Aluno.php(30): CodeIgniter\Debug\Exceptions->errorHandler(2, 'Attempt to assi...', 'C:\\wamp64\\www\\b...', 30, Array)
#1 C:\wamp64\www\biblioteca\system\CodeIgniter.php(825): App\Controllers\Aluno->salvar()
#2 C:\wamp64\www\biblioteca\system\CodeIgniter.php(412): CodeIgniter\CodeIgniter->runController(Object(App\Controllers\Aluno))
#3 C:\wamp64\www\biblioteca\system\CodeIgniter.php(320): CodeIgniter\CodeIgniter->handleRequest(NULL, Object(Config\Cache), false)
#4 C:\wamp64\www\biblioteca\public\index.php(37): CodeIgniter\CodeIgniter->run()
#5 {main}
ERROR - 2022-02-02 13:22:47 --> Duplicate entry '63' for key 'PRIMARY'
ERROR - 2022-02-02 13:22:59 --> Duplicate entry '63' for key 'PRIMARY'
ERROR - 2022-02-02 13:23:22 --> Duplicate entry '63' for key 'PRIMARY'
ERROR - 2022-02-02 13:28:12 --> Duplicate entry '63' for key 'PRIMARY'
ERROR - 2022-02-02 13:34:43 --> Duplicate entry '63' for key 'PRIMARY'
ERROR - 2022-02-02 13:35:23 --> Duplicate entry '63' for key 'PRIMARY'
ERROR - 2022-02-02 13:35:55 --> Duplicate entry '61' for key 'PRIMARY'
ERROR - 2022-02-02 13:37:27 --> Duplicate entry '63' for key 'PRIMARY'
CRITICAL - 2022-02-02 13:42:14 --> Too few arguments to function App\Controllers\Aluno::salvar(), 0 passed in C:\wamp64\www\biblioteca\system\CodeIgniter.php on line 825 and exactly 1 expected
#0 C:\wamp64\www\biblioteca\system\CodeIgniter.php(825): App\Controllers\Aluno->salvar()
#1 C:\wamp64\www\biblioteca\system\CodeIgniter.php(412): CodeIgniter\CodeIgniter->runController(Object(App\Controllers\Aluno))
#2 C:\wamp64\www\biblioteca\system\CodeIgniter.php(320): CodeIgniter\CodeIgniter->handleRequest(NULL, Object(Config\Cache), false)
#3 C:\wamp64\www\biblioteca\public\index.php(37): CodeIgniter\CodeIgniter->run()
#4 {main}
CRITICAL - 2022-02-02 13:43:26 --> There is no data to insert.
#0 C:\wamp64\www\biblioteca\system\BaseModel.php(1574): CodeIgniter\Database\Exceptions\DataException::forEmptyDataset('insert')
#1 C:\wamp64\www\biblioteca\system\BaseModel.php(704): CodeIgniter\BaseModel->transformDataToArray(Array, 'insert')
#2 C:\wamp64\www\biblioteca\system\Model.php(625): CodeIgniter\BaseModel->insert(Array, true)
#3 C:\wamp64\www\biblioteca\app\Controllers\Aluno.php(29): CodeIgniter\Model->insert(Array)
#4 C:\wamp64\www\biblioteca\system\CodeIgniter.php(825): App\Controllers\Aluno->salvar()
#5 C:\wamp64\www\biblioteca\system\CodeIgniter.php(412): CodeIgniter\CodeIgniter->runController(Object(App\Controllers\Aluno))
#6 C:\wamp64\www\biblioteca\system\CodeIgniter.php(320): CodeIgniter\CodeIgniter->handleRequest(NULL, Object(Config\Cache), false)
#7 C:\wamp64\www\biblioteca\public\index.php(37): CodeIgniter\CodeIgniter->run()
#8 {main}
ERROR - 2022-02-02 13:44:02 --> Duplicate entry '63' for key 'PRIMARY'
CRITICAL - 2022-02-02 13:48:29 --> Too few arguments to function App\Controllers\Aluno::salvar(), 0 passed in C:\wamp64\www\biblioteca\system\CodeIgniter.php on line 825 and exactly 1 expected
#0 C:\wamp64\www\biblioteca\system\CodeIgniter.php(825): App\Controllers\Aluno->salvar()
#1 C:\wamp64\www\biblioteca\system\CodeIgniter.php(412): CodeIgniter\CodeIgniter->runController(Object(App\Controllers\Aluno))
#2 C:\wamp64\www\biblioteca\system\CodeIgniter.php(320): CodeIgniter\CodeIgniter->handleRequest(NULL, Object(Config\Cache), false)
#3 C:\wamp64\www\biblioteca\public\index.php(37): CodeIgniter\CodeIgniter->run()
#4 {main}
CRITICAL - 2022-02-02 13:49:22 --> Too few arguments to function App\Controllers\Aluno::salvar(), 0 passed in C:\wamp64\www\biblioteca\system\CodeIgniter.php on line 825 and exactly 1 expected
#0 C:\wamp64\www\biblioteca\system\CodeIgniter.php(825): App\Controllers\Aluno->salvar()
#1 C:\wamp64\www\biblioteca\system\CodeIgniter.php(412): CodeIgniter\CodeIgniter->runController(Object(App\Controllers\Aluno))
#2 C:\wamp64\www\biblioteca\system\CodeIgniter.php(320): CodeIgniter\CodeIgniter->handleRequest(NULL, Object(Config\Cache), false)
#3 C:\wamp64\www\biblioteca\public\index.php(37): CodeIgniter\CodeIgniter->run()
#4 {main}
CRITICAL - 2022-02-02 13:50:36 --> Too few arguments to function App\Controllers\Aluno::salvar(), 0 passed in C:\wamp64\www\biblioteca\system\CodeIgniter.php on line 825 and exactly 1 expected
#0 C:\wamp64\www\biblioteca\system\CodeIgniter.php(825): App\Controllers\Aluno->salvar()
#1 C:\wamp64\www\biblioteca\system\CodeIgniter.php(412): CodeIgniter\CodeIgniter->runController(Object(App\Controllers\Aluno))
#2 C:\wamp64\www\biblioteca\system\CodeIgniter.php(320): CodeIgniter\CodeIgniter->handleRequest(NULL, Object(Config\Cache), false)
#3 C:\wamp64\www\biblioteca\public\index.php(37): CodeIgniter\CodeIgniter->run()
#4 {main}
CRITICAL - 2022-02-02 13:51:58 --> Too few arguments to function App\Controllers\Aluno::salvar(), 0 passed in C:\wamp64\www\biblioteca\system\CodeIgniter.php on line 825 and exactly 1 expected
#0 C:\wamp64\www\biblioteca\system\CodeIgniter.php(825): App\Controllers\Aluno->salvar()
#1 C:\wamp64\www\biblioteca\system\CodeIgniter.php(412): CodeIgniter\CodeIgniter->runController(Object(App\Controllers\Aluno))
#2 C:\wamp64\www\biblioteca\system\CodeIgniter.php(320): CodeIgniter\CodeIgniter->handleRequest(NULL, Object(Config\Cache), false)
#3 C:\wamp64\www\biblioteca\public\index.php(37): CodeIgniter\CodeIgniter->run()
#4 {main}
CRITICAL - 2022-02-02 13:52:18 --> Too few arguments to function App\Controllers\Aluno::salvar(), 0 passed in C:\wamp64\www\biblioteca\system\CodeIgniter.php on line 825 and exactly 1 expected
#0 C:\wamp64\www\biblioteca\system\CodeIgniter.php(825): App\Controllers\Aluno->salvar()
#1 C:\wamp64\www\biblioteca\system\CodeIgniter.php(412): CodeIgniter\CodeIgniter->runController(Object(App\Controllers\Aluno))
#2 C:\wamp64\www\biblioteca\system\CodeIgniter.php(320): CodeIgniter\CodeIgniter->handleRequest(NULL, Object(Config\Cache), false)
#3 C:\wamp64\www\biblioteca\public\index.php(37): CodeIgniter\CodeIgniter->run()
#4 {main}
CRITICAL - 2022-02-02 13:53:29 --> Too few arguments to function App\Controllers\Aluno::salvar(), 0 passed in C:\wamp64\www\biblioteca\system\CodeIgniter.php on line 825 and exactly 1 expected
#0 C:\wamp64\www\biblioteca\system\CodeIgniter.php(825): App\Controllers\Aluno->salvar()
#1 C:\wamp64\www\biblioteca\system\CodeIgniter.php(412): CodeIgniter\CodeIgniter->runController(Object(App\Controllers\Aluno))
#2 C:\wamp64\www\biblioteca\system\CodeIgniter.php(320): CodeIgniter\CodeIgniter->handleRequest(NULL, Object(Config\Cache), false)
#3 C:\wamp64\www\biblioteca\public\index.php(37): CodeIgniter\CodeIgniter->run()
#4 {main}
ERROR - 2022-02-02 14:01:46 --> Duplicate entry '72' for key 'PRIMARY'
ERROR - 2022-02-02 14:03:26 --> Duplicate entry '72' for key 'PRIMARY'
ERROR - 2022-02-02 14:06:40 --> Duplicate entry '72' for key 'PRIMARY'
ERROR - 2022-02-02 14:09:43 --> Duplicate entry '72' for key 'PRIMARY'
ERROR - 2022-02-02 14:10:14 --> Duplicate entry '72' for key 'PRIMARY'
ERROR - 2022-02-02 14:20:15 --> Duplicate entry '72' for key 'PRIMARY'
ERROR - 2022-02-02 14:23:29 --> Duplicate entry '72' for key 'PRIMARY'
ERROR - 2022-02-02 14:24:01 --> Duplicate entry '72' for key 'PRIMARY'
ERROR - 2022-02-02 14:24:23 --> Duplicate entry '72' for key 'PRIMARY'
ERROR - 2022-02-02 14:26:15 --> Duplicate entry '72' for key 'PRIMARY'
ERROR - 2022-02-02 14:26:53 --> Duplicate entry '72' for key 'PRIMARY'
ERROR - 2022-02-02 14:32:04 --> Duplicate entry '61' for key 'PRIMARY'
ERROR - 2022-02-02 14:32:11 --> Duplicate entry '72' for key 'PRIMARY'
ERROR - 2022-02-02 14:35:41 --> Duplicate entry '63' for key 'PRIMARY'
ERROR - 2022-02-02 14:35:48 --> Duplicate entry '63' for key 'PRIMARY'
ERROR - 2022-02-02 14:39:13 --> Duplicate entry '72' for key 'PRIMARY'
ERROR - 2022-02-02 14:45:07 --> Duplicate entry '72' for key 'PRIMARY'
ERROR - 2022-02-02 14:46:19 --> Duplicate entry '72' for key 'PRIMARY'
ERROR - 2022-02-02 14:47:18 --> Duplicate entry '72' for key 'PRIMARY'
ERROR - 2022-02-02 14:47:39 --> Duplicate entry '72' for key 'PRIMARY'
ERROR - 2022-02-02 14:47:57 --> Duplicate entry '63' for key 'PRIMARY'
ERROR - 2022-02-02 14:48:16 --> Duplicate entry '63' for key 'PRIMARY'
ERROR - 2022-02-02 14:54:52 --> Duplicate entry '72' for key 'PRIMARY'
ERROR - 2022-02-02 14:55:39 --> Duplicate entry '0' for key 'PRIMARY'
ERROR - 2022-02-02 14:55:57 --> Duplicate entry '0' for key 'PRIMARY'
ERROR - 2022-02-02 14:56:40 --> Duplicate entry '0' for key 'PRIMARY'
ERROR - 2022-02-02 14:56:55 --> Duplicate entry '63' for key 'PRIMARY'
ERROR - 2022-02-02 14:58:06 --> Duplicate entry '61' for key 'PRIMARY'
ERROR - 2022-02-02 14:58:15 --> Duplicate entry '0' for key 'PRIMARY'
ERROR - 2022-02-02 15:00:26 --> Duplicate entry '0' for key 'PRIMARY'
ERROR - 2022-02-02 15:00:33 --> Duplicate entry '63' for key 'PRIMARY'
ERROR - 2022-02-02 15:01:34 --> Duplicate entry '0' for key 'PRIMARY'
ERROR - 2022-02-02 15:05:43 --> Duplicate entry '61' for key 'PRIMARY'
ERROR - 2022-02-02 15:05:52 --> Duplicate entry '76' for key 'PRIMARY'
ERROR - 2022-02-02 15:06:34 --> Duplicate entry '76' for key 'PRIMARY'
ERROR - 2022-02-02 15:07:51 --> Duplicate entry '77' for key 'PRIMARY'
ERROR - 2022-02-02 15:08:15 --> Duplicate entry '63' for key 'PRIMARY'
ERROR - 2022-02-02 15:08:30 --> Duplicate entry '63' for key 'PRIMARY'
ERROR - 2022-02-02 15:08:52 --> Duplicate entry '63' for key 'PRIMARY'
ERROR - 2022-02-02 15:09:58 --> Duplicate entry '63' for key 'PRIMARY'
ERROR - 2022-02-02 15:10:21 --> Duplicate entry '63' for key 'PRIMARY'
ERROR - 2022-02-02 15:10:39 --> Duplicate entry '63' for key 'PRIMARY'
ERROR - 2022-02-02 15:11:12 --> Duplicate entry '63' for key 'PRIMARY'
ERROR - 2022-02-02 15:12:26 --> Duplicate entry '63' for key 'PRIMARY'
ERROR - 2022-02-02 15:16:16 --> Duplicate entry '63' for key 'PRIMARY'
