ERROR - 2022-01-28 05:24:24 --> Unknown column 'referencia' in 'field list'
ERROR - 2022-01-28 06:02:06 --> Column 'data_nascimento' cannot be null
ERROR - 2022-01-28 06:32:55 --> Column 'data_nascimento' cannot be null
CRITICAL - 2022-01-28 07:03:21 --> There is no data to insert.
#0 C:\wamp64\www\biblioteca\system\BaseModel.php(1574): CodeIgniter\Database\Exceptions\DataException::forEmptyDataset('insert')
#1 C:\wamp64\www\biblioteca\system\BaseModel.php(704): CodeIgniter\BaseModel->transformDataToArray(Array, 'insert')
#2 C:\wamp64\www\biblioteca\system\Model.php(625): CodeIgniter\BaseModel->insert(Array, true)
#3 C:\wamp64\www\biblioteca\app\Controllers\Aluno.php(52): CodeIgniter\Model->insert(Array)
#4 C:\wamp64\www\biblioteca\system\CodeIgniter.php(825): App\Controllers\Aluno->salvar_record()
#5 C:\wamp64\www\biblioteca\system\CodeIgniter.php(412): CodeIgniter\CodeIgniter->runController(Object(App\Controllers\Aluno))
#6 C:\wamp64\www\biblioteca\system\CodeIgniter.php(320): CodeIgniter\CodeIgniter->handleRequest(NULL, Object(Config\Cache), false)
#7 C:\wamp64\www\biblioteca\public\index.php(37): CodeIgniter\CodeIgniter->run()
#8 {main}
CRITICAL - 2022-01-28 07:06:20 --> Argument 1 passed to view() must be of the type string, null given, called in C:\wamp64\www\biblioteca\app\Views\template.php on line 20
#0 C:\wamp64\www\biblioteca\app\Views\template.php(20): view(NULL)
#1 C:\wamp64\www\biblioteca\system\View\View.php(210): include('C:\\wamp64\\www\\b...')
#2 C:\wamp64\www\biblioteca\system\View\View.php(213): CodeIgniter\View\View->CodeIgniter\View\{closure}()
#3 C:\wamp64\www\biblioteca\system\Common.php(1089): CodeIgniter\View\View->render('template', Array, true)
#4 C:\wamp64\www\biblioteca\app\Controllers\Aluno.php(53): view('template')
#5 C:\wamp64\www\biblioteca\system\CodeIgniter.php(825): App\Controllers\Aluno->salvar_record()
#6 C:\wamp64\www\biblioteca\system\CodeIgniter.php(412): CodeIgniter\CodeIgniter->runController(Object(App\Controllers\Aluno))
#7 C:\wamp64\www\biblioteca\system\CodeIgniter.php(320): CodeIgniter\CodeIgniter->handleRequest(NULL, Object(Config\Cache), false)
#8 C:\wamp64\www\biblioteca\public\index.php(37): CodeIgniter\CodeIgniter->run()
#9 {main}
CRITICAL - 2022-01-28 12:01:55 --> Argument 2 passed to view() must be of the type array, object given, called in C:\wamp64\www\biblioteca\app\Controllers\Aluno.php on line 14
#0 C:\wamp64\www\biblioteca\app\Controllers\Aluno.php(14): view('template', Object(App\Models\AlunoModel))
#1 C:\wamp64\www\biblioteca\system\CodeIgniter.php(825): App\Controllers\Aluno->index()
#2 C:\wamp64\www\biblioteca\system\CodeIgniter.php(412): CodeIgniter\CodeIgniter->runController(Object(App\Controllers\Aluno))
#3 C:\wamp64\www\biblioteca\system\CodeIgniter.php(320): CodeIgniter\CodeIgniter->handleRequest(NULL, Object(Config\Cache), false)
#4 C:\wamp64\www\biblioteca\public\index.php(37): CodeIgniter\CodeIgniter->run()
#5 {main}
CRITICAL - 2022-01-28 12:02:00 --> Argument 2 passed to view() must be of the type array, object given, called in C:\wamp64\www\biblioteca\app\Controllers\Aluno.php on line 14
#0 C:\wamp64\www\biblioteca\app\Controllers\Aluno.php(14): view('template', Object(App\Models\AlunoModel))
#1 C:\wamp64\www\biblioteca\system\CodeIgniter.php(825): App\Controllers\Aluno->index()
#2 C:\wamp64\www\biblioteca\system\CodeIgniter.php(412): CodeIgniter\CodeIgniter->runController(Object(App\Controllers\Aluno))
#3 C:\wamp64\www\biblioteca\system\CodeIgniter.php(320): CodeIgniter\CodeIgniter->handleRequest(NULL, Object(Config\Cache), false)
#4 C:\wamp64\www\biblioteca\public\index.php(37): CodeIgniter\CodeIgniter->run()
#5 {main}
CRITICAL - 2022-01-28 12:03:18 --> Cannot use object of type App\Models\AlunoModel as array
#0 C:\wamp64\www\biblioteca\system\CodeIgniter.php(825): App\Controllers\Aluno->index()
#1 C:\wamp64\www\biblioteca\system\CodeIgniter.php(412): CodeIgniter\CodeIgniter->runController(Object(App\Controllers\Aluno))
#2 C:\wamp64\www\biblioteca\system\CodeIgniter.php(320): CodeIgniter\CodeIgniter->handleRequest(NULL, Object(Config\Cache), false)
#3 C:\wamp64\www\biblioteca\public\index.php(37): CodeIgniter\CodeIgniter->run()
#4 {main}
CRITICAL - 2022-01-28 12:14:31 --> Call to a member function get() on null
#0 C:\wamp64\www\biblioteca\system\CodeIgniter.php(825): App\Controllers\Aluno->index()
#1 C:\wamp64\www\biblioteca\system\CodeIgniter.php(412): CodeIgniter\CodeIgniter->runController(Object(App\Controllers\Aluno))
#2 C:\wamp64\www\biblioteca\system\CodeIgniter.php(320): CodeIgniter\CodeIgniter->handleRequest(NULL, Object(Config\Cache), false)
#3 C:\wamp64\www\biblioteca\public\index.php(37): CodeIgniter\CodeIgniter->run()
#4 {main}
CRITICAL - 2022-01-28 12:15:03 --> Call to a member function get() on null
#0 C:\wamp64\www\biblioteca\system\CodeIgniter.php(825): App\Controllers\Aluno->index()
#1 C:\wamp64\www\biblioteca\system\CodeIgniter.php(412): CodeIgniter\CodeIgniter->runController(Object(App\Controllers\Aluno))
#2 C:\wamp64\www\biblioteca\system\CodeIgniter.php(320): CodeIgniter\CodeIgniter->handleRequest(NULL, Object(Config\Cache), false)
#3 C:\wamp64\www\biblioteca\public\index.php(37): CodeIgniter\CodeIgniter->run()
#4 {main}
CRITICAL - 2022-01-28 12:15:08 --> Call to a member function get() on null
#0 C:\wamp64\www\biblioteca\system\CodeIgniter.php(825): App\Controllers\Aluno->index()
#1 C:\wamp64\www\biblioteca\system\CodeIgniter.php(412): CodeIgniter\CodeIgniter->runController(Object(App\Controllers\Aluno))
#2 C:\wamp64\www\biblioteca\system\CodeIgniter.php(320): CodeIgniter\CodeIgniter->handleRequest(NULL, Object(Config\Cache), false)
#3 C:\wamp64\www\biblioteca\public\index.php(37): CodeIgniter\CodeIgniter->run()
#4 {main}
CRITICAL - 2022-01-28 12:17:03 --> Call to a member function table() on null
#0 C:\wamp64\www\biblioteca\system\CodeIgniter.php(825): App\Controllers\Aluno->index()
#1 C:\wamp64\www\biblioteca\system\CodeIgniter.php(412): CodeIgniter\CodeIgniter->runController(Object(App\Controllers\Aluno))
#2 C:\wamp64\www\biblioteca\system\CodeIgniter.php(320): CodeIgniter\CodeIgniter->handleRequest(NULL, Object(Config\Cache), false)
#3 C:\wamp64\www\biblioteca\public\index.php(37): CodeIgniter\CodeIgniter->run()
#4 {main}
CRITICAL - 2022-01-28 12:17:54 --> Call to a member function getCompiledSelect() on null
#0 C:\wamp64\www\biblioteca\system\CodeIgniter.php(825): App\Controllers\Aluno->index()
#1 C:\wamp64\www\biblioteca\system\CodeIgniter.php(412): CodeIgniter\CodeIgniter->runController(Object(App\Controllers\Aluno))
#2 C:\wamp64\www\biblioteca\system\CodeIgniter.php(320): CodeIgniter\CodeIgniter->handleRequest(NULL, Object(Config\Cache), false)
#3 C:\wamp64\www\biblioteca\public\index.php(37): CodeIgniter\CodeIgniter->run()
#4 {main}
CRITICAL - 2022-01-28 12:18:16 --> Call to a member function getCompiledSelect() on null
#0 C:\wamp64\www\biblioteca\system\CodeIgniter.php(825): App\Controllers\Aluno->index()
#1 C:\wamp64\www\biblioteca\system\CodeIgniter.php(412): CodeIgniter\CodeIgniter->runController(Object(App\Controllers\Aluno))
#2 C:\wamp64\www\biblioteca\system\CodeIgniter.php(320): CodeIgniter\CodeIgniter->handleRequest(NULL, Object(Config\Cache), false)
#3 C:\wamp64\www\biblioteca\public\index.php(37): CodeIgniter\CodeIgniter->run()
#4 {main}
CRITICAL - 2022-01-28 12:18:56 --> Call to a member function getCompiledSelect() on null
#0 C:\wamp64\www\biblioteca\system\CodeIgniter.php(825): App\Controllers\Aluno->index()
#1 C:\wamp64\www\biblioteca\system\CodeIgniter.php(412): CodeIgniter\CodeIgniter->runController(Object(App\Controllers\Aluno))
#2 C:\wamp64\www\biblioteca\system\CodeIgniter.php(320): CodeIgniter\CodeIgniter->handleRequest(NULL, Object(Config\Cache), false)
#3 C:\wamp64\www\biblioteca\public\index.php(37): CodeIgniter\CodeIgniter->run()
#4 {main}
CRITICAL - 2022-01-28 12:19:14 --> Call to a member function getCompiledSelect() on null
#0 C:\wamp64\www\biblioteca\system\CodeIgniter.php(825): App\Controllers\Aluno->index()
#1 C:\wamp64\www\biblioteca\system\CodeIgniter.php(412): CodeIgniter\CodeIgniter->runController(Object(App\Controllers\Aluno))
#2 C:\wamp64\www\biblioteca\system\CodeIgniter.php(320): CodeIgniter\CodeIgniter->handleRequest(NULL, Object(Config\Cache), false)
#3 C:\wamp64\www\biblioteca\public\index.php(37): CodeIgniter\CodeIgniter->run()
#4 {main}
CRITICAL - 2022-01-28 12:21:54 --> Call to a member function table() on null
#0 C:\wamp64\www\biblioteca\system\CodeIgniter.php(825): App\Controllers\Aluno->index()
#1 C:\wamp64\www\biblioteca\system\CodeIgniter.php(412): CodeIgniter\CodeIgniter->runController(Object(App\Controllers\Aluno))
#2 C:\wamp64\www\biblioteca\system\CodeIgniter.php(320): CodeIgniter\CodeIgniter->handleRequest(NULL, Object(Config\Cache), false)
#3 C:\wamp64\www\biblioteca\public\index.php(37): CodeIgniter\CodeIgniter->run()
#4 {main}
CRITICAL - 2022-01-28 12:23:50 --> Call to a member function table() on null
#0 C:\wamp64\www\biblioteca\system\CodeIgniter.php(825): App\Controllers\Aluno->index()
#1 C:\wamp64\www\biblioteca\system\CodeIgniter.php(412): CodeIgniter\CodeIgniter->runController(Object(App\Controllers\Aluno))
#2 C:\wamp64\www\biblioteca\system\CodeIgniter.php(320): CodeIgniter\CodeIgniter->handleRequest(NULL, Object(Config\Cache), false)
#3 C:\wamp64\www\biblioteca\public\index.php(37): CodeIgniter\CodeIgniter->run()
#4 {main}
CRITICAL - 2022-01-28 12:24:17 --> Call to a member function table() on null
#0 C:\wamp64\www\biblioteca\system\CodeIgniter.php(825): App\Controllers\Aluno->index()
#1 C:\wamp64\www\biblioteca\system\CodeIgniter.php(412): CodeIgniter\CodeIgniter->runController(Object(App\Controllers\Aluno))
#2 C:\wamp64\www\biblioteca\system\CodeIgniter.php(320): CodeIgniter\CodeIgniter->handleRequest(NULL, Object(Config\Cache), false)
#3 C:\wamp64\www\biblioteca\public\index.php(37): CodeIgniter\CodeIgniter->run()
#4 {main}
CRITICAL - 2022-01-28 12:26:11 --> Call to a member function select() on null
#0 C:\wamp64\www\biblioteca\system\CodeIgniter.php(825): App\Controllers\Aluno->index()
#1 C:\wamp64\www\biblioteca\system\CodeIgniter.php(412): CodeIgniter\CodeIgniter->runController(Object(App\Controllers\Aluno))
#2 C:\wamp64\www\biblioteca\system\CodeIgniter.php(320): CodeIgniter\CodeIgniter->handleRequest(NULL, Object(Config\Cache), false)
#3 C:\wamp64\www\biblioteca\public\index.php(37): CodeIgniter\CodeIgniter->run()
#4 {main}
CRITICAL - 2022-01-28 12:40:31 --> Call to a member function table() on null
#0 C:\wamp64\www\biblioteca\system\CodeIgniter.php(825): App\Controllers\Aluno->index()
#1 C:\wamp64\www\biblioteca\system\CodeIgniter.php(412): CodeIgniter\CodeIgniter->runController(Object(App\Controllers\Aluno))
#2 C:\wamp64\www\biblioteca\system\CodeIgniter.php(320): CodeIgniter\CodeIgniter->handleRequest(NULL, Object(Config\Cache), false)
#3 C:\wamp64\www\biblioteca\public\index.php(37): CodeIgniter\CodeIgniter->run()
#4 {main}
CRITICAL - 2022-01-28 12:42:31 --> Call to a member function table() on null
#0 C:\wamp64\www\biblioteca\system\CodeIgniter.php(825): App\Controllers\Aluno->index()
#1 C:\wamp64\www\biblioteca\system\CodeIgniter.php(412): CodeIgniter\CodeIgniter->runController(Object(App\Controllers\Aluno))
#2 C:\wamp64\www\biblioteca\system\CodeIgniter.php(320): CodeIgniter\CodeIgniter->handleRequest(NULL, Object(Config\Cache), false)
#3 C:\wamp64\www\biblioteca\public\index.php(37): CodeIgniter\CodeIgniter->run()
#4 {main}
CRITICAL - 2022-01-28 12:56:28 --> Call to undefined method CodeIgniter\View\View::printArray()
#0 C:\wamp64\www\biblioteca\system\View\View.php(210): include()
#1 C:\wamp64\www\biblioteca\system\View\View.php(213): CodeIgniter\View\View->CodeIgniter\View\{closure}()
#2 C:\wamp64\www\biblioteca\system\Common.php(1089): CodeIgniter\View\View->render('v_lstAluno', Array, true)
#3 C:\wamp64\www\biblioteca\app\Views\template.php(20): view('v_lstAluno')
#4 C:\wamp64\www\biblioteca\system\View\View.php(210): include('C:\\wamp64\\www\\b...')
#5 C:\wamp64\www\biblioteca\system\View\View.php(213): CodeIgniter\View\View->CodeIgniter\View\{closure}()
#6 C:\wamp64\www\biblioteca\system\Common.php(1089): CodeIgniter\View\View->render('template', Array, true)
#7 C:\wamp64\www\biblioteca\app\Controllers\Aluno.php(19): view('template', Array)
#8 C:\wamp64\www\biblioteca\system\CodeIgniter.php(825): App\Controllers\Aluno->index()
#9 C:\wamp64\www\biblioteca\system\CodeIgniter.php(412): CodeIgniter\CodeIgniter->runController(Object(App\Controllers\Aluno))
#10 C:\wamp64\www\biblioteca\system\CodeIgniter.php(320): CodeIgniter\CodeIgniter->handleRequest(NULL, Object(Config\Cache), false)
#11 C:\wamp64\www\biblioteca\public\index.php(37): CodeIgniter\CodeIgniter->run()
#12 {main}
CRITICAL - 2022-01-28 13:22:24 --> Object of class CodeIgniter\Database\MySQLi\Connection could not be converted to string
#0 C:\wamp64\www\biblioteca\app\Controllers\Aluno.php(13): CodeIgniter\Debug\Exceptions->errorHandler(4096, 'Object of class...', 'C:\\wamp64\\www\\b...', 13, Array)
#1 C:\wamp64\www\biblioteca\system\CodeIgniter.php(825): App\Controllers\Aluno->index()
#2 C:\wamp64\www\biblioteca\system\CodeIgniter.php(412): CodeIgniter\CodeIgniter->runController(Object(App\Controllers\Aluno))
#3 C:\wamp64\www\biblioteca\system\CodeIgniter.php(320): CodeIgniter\CodeIgniter->handleRequest(NULL, Object(Config\Cache), false)
#4 C:\wamp64\www\biblioteca\public\index.php(37): CodeIgniter\CodeIgniter->run()
#5 {main}
CRITICAL - 2022-01-28 13:23:04 --> Object of class CodeIgniter\Database\MySQLi\Connection could not be converted to string
#0 C:\wamp64\www\biblioteca\app\Controllers\Aluno.php(13): CodeIgniter\Debug\Exceptions->errorHandler(4096, 'Object of class...', 'C:\\wamp64\\www\\b...', 13, Array)
#1 C:\wamp64\www\biblioteca\system\CodeIgniter.php(825): App\Controllers\Aluno->index()
#2 C:\wamp64\www\biblioteca\system\CodeIgniter.php(412): CodeIgniter\CodeIgniter->runController(Object(App\Controllers\Aluno))
#3 C:\wamp64\www\biblioteca\system\CodeIgniter.php(320): CodeIgniter\CodeIgniter->handleRequest(NULL, Object(Config\Cache), false)
#4 C:\wamp64\www\biblioteca\public\index.php(37): CodeIgniter\CodeIgniter->run()
#5 {main}
